<Event xmlns='http://schemas.microsoft.com/win/2004/08/events/event'><System><Provider Name='Microsoft-Windows-Security-Auditing' Guid='{54849625-5478-4994-A5BA-3E3B0328C30D}'/><EventID>4688</EventID><Version>2</Version><Level>0</Level><Task>13312</Task><Opcode>0</Opcode><Keywords>0x8020000000000000</Keywords><TimeCreated SystemTime='2022-09-08T19:03:48.498082500Z'/><EventRecordID>335393</EventRecordID><Correlation/><Execution ProcessID='4' ThreadID='5288'/><Channel>Security</Channel><Computer>win-host-mvelazco-02713-447.attackrange.local</Computer><Security/></System><EventData><Data Name='SubjectUserSid'>NT AUTHORITY\SYSTEM</Data><Data Name='SubjectUserName'>WIN-HOST-MVELAZ$</Data><Data Name='SubjectDomainName'>ATTACKRANGE</Data><Data Name='SubjectLogonId'>0x3e7</Data><Data Name='NewProcessId'>0x600</Data><Data Name='NewProcessName'>C:\Program Files\SplunkUniversalForwarder\bin\splunk-regmon.exe</Data><Data Name='TokenElevationType'>%%1936</Data><Data Name='ProcessId'>0x7d4</Data><Data Name='CommandLine'>"C:\Program Files\SplunkUniversalForwarder\bin\splunk-regmon.exe"</Data><Data Name='TargetUserSid'>NULL SID</Data><Data Name='TargetUserName'>-</Data><Data Name='TargetDomainName'>-</Data><Data Name='TargetLogonId'>0x0</Data><Data Name='ParentProcessName'>C:\Program Files\SplunkUniversalForwarder\bin\splunkd.exe</Data><Data Name='MandatoryLabel'>Mandatory Label\System Mandatory Level</Data></EventData></Event>
<Event xmlns='http://schemas.microsoft.com/win/2004/08/events/event'><System><Provider Name='Microsoft-Windows-Security-Auditing' Guid='{54849625-5478-4994-A5BA-3E3B0328C30D}'/><EventID>4776</EventID><Version>0</Version><Level>0</Level><Task>14336</Task><Opcode>0</Opcode><Keywords>0x8010000000000000</Keywords><TimeCreated SystemTime='2022-09-08T19:03:49.998830500Z'/><EventRecordID>391604</EventRecordID><Correlation/><Execution ProcessID='644' ThreadID='6100'/><Channel>Security</Channel><Computer>win-dc-mvelazco-02713-392.attackrange.local</Computer><Security/></System><EventData><Data Name='PackageName'>MICROSOFT_AUTHENTICATION_PACKAGE_V1_0</Data><Data Name='TargetUserName'>JZLBZIIN</Data><Data Name='Workstation'>WIN-HOST-MVELAZ</Data><Data Name='Status'>0xc0000064</Data></EventData></Event>
<Event xmlns='http://schemas.microsoft.com/win/2004/08/events/event'><System><Provider Name='Microsoft-Windows-Security-Auditing' Guid='{54849625-5478-4994-A5BA-3E3B0328C30D}'/><EventID>4776</EventID><Version>0</Version><Level>0</Level><Task>14336</Task><Opcode>0</Opcode><Keywords>0x8010000000000000</Keywords><TimeCreated SystemTime='2022-09-08T19:03:49.996182500Z'/><EventRecordID>391603</EventRecordID><Correlation/><Execution ProcessID='644' ThreadID='6100'/><Channel>Security</Channel><Computer>win-dc-mvelazco-02713-392.attackrange.local</Computer><Security/></System><EventData><Data Name='PackageName'>MICROSOFT_AUTHENTICATION_PACKAGE_V1_0</Data><Data Name='TargetUserName'>UZGSFMGI</Data><Data Name='Workstation'>WIN-HOST-MVELAZ</Data><Data Name='Status'>0xc0000064</Data></EventData></Event>
<Event xmlns='http://schemas.microsoft.com/win/2004/08/events/event'><System><Provider Name='Microsoft-Windows-Security-Auditing' Guid='{54849625-5478-4994-A5BA-3E3B0328C30D}'/><EventID>4776</EventID><Version>0</Version><Level>0</Level><Task>14336</Task><Opcode>0</Opcode><Keywords>0x8010000000000000</Keywords><TimeCreated SystemTime='2022-09-08T19:03:49.994662000Z'/><EventRecordID>391602</EventRecordID><Correlation/><Execution ProcessID='644' ThreadID='6100'/><Channel>Security</Channel><Computer>win-dc-mvelazco-02713-392.attackrange.local</Computer><Security/></System><EventData><Data Name='PackageName'>MICROSOFT_AUTHENTICATION_PACKAGE_V1_0</Data><Data Name='TargetUserName'>MEAFWNDR</Data><Data Name='Workstation'>WIN-HOST-MVELAZ</Data><Data Name='Status'>0xc0000064</Data></EventData></Event>
<Event xmlns='http://schemas.microsoft.com/win/2004/08/events/event'><System><Provider Name='Microsoft-Windows-Security-Auditing' Guid='{54849625-5478-4994-A5BA-3E3B0328C30D}'/><EventID>4776</EventID><Version>0</Version><Level>0</Level><Task>14336</Task><Opcode>0</Opcode><Keywords>0x8010000000000000</Keywords><TimeCreated SystemTime='2022-09-08T19:03:49.990855200Z'/><EventRecordID>391601</EventRecordID><Correlation/><Execution ProcessID='644' ThreadID='6100'/><Channel>Security</Channel><Computer>win-dc-mvelazco-02713-392.attackrange.local</Computer><Security/></System><EventData><Data Name='PackageName'>MICROSOFT_AUTHENTICATION_PACKAGE_V1_0</Data><Data Name='TargetUserName'>VHBXUFKE</Data><Data Name='Workstation'>WIN-HOST-MVELAZ</Data><Data Name='Status'>0xc0000064</Data></EventData></Event>
<Event xmlns='http://schemas.microsoft.com/win/2004/08/events/event'><System><Provider Name='Microsoft-Windows-Security-Auditing' Guid='{54849625-5478-4994-A5BA-3E3B0328C30D}'/><EventID>4776</EventID><Version>0</Version><Level>0</Level><Task>14336</Task><Opcode>0</Opcode><Keywords>0x8010000000000000</Keywords><TimeCreated SystemTime='2022-09-08T19:03:49.988921400Z'/><EventRecordID>391600</EventRecordID><Correlation/><Execution ProcessID='644' ThreadID='6100'/><Channel>Security</Channel><Computer>win-dc-mvelazco-02713-392.attackrange.local</Computer><Security/></System><EventData><Data Name='PackageName'>MICROSOFT_AUTHENTICATION_PACKAGE_V1_0</Data><Data Name='TargetUserName'>PAQTLQXW</Data><Data Name='Workstation'>WIN-HOST-MVELAZ</Data><Data Name='Status'>0xc0000064</Data></EventData></Event>
<Event xmlns='http://schemas.microsoft.com/win/2004/08/events/event'><System><Provider Name='Microsoft-Windows-Security-Auditing' Guid='{54849625-5478-4994-A5BA-3E3B0328C30D}'/><EventID>4776</EventID><Version>0</Version><Level>0</Level><Task>14336</Task><Opcode>0</Opcode><Keywords>0x8010000000000000</Keywords><TimeCreated SystemTime='2022-09-08T19:03:49.983130900Z'/><EventRecordID>391599</EventRecordID><Correlation/><Execution ProcessID='644' ThreadID='6100'/><Channel>Security</Channel><Computer>win-dc-mvelazco-02713-392.attackrange.local</Computer><Security/></System><EventData><Data Name='PackageName'>MICROSOFT_AUTHENTICATION_PACKAGE_V1_0</Data><Data Name='TargetUserName'>NCNRJZTA</Data><Data Name='Workstation'>WIN-HOST-MVELAZ</Data><Data Name='Status'>0xc0000064</Data></EventData></Event>
<Event xmlns='http://schemas.microsoft.com/win/2004/08/events/event'><System><Provider Name='Microsoft-Windows-Security-Auditing' Guid='{54849625-5478-4994-A5BA-3E3B0328C30D}'/><EventID>4776</EventID><Version>0</Version><Level>0</Level><Task>14336</Task><Opcode>0</Opcode><Keywords>0x8010000000000000</Keywords><TimeCreated SystemTime='2022-09-08T19:03:49.981505200Z'/><EventRecordID>391598</EventRecordID><Correlation/><Execution ProcessID='644' ThreadID='6100'/><Channel>Security</Channel><Computer>win-dc-mvelazco-02713-392.attackrange.local</Computer><Security/></System><EventData><Data Name='PackageName'>MICROSOFT_AUTHENTICATION_PACKAGE_V1_0</Data><Data Name='TargetUserName'>EORRAPCJ</Data><Data Name='Workstation'>WIN-HOST-MVELAZ</Data><Data Name='Status'>0xc0000064</Data></EventData></Event>
<Event xmlns='http://schemas.microsoft.com/win/2004/08/events/event'><System><Provider Name='Microsoft-Windows-Security-Auditing' Guid='{54849625-5478-4994-A5BA-3E3B0328C30D}'/><EventID>4776</EventID><Version>0</Version><Level>0</Level><Task>14336</Task><Opcode>0</Opcode><Keywords>0x8010000000000000</Keywords><TimeCreated SystemTime='2022-09-08T19:03:49.978697400Z'/><EventRecordID>391597</EventRecordID><Correlation/><Execution ProcessID='644' ThreadID='6100'/><Channel>Security</Channel><Computer>win-dc-mvelazco-02713-392.attackrange.local</Computer><Security/></System><EventData><Data Name='PackageName'>MICROSOFT_AUTHENTICATION_PACKAGE_V1_0</Data><Data Name='TargetUserName'>HDABBPBT</Data><Data Name='Workstation'>WIN-HOST-MVELAZ</Data><Data Name='Status'>0xc0000064</Data></EventData></Event>
<Event xmlns='http://schemas.microsoft.com/win/2004/08/events/event'><System><Provider Name='Microsoft-Windows-Security-Auditing' Guid='{54849625-5478-4994-A5BA-3E3B0328C30D}'/><EventID>4776</EventID><Version>0</Version><Level>0</Level><Task>14336</Task><Opcode>0</Opcode><Keywords>0x8010000000000000</Keywords><TimeCreated SystemTime='2022-09-08T19:03:49.977153200Z'/><EventRecordID>391596</EventRecordID><Correlation/><Execution ProcessID='644' ThreadID='6100'/><Channel>Security</Channel><Computer>win-dc-mvelazco-02713-392.attackrange.local</Computer><Security/></System><EventData><Data Name='PackageName'>MICROSOFT_AUTHENTICATION_PACKAGE_V1_0</Data><Data Name='TargetUserName'>HXJTVSDP</Data><Data Name='Workstation'>WIN-HOST-MVELAZ</Data><Data Name='Status'>0xc0000064</Data></EventData></Event>
<Event xmlns='http://schemas.microsoft.com/win/2004/08/events/event'><System><Provider Name='Microsoft-Windows-Security-Auditing' Guid='{54849625-5478-4994-A5BA-3E3B0328C30D}'/><EventID>4776</EventID><Version>0</Version><Level>0</Level><Task>14336</Task><Opcode>0</Opcode><Keywords>0x8010000000000000</Keywords><TimeCreated SystemTime='2022-09-08T19:03:49.969344500Z'/><EventRecordID>391595</EventRecordID><Correlation/><Execution ProcessID='644' ThreadID='6100'/><Channel>Security</Channel><Computer>win-dc-mvelazco-02713-392.attackrange.local</Computer><Security/></System><EventData><Data Name='PackageName'>MICROSOFT_AUTHENTICATION_PACKAGE_V1_0</Data><Data Name='TargetUserName'>TOYEUOFE</Data><Data Name='Workstation'>WIN-HOST-MVELAZ</Data><Data Name='Status'>0xc0000064</Data></EventData></Event>
<Event xmlns='http://schemas.microsoft.com/win/2004/08/events/event'><System><Provider Name='Microsoft-Windows-Security-Auditing' Guid='{54849625-5478-4994-A5BA-3E3B0328C30D}'/><EventID>4776</EventID><Version>0</Version><Level>0</Level><Task>14336</Task><Opcode>0</Opcode><Keywords>0x8010000000000000</Keywords><TimeCreated SystemTime='2022-09-08T19:03:49.964049100Z'/><EventRecordID>391594</EventRecordID><Correlation/><Execution ProcessID='644' ThreadID='6100'/><Channel>Security</Channel><Computer>win-dc-mvelazco-02713-392.attackrange.local</Computer><Security/></System><EventData><Data Name='PackageName'>MICROSOFT_AUTHENTICATION_PACKAGE_V1_0</Data><Data Name='TargetUserName'>PZXIAUHM</Data><Data Name='Workstation'>WIN-HOST-MVELAZ</Data><Data Name='Status'>0xc0000064</Data></EventData></Event>
<Event xmlns='http://schemas.microsoft.com/win/2004/08/events/event'><System><Provider Name='Microsoft-Windows-Security-Auditing' Guid='{54849625-5478-4994-A5BA-3E3B0328C30D}'/><EventID>4776</EventID><Version>0</Version><Level>0</Level><Task>14336</Task><Opcode>0</Opcode><Keywords>0x8010000000000000</Keywords><TimeCreated SystemTime='2022-09-08T19:03:49.962231300Z'/><EventRecordID>391593</EventRecordID><Correlation/><Execution ProcessID='644' ThreadID='6100'/><Channel>Security</Channel><Computer>win-dc-mvelazco-02713-392.attackrange.local</Computer><Security/></System><EventData><Data Name='PackageName'>MICROSOFT_AUTHENTICATION_PACKAGE_V1_0</Data><Data Name='TargetUserName'>OVEXQUKS</Data><Data Name='Workstation'>WIN-HOST-MVELAZ</Data><Data Name='Status'>0xc0000064</Data></EventData></Event>
<Event xmlns='http://schemas.microsoft.com/win/2004/08/events/event'><System><Provider Name='Microsoft-Windows-Security-Auditing' Guid='{54849625-5478-4994-A5BA-3E3B0328C30D}'/><EventID>4776</EventID><Version>0</Version><Level>0</Level><Task>14336</Task><Opcode>0</Opcode><Keywords>0x8010000000000000</Keywords><TimeCreated SystemTime='2022-09-08T19:03:49.959725000Z'/><EventRecordID>391592</EventRecordID><Correlation/><Execution ProcessID='644' ThreadID='6100'/><Channel>Security</Channel><Computer>win-dc-mvelazco-02713-392.attackrange.local</Computer><Security/></System><EventData><Data Name='PackageName'>MICROSOFT_AUTHENTICATION_PACKAGE_V1_0</Data><Data Name='TargetUserName'>EUOHFHDN</Data><Data Name='Workstation'>WIN-HOST-MVELAZ</Data><Data Name='Status'>0xc0000064</Data></EventData></Event>
<Event xmlns='http://schemas.microsoft.com/win/2004/08/events/event'><System><Provider Name='Microsoft-Windows-Security-Auditing' Guid='{54849625-5478-4994-A5BA-3E3B0328C30D}'/><EventID>4776</EventID><Version>0</Version><Level>0</Level><Task>14336</Task><Opcode>0</Opcode><Keywords>0x8010000000000000</Keywords><TimeCreated SystemTime='2022-09-08T19:03:49.951419400Z'/><EventRecordID>391591</EventRecordID><Correlation/><Execution ProcessID='644' ThreadID='6100'/><Channel>Security</Channel><Computer>win-dc-mvelazco-02713-392.attackrange.local</Computer><Security/></System><EventData><Data Name='PackageName'>MICROSOFT_AUTHENTICATION_PACKAGE_V1_0</Data><Data Name='TargetUserName'>OOGGQXYD</Data><Data Name='Workstation'>WIN-HOST-MVELAZ</Data><Data Name='Status'>0xc0000064</Data></EventData></Event>
<Event xmlns='http://schemas.microsoft.com/win/2004/08/events/event'><System><Provider Name='Microsoft-Windows-Security-Auditing' Guid='{54849625-5478-4994-A5BA-3E3B0328C30D}'/><EventID>4776</EventID><Version>0</Version><Level>0</Level><Task>14336</Task><Opcode>0</Opcode><Keywords>0x8010000000000000</Keywords><TimeCreated SystemTime='2022-09-08T19:03:49.948917200Z'/><EventRecordID>391590</EventRecordID><Correlation/><Execution ProcessID='644' ThreadID='6100'/><Channel>Security</Channel><Computer>win-dc-mvelazco-02713-392.attackrange.local</Computer><Security/></System><EventData><Data Name='PackageName'>MICROSOFT_AUTHENTICATION_PACKAGE_V1_0</Data><Data Name='TargetUserName'>XKROWGMR</Data><Data Name='Workstation'>WIN-HOST-MVELAZ</Data><Data Name='Status'>0xc0000064</Data></EventData></Event>
<Event xmlns='http://schemas.microsoft.com/win/2004/08/events/event'><System><Provider Name='Microsoft-Windows-Security-Auditing' Guid='{54849625-5478-4994-A5BA-3E3B0328C30D}'/><EventID>4776</EventID><Version>0</Version><Level>0</Level><Task>14336</Task><Opcode>0</Opcode><Keywords>0x8010000000000000</Keywords><TimeCreated SystemTime='2022-09-08T19:03:49.945567100Z'/><EventRecordID>391589</EventRecordID><Correlation/><Execution ProcessID='644' ThreadID='6100'/><Channel>Security</Channel><Computer>win-dc-mvelazco-02713-392.attackrange.local</Computer><Security/></System><EventData><Data Name='PackageName'>MICROSOFT_AUTHENTICATION_PACKAGE_V1_0</Data><Data Name='TargetUserName'>BGANNKAJ</Data><Data Name='Workstation'>WIN-HOST-MVELAZ</Data><Data Name='Status'>0xc0000064</Data></EventData></Event>
<Event xmlns='http://schemas.microsoft.com/win/2004/08/events/event'><System><Provider Name='Microsoft-Windows-Security-Auditing' Guid='{54849625-5478-4994-A5BA-3E3B0328C30D}'/><EventID>4776</EventID><Version>0</Version><Level>0</Level><Task>14336</Task><Opcode>0</Opcode><Keywords>0x8010000000000000</Keywords><TimeCreated SystemTime='2022-09-08T19:03:49.943797600Z'/><EventRecordID>391588</EventRecordID><Correlation/><Execution ProcessID='644' ThreadID='6100'/><Channel>Security</Channel><Computer>win-dc-mvelazco-02713-392.attackrange.local</Computer><Security/></System><EventData><Data Name='PackageName'>MICROSOFT_AUTHENTICATION_PACKAGE_V1_0</Data><Data Name='TargetUserName'>SGGNTBUW</Data><Data Name='Workstation'>WIN-HOST-MVELAZ</Data><Data Name='Status'>0xc0000064</Data></EventData></Event>
<Event xmlns='http://schemas.microsoft.com/win/2004/08/events/event'><System><Provider Name='Microsoft-Windows-Security-Auditing' Guid='{54849625-5478-4994-A5BA-3E3B0328C30D}'/><EventID>4776</EventID><Version>0</Version><Level>0</Level><Task>14336</Task><Opcode>0</Opcode><Keywords>0x8010000000000000</Keywords><TimeCreated SystemTime='2022-09-08T19:03:49.940121400Z'/><EventRecordID>391587</EventRecordID><Correlation/><Execution ProcessID='644' ThreadID='6100'/><Channel>Security</Channel><Computer>win-dc-mvelazco-02713-392.attackrange.local</Computer><Security/></System><EventData><Data Name='PackageName'>MICROSOFT_AUTHENTICATION_PACKAGE_V1_0</Data><Data Name='TargetUserName'>CPIUTSJD</Data><Data Name='Workstation'>WIN-HOST-MVELAZ</Data><Data Name='Status'>0xc0000064</Data></EventData></Event>
<Event xmlns='http://schemas.microsoft.com/win/2004/08/events/event'><System><Provider Name='Microsoft-Windows-Security-Auditing' Guid='{54849625-5478-4994-A5BA-3E3B0328C30D}'/><EventID>4776</EventID><Version>0</Version><Level>0</Level><Task>14336</Task><Opcode>0</Opcode><Keywords>0x8010000000000000</Keywords><TimeCreated SystemTime='2022-09-08T19:03:49.936525100Z'/><EventRecordID>391586</EventRecordID><Correlation/><Execution ProcessID='644' ThreadID='6100'/><Channel>Security</Channel><Computer>win-dc-mvelazco-02713-392.attackrange.local</Computer><Security/></System><EventData><Data Name='PackageName'>MICROSOFT_AUTHENTICATION_PACKAGE_V1_0</Data><Data Name='TargetUserName'>PJRGDQIY</Data><Data Name='Workstation'>WIN-HOST-MVELAZ</Data><Data Name='Status'>0xc0000064</Data></EventData></Event>
<Event xmlns='http://schemas.microsoft.com/win/2004/08/events/event'><System><Provider Name='Microsoft-Windows-Security-Auditing' Guid='{54849625-5478-4994-A5BA-3E3B0328C30D}'/><EventID>4776</EventID><Version>0</Version><Level>0</Level><Task>14336</Task><Opcode>0</Opcode><Keywords>0x8010000000000000</Keywords><TimeCreated SystemTime='2022-09-08T19:03:49.933606300Z'/><EventRecordID>391585</EventRecordID><Correlation/><Execution ProcessID='644' ThreadID='6100'/><Channel>Security</Channel><Computer>win-dc-mvelazco-02713-392.attackrange.local</Computer><Security/></System><EventData><Data Name='PackageName'>MICROSOFT_AUTHENTICATION_PACKAGE_V1_0</Data><Data Name='TargetUserName'>VNXHOMVX</Data><Data Name='Workstation'>WIN-HOST-MVELAZ</Data><Data Name='Status'>0xc0000064</Data></EventData></Event>
<Event xmlns='http://schemas.microsoft.com/win/2004/08/events/event'><System><Provider Name='Microsoft-Windows-Security-Auditing' Guid='{54849625-5478-4994-A5BA-3E3B0328C30D}'/><EventID>4776</EventID><Version>0</Version><Level>0</Level><Task>14336</Task><Opcode>0</Opcode><Keywords>0x8010000000000000</Keywords><TimeCreated SystemTime='2022-09-08T19:03:49.920678000Z'/><EventRecordID>391584</EventRecordID><Correlation/><Execution ProcessID='644' ThreadID='6100'/><Channel>Security</Channel><Computer>win-dc-mvelazco-02713-392.attackrange.local</Computer><Security/></System><EventData><Data Name='PackageName'>MICROSOFT_AUTHENTICATION_PACKAGE_V1_0</Data><Data Name='TargetUserName'>IWNJWZRS</Data><Data Name='Workstation'>WIN-HOST-MVELAZ</Data><Data Name='Status'>0xc0000064</Data></EventData></Event>
<Event xmlns='http://schemas.microsoft.com/win/2004/08/events/event'><System><Provider Name='Microsoft-Windows-Security-Auditing' Guid='{54849625-5478-4994-A5BA-3E3B0328C30D}'/><EventID>4776</EventID><Version>0</Version><Level>0</Level><Task>14336</Task><Opcode>0</Opcode><Keywords>0x8010000000000000</Keywords><TimeCreated SystemTime='2022-09-08T19:03:49.918813100Z'/><EventRecordID>391583</EventRecordID><Correlation/><Execution ProcessID='644' ThreadID='6100'/><Channel>Security</Channel><Computer>win-dc-mvelazco-02713-392.attackrange.local</Computer><Security/></System><EventData><Data Name='PackageName'>MICROSOFT_AUTHENTICATION_PACKAGE_V1_0</Data><Data Name='TargetUserName'>VSHGYNNQ</Data><Data Name='Workstation'>WIN-HOST-MVELAZ</Data><Data Name='Status'>0xc0000064</Data></EventData></Event>
<Event xmlns='http://schemas.microsoft.com/win/2004/08/events/event'><System><Provider Name='Microsoft-Windows-Security-Auditing' Guid='{54849625-5478-4994-A5BA-3E3B0328C30D}'/><EventID>4776</EventID><Version>0</Version><Level>0</Level><Task>14336</Task><Opcode>0</Opcode><Keywords>0x8010000000000000</Keywords><TimeCreated SystemTime='2022-09-08T19:03:49.915480200Z'/><EventRecordID>391582</EventRecordID><Correlation/><Execution ProcessID='644' ThreadID='6100'/><Channel>Security</Channel><Computer>win-dc-mvelazco-02713-392.attackrange.local</Computer><Security/></System><EventData><Data Name='PackageName'>MICROSOFT_AUTHENTICATION_PACKAGE_V1_0</Data><Data Name='TargetUserName'>VTYWBLRP</Data><Data Name='Workstation'>WIN-HOST-MVELAZ</Data><Data Name='Status'>0xc0000064</Data></EventData></Event>
<Event xmlns='http://schemas.microsoft.com/win/2004/08/events/event'><System><Provider Name='Microsoft-Windows-Security-Auditing' Guid='{54849625-5478-4994-A5BA-3E3B0328C30D}'/><EventID>4776</EventID><Version>0</Version><Level>0</Level><Task>14336</Task><Opcode>0</Opcode><Keywords>0x8010000000000000</Keywords><TimeCreated SystemTime='2022-09-08T19:03:49.913408800Z'/><EventRecordID>391581</EventRecordID><Correlation/><Execution ProcessID='644' ThreadID='6100'/><Channel>Security</Channel><Computer>win-dc-mvelazco-02713-392.attackrange.local</Computer><Security/></System><EventData><Data Name='PackageName'>MICROSOFT_AUTHENTICATION_PACKAGE_V1_0</Data><Data Name='TargetUserName'>RFXPKGKR</Data><Data Name='Workstation'>WIN-HOST-MVELAZ</Data><Data Name='Status'>0xc0000064</Data></EventData></Event>
<Event xmlns='http://schemas.microsoft.com/win/2004/08/events/event'><System><Provider Name='Microsoft-Windows-Security-Auditing' Guid='{54849625-5478-4994-A5BA-3E3B0328C30D}'/><EventID>4776</EventID><Version>0</Version><Level>0</Level><Task>14336</Task><Opcode>0</Opcode><Keywords>0x8010000000000000</Keywords><TimeCreated SystemTime='2022-09-08T19:03:49.911734400Z'/><EventRecordID>391580</EventRecordID><Correlation/><Execution ProcessID='644' ThreadID='6100'/><Channel>Security</Channel><Computer>win-dc-mvelazco-02713-392.attackrange.local</Computer><Security/></System><EventData><Data Name='PackageName'>MICROSOFT_AUTHENTICATION_PACKAGE_V1_0</Data><Data Name='TargetUserName'>KUFEMBYH</Data><Data Name='Workstation'>WIN-HOST-MVELAZ</Data><Data Name='Status'>0xc0000064</Data></EventData></Event>
<Event xmlns='http://schemas.microsoft.com/win/2004/08/events/event'><System><Provider Name='Microsoft-Windows-Security-Auditing' Guid='{54849625-5478-4994-A5BA-3E3B0328C30D}'/><EventID>4776</EventID><Version>0</Version><Level>0</Level><Task>14336</Task><Opcode>0</Opcode><Keywords>0x8010000000000000</Keywords><TimeCreated SystemTime='2022-09-08T19:03:49.910410100Z'/><EventRecordID>391579</EventRecordID><Correlation/><Execution ProcessID='644' ThreadID='6100'/><Channel>Security</Channel><Computer>win-dc-mvelazco-02713-392.attackrange.local</Computer><Security/></System><EventData><Data Name='PackageName'>MICROSOFT_AUTHENTICATION_PACKAGE_V1_0</Data><Data Name='TargetUserName'>DZBMABNJ</Data><Data Name='Workstation'>WIN-HOST-MVELAZ</Data><Data Name='Status'>0xc0000064</Data></EventData></Event>
<Event xmlns='http://schemas.microsoft.com/win/2004/08/events/event'><System><Provider Name='Microsoft-Windows-Security-Auditing' Guid='{54849625-5478-4994-A5BA-3E3B0328C30D}'/><EventID>4776</EventID><Version>0</Version><Level>0</Level><Task>14336</Task><Opcode>0</Opcode><Keywords>0x8010000000000000</Keywords><TimeCreated SystemTime='2022-09-08T19:03:49.908589800Z'/><EventRecordID>391578</EventRecordID><Correlation/><Execution ProcessID='644' ThreadID='6100'/><Channel>Security</Channel><Computer>win-dc-mvelazco-02713-392.attackrange.local</Computer><Security/></System><EventData><Data Name='PackageName'>MICROSOFT_AUTHENTICATION_PACKAGE_V1_0</Data><Data Name='TargetUserName'>TUVONMBF</Data><Data Name='Workstation'>WIN-HOST-MVELAZ</Data><Data Name='Status'>0xc0000064</Data></EventData></Event>
<Event xmlns='http://schemas.microsoft.com/win/2004/08/events/event'><System><Provider Name='Microsoft-Windows-Security-Auditing' Guid='{54849625-5478-4994-A5BA-3E3B0328C30D}'/><EventID>4776</EventID><Version>0</Version><Level>0</Level><Task>14336</Task><Opcode>0</Opcode><Keywords>0x8010000000000000</Keywords><TimeCreated SystemTime='2022-09-08T19:03:49.903824100Z'/><EventRecordID>391577</EventRecordID><Correlation/><Execution ProcessID='644' ThreadID='6100'/><Channel>Security</Channel><Computer>win-dc-mvelazco-02713-392.attackrange.local</Computer><Security/></System><EventData><Data Name='PackageName'>MICROSOFT_AUTHENTICATION_PACKAGE_V1_0</Data><Data Name='TargetUserName'>SVGXDBDE</Data><Data Name='Workstation'>WIN-HOST-MVELAZ</Data><Data Name='Status'>0xc0000064</Data></EventData></Event>
<Event xmlns='http://schemas.microsoft.com/win/2004/08/events/event'><System><Provider Name='Microsoft-Windows-Security-Auditing' Guid='{54849625-5478-4994-A5BA-3E3B0328C30D}'/><EventID>4776</EventID><Version>0</Version><Level>0</Level><Task>14336</Task><Opcode>0</Opcode><Keywords>0x8010000000000000</Keywords><TimeCreated SystemTime='2022-09-08T19:03:49.902038600Z'/><EventRecordID>391576</EventRecordID><Correlation/><Execution ProcessID='644' ThreadID='6100'/><Channel>Security</Channel><Computer>win-dc-mvelazco-02713-392.attackrange.local</Computer><Security/></System><EventData><Data Name='PackageName'>MICROSOFT_AUTHENTICATION_PACKAGE_V1_0</Data><Data Name='TargetUserName'>BXXLGZZN</Data><Data Name='Workstation'>WIN-HOST-MVELAZ</Data><Data Name='Status'>0xc0000064</Data></EventData></Event>
<Event xmlns='http://schemas.microsoft.com/win/2004/08/events/event'><System><Provider Name='Microsoft-Windows-Security-Auditing' Guid='{54849625-5478-4994-A5BA-3E3B0328C30D}'/><EventID>4776</EventID><Version>0</Version><Level>0</Level><Task>14336</Task><Opcode>0</Opcode><Keywords>0x8010000000000000</Keywords><TimeCreated SystemTime='2022-09-08T19:03:49.900543900Z'/><EventRecordID>391575</EventRecordID><Correlation/><Execution ProcessID='644' ThreadID='6100'/><Channel>Security</Channel><Computer>win-dc-mvelazco-02713-392.attackrange.local</Computer><Security/></System><EventData><Data Name='PackageName'>MICROSOFT_AUTHENTICATION_PACKAGE_V1_0</Data><Data Name='TargetUserName'>SZYRQWAE</Data><Data Name='Workstation'>WIN-HOST-MVELAZ</Data><Data Name='Status'>0xc0000064</Data></EventData></Event>
<Event xmlns='http://schemas.microsoft.com/win/2004/08/events/event'><System><Provider Name='Microsoft-Windows-Security-Auditing' Guid='{54849625-5478-4994-A5BA-3E3B0328C30D}'/><EventID>4776</EventID><Version>0</Version><Level>0</Level><Task>14336</Task><Opcode>0</Opcode><Keywords>0x8010000000000000</Keywords><TimeCreated SystemTime='2022-09-08T19:03:49.899439600Z'/><EventRecordID>391574</EventRecordID><Correlation/><Execution ProcessID='644' ThreadID='6100'/><Channel>Security</Channel><Computer>win-dc-mvelazco-02713-392.attackrange.local</Computer><Security/></System><EventData><Data Name='PackageName'>MICROSOFT_AUTHENTICATION_PACKAGE_V1_0</Data><Data Name='TargetUserName'>HRTQLQDO</Data><Data Name='Workstation'>WIN-HOST-MVELAZ</Data><Data Name='Status'>0xc0000064</Data></EventData></Event>
<Event xmlns='http://schemas.microsoft.com/win/2004/08/events/event'><System><Provider Name='Microsoft-Windows-Security-Auditing' Guid='{54849625-5478-4994-A5BA-3E3B0328C30D}'/><EventID>4776</EventID><Version>0</Version><Level>0</Level><Task>14336</Task><Opcode>0</Opcode><Keywords>0x8010000000000000</Keywords><TimeCreated SystemTime='2022-09-08T19:03:49.897836500Z'/><EventRecordID>391573</EventRecordID><Correlation/><Execution ProcessID='644' ThreadID='6100'/><Channel>Security</Channel><Computer>win-dc-mvelazco-02713-392.attackrange.local</Computer><Security/></System><EventData><Data Name='PackageName'>MICROSOFT_AUTHENTICATION_PACKAGE_V1_0</Data><Data Name='TargetUserName'>FKZGCKNF</Data><Data Name='Workstation'>WIN-HOST-MVELAZ</Data><Data Name='Status'>0xc0000064</Data></EventData></Event>
<Event xmlns='http://schemas.microsoft.com/win/2004/08/events/event'><System><Provider Name='Microsoft-Windows-Security-Auditing' Guid='{54849625-5478-4994-A5BA-3E3B0328C30D}'/><EventID>4776</EventID><Version>0</Version><Level>0</Level><Task>14336</Task><Opcode>0</Opcode><Keywords>0x8010000000000000</Keywords><TimeCreated SystemTime='2022-09-08T19:03:49.895520200Z'/><EventRecordID>391572</EventRecordID><Correlation/><Execution ProcessID='644' ThreadID='6100'/><Channel>Security</Channel><Computer>win-dc-mvelazco-02713-392.attackrange.local</Computer><Security/></System><EventData><Data Name='PackageName'>MICROSOFT_AUTHENTICATION_PACKAGE_V1_0</Data><Data Name='TargetUserName'>VHOTLYTE</Data><Data Name='Workstation'>WIN-HOST-MVELAZ</Data><Data Name='Status'>0xc0000064</Data></EventData></Event>
<Event xmlns='http://schemas.microsoft.com/win/2004/08/events/event'><System><Provider Name='Microsoft-Windows-Security-Auditing' Guid='{54849625-5478-4994-A5BA-3E3B0328C30D}'/><EventID>4776</EventID><Version>0</Version><Level>0</Level><Task>14336</Task><Opcode>0</Opcode><Keywords>0x8010000000000000</Keywords><TimeCreated SystemTime='2022-09-08T19:03:49.889398200Z'/><EventRecordID>391571</EventRecordID><Correlation/><Execution ProcessID='644' ThreadID='6100'/><Channel>Security</Channel><Computer>win-dc-mvelazco-02713-392.attackrange.local</Computer><Security/></System><EventData><Data Name='PackageName'>MICROSOFT_AUTHENTICATION_PACKAGE_V1_0</Data><Data Name='TargetUserName'>OGACGGCM</Data><Data Name='Workstation'>WIN-HOST-MVELAZ</Data><Data Name='Status'>0xc0000064</Data></EventData></Event>
<Event xmlns='http://schemas.microsoft.com/win/2004/08/events/event'><System><Provider Name='Microsoft-Windows-Security-Auditing' Guid='{54849625-5478-4994-A5BA-3E3B0328C30D}'/><EventID>4776</EventID><Version>0</Version><Level>0</Level><Task>14336</Task><Opcode>0</Opcode><Keywords>0x8010000000000000</Keywords><TimeCreated SystemTime='2022-09-08T19:03:49.886938200Z'/><EventRecordID>391570</EventRecordID><Correlation/><Execution ProcessID='644' ThreadID='6100'/><Channel>Security</Channel><Computer>win-dc-mvelazco-02713-392.attackrange.local</Computer><Security/></System><EventData><Data Name='PackageName'>MICROSOFT_AUTHENTICATION_PACKAGE_V1_0</Data><Data Name='TargetUserName'>LMAMHCHF</Data><Data Name='Workstation'>WIN-HOST-MVELAZ</Data><Data Name='Status'>0xc0000064</Data></EventData></Event>
<Event xmlns='http://schemas.microsoft.com/win/2004/08/events/event'><System><Provider Name='Microsoft-Windows-Security-Auditing' Guid='{54849625-5478-4994-A5BA-3E3B0328C30D}'/><EventID>4776</EventID><Version>0</Version><Level>0</Level><Task>14336</Task><Opcode>0</Opcode><Keywords>0x8010000000000000</Keywords><TimeCreated SystemTime='2022-09-08T19:03:49.884759900Z'/><EventRecordID>391569</EventRecordID><Correlation/><Execution ProcessID='644' ThreadID='6100'/><Channel>Security</Channel><Computer>win-dc-mvelazco-02713-392.attackrange.local</Computer><Security/></System><EventData><Data Name='PackageName'>MICROSOFT_AUTHENTICATION_PACKAGE_V1_0</Data><Data Name='TargetUserName'>LDKTTUTL</Data><Data Name='Workstation'>WIN-HOST-MVELAZ</Data><Data Name='Status'>0xc0000064</Data></EventData></Event>
<Event xmlns='http://schemas.microsoft.com/win/2004/08/events/event'><System><Provider Name='Microsoft-Windows-Security-Auditing' Guid='{54849625-5478-4994-A5BA-3E3B0328C30D}'/><EventID>4776</EventID><Version>0</Version><Level>0</Level><Task>14336</Task><Opcode>0</Opcode><Keywords>0x8010000000000000</Keywords><TimeCreated SystemTime='2022-09-08T19:03:49.883025200Z'/><EventRecordID>391568</EventRecordID><Correlation/><Execution ProcessID='644' ThreadID='6100'/><Channel>Security</Channel><Computer>win-dc-mvelazco-02713-392.attackrange.local</Computer><Security/></System><EventData><Data Name='PackageName'>MICROSOFT_AUTHENTICATION_PACKAGE_V1_0</Data><Data Name='TargetUserName'>RAFNYQZG</Data><Data Name='Workstation'>WIN-HOST-MVELAZ</Data><Data Name='Status'>0xc0000064</Data></EventData></Event>
<Event xmlns='http://schemas.microsoft.com/win/2004/08/events/event'><System><Provider Name='Microsoft-Windows-Security-Auditing' Guid='{54849625-5478-4994-A5BA-3E3B0328C30D}'/><EventID>4776</EventID><Version>0</Version><Level>0</Level><Task>14336</Task><Opcode>0</Opcode><Keywords>0x8010000000000000</Keywords><TimeCreated SystemTime='2022-09-08T19:03:49.879205300Z'/><EventRecordID>391567</EventRecordID><Correlation/><Execution ProcessID='644' ThreadID='6100'/><Channel>Security</Channel><Computer>win-dc-mvelazco-02713-392.attackrange.local</Computer><Security/></System><EventData><Data Name='PackageName'>MICROSOFT_AUTHENTICATION_PACKAGE_V1_0</Data><Data Name='TargetUserName'>AACECLCL</Data><Data Name='Workstation'>WIN-HOST-MVELAZ</Data><Data Name='Status'>0xc0000064</Data></EventData></Event>
<Event xmlns='http://schemas.microsoft.com/win/2004/08/events/event'><System><Provider Name='Microsoft-Windows-Security-Auditing' Guid='{54849625-5478-4994-A5BA-3E3B0328C30D}'/><EventID>4776</EventID><Version>0</Version><Level>0</Level><Task>14336</Task><Opcode>0</Opcode><Keywords>0x8010000000000000</Keywords><TimeCreated SystemTime='2022-09-08T19:03:49.877518100Z'/><EventRecordID>391566</EventRecordID><Correlation/><Execution ProcessID='644' ThreadID='6100'/><Channel>Security</Channel><Computer>win-dc-mvelazco-02713-392.attackrange.local</Computer><Security/></System><EventData><Data Name='PackageName'>MICROSOFT_AUTHENTICATION_PACKAGE_V1_0</Data><Data Name='TargetUserName'>VFRKKMDG</Data><Data Name='Workstation'>WIN-HOST-MVELAZ</Data><Data Name='Status'>0xc0000064</Data></EventData></Event>
<Event xmlns='http://schemas.microsoft.com/win/2004/08/events/event'><System><Provider Name='Microsoft-Windows-Security-Auditing' Guid='{54849625-5478-4994-A5BA-3E3B0328C30D}'/><EventID>4625</EventID><Version>0</Version><Level>0</Level><Task>12544</Task><Opcode>0</Opcode><Keywords>0x8010000000000000</Keywords><TimeCreated SystemTime='2022-09-08T19:03:49.998078200Z'/><EventRecordID>335434</EventRecordID><Correlation ActivityID='{61CE8B0D-C305-0002-148B-CE6105C3D801}'/><Execution ProcessID='644' ThreadID='2476'/><Channel>Security</Channel><Computer>win-host-mvelazco-02713-447.attackrange.local</Computer><Security/></System><EventData><Data Name='SubjectUserSid'>ATTACKRANGE\REED_LARSEN</Data><Data Name='SubjectUserName'>reed_larsen</Data><Data Name='SubjectDomainName'>ATTACKRANGE</Data><Data Name='SubjectLogonId'>0x1360f2</Data><Data Name='TargetUserSid'>NULL SID</Data><Data Name='TargetUserName'>JZLBZIIN</Data><Data Name='TargetDomainName'>attackrange.local</Data><Data Name='Status'>0xc000006d</Data><Data Name='FailureReason'>%%2313</Data><Data Name='SubStatus'>0xc0000064</Data><Data Name='LogonType'>2</Data><Data Name='LogonProcessName'>Advapi  </Data><Data Name='AuthenticationPackageName'>MICROSOFT_AUTHENTICATION_PACKAGE_V1_0</Data><Data Name='WorkstationName'>WIN-HOST-MVELAZ</Data><Data Name='TransmittedServices'>-</Data><Data Name='LmPackageName'>-</Data><Data Name='KeyLength'>0</Data><Data Name='ProcessId'>0x1370</Data><Data Name='ProcessName'>C:\Tools\PurpleSharp\PurpleSharp.exe</Data><Data Name='IpAddress'>-</Data><Data Name='IpPort'>-</Data></EventData></Event>
<Event xmlns='http://schemas.microsoft.com/win/2004/08/events/event'><System><Provider Name='Microsoft-Windows-Security-Auditing' Guid='{54849625-5478-4994-A5BA-3E3B0328C30D}'/><EventID>4625</EventID><Version>0</Version><Level>0</Level><Task>12544</Task><Opcode>0</Opcode><Keywords>0x8010000000000000</Keywords><TimeCreated SystemTime='2022-09-08T19:03:49.995337500Z'/><EventRecordID>335433</EventRecordID><Correlation ActivityID='{61CE8B0D-C305-0002-148B-CE6105C3D801}'/><Execution ProcessID='644' ThreadID='2476'/><Channel>Security</Channel><Computer>win-host-mvelazco-02713-447.attackrange.local</Computer><Security/></System><EventData><Data Name='SubjectUserSid'>ATTACKRANGE\REED_LARSEN</Data><Data Name='SubjectUserName'>reed_larsen</Data><Data Name='SubjectDomainName'>ATTACKRANGE</Data><Data Name='SubjectLogonId'>0x1360f2</Data><Data Name='TargetUserSid'>NULL SID</Data><Data Name='TargetUserName'>UZGSFMGI</Data><Data Name='TargetDomainName'>attackrange.local</Data><Data Name='Status'>0xc000006d</Data><Data Name='FailureReason'>%%2313</Data><Data Name='SubStatus'>0xc0000064</Data><Data Name='LogonType'>2</Data><Data Name='LogonProcessName'>Advapi  </Data><Data Name='AuthenticationPackageName'>MICROSOFT_AUTHENTICATION_PACKAGE_V1_0</Data><Data Name='WorkstationName'>WIN-HOST-MVELAZ</Data><Data Name='TransmittedServices'>-</Data><Data Name='LmPackageName'>-</Data><Data Name='KeyLength'>0</Data><Data Name='ProcessId'>0x1370</Data><Data Name='ProcessName'>C:\Tools\PurpleSharp\PurpleSharp.exe</Data><Data Name='IpAddress'>-</Data><Data Name='IpPort'>-</Data></EventData></Event>
<Event xmlns='http://schemas.microsoft.com/win/2004/08/events/event'><System><Provider Name='Microsoft-Windows-Security-Auditing' Guid='{54849625-5478-4994-A5BA-3E3B0328C30D}'/><EventID>4625</EventID><Version>0</Version><Level>0</Level><Task>12544</Task><Opcode>0</Opcode><Keywords>0x8010000000000000</Keywords><TimeCreated SystemTime='2022-09-08T19:03:49.993797000Z'/><EventRecordID>335432</EventRecordID><Correlation ActivityID='{61CE8B0D-C305-0002-148B-CE6105C3D801}'/><Execution ProcessID='644' ThreadID='2476'/><Channel>Security</Channel><Computer>win-host-mvelazco-02713-447.attackrange.local</Computer><Security/></System><EventData><Data Name='SubjectUserSid'>ATTACKRANGE\REED_LARSEN</Data><Data Name='SubjectUserName'>reed_larsen</Data><Data Name='SubjectDomainName'>ATTACKRANGE</Data><Data Name='SubjectLogonId'>0x1360f2</Data><Data Name='TargetUserSid'>NULL SID</Data><Data Name='TargetUserName'>MEAFWNDR</Data><Data Name='TargetDomainName'>attackrange.local</Data><Data Name='Status'>0xc000006d</Data><Data Name='FailureReason'>%%2313</Data><Data Name='SubStatus'>0xc0000064</Data><Data Name='LogonType'>2</Data><Data Name='LogonProcessName'>Advapi  </Data><Data Name='AuthenticationPackageName'>MICROSOFT_AUTHENTICATION_PACKAGE_V1_0</Data><Data Name='WorkstationName'>WIN-HOST-MVELAZ</Data><Data Name='TransmittedServices'>-</Data><Data Name='LmPackageName'>-</Data><Data Name='KeyLength'>0</Data><Data Name='ProcessId'>0x1370</Data><Data Name='ProcessName'>C:\Tools\PurpleSharp\PurpleSharp.exe</Data><Data Name='IpAddress'>-</Data><Data Name='IpPort'>-</Data></EventData></Event>
<Event xmlns='http://schemas.microsoft.com/win/2004/08/events/event'><System><Provider Name='Microsoft-Windows-Security-Auditing' Guid='{54849625-5478-4994-A5BA-3E3B0328C30D}'/><EventID>4625</EventID><Version>0</Version><Level>0</Level><Task>12544</Task><Opcode>0</Opcode><Keywords>0x8010000000000000</Keywords><TimeCreated SystemTime='2022-09-08T19:03:49.992038600Z'/><EventRecordID>335431</EventRecordID><Correlation ActivityID='{61CE8B0D-C305-0002-148B-CE6105C3D801}'/><Execution ProcessID='644' ThreadID='2476'/><Channel>Security</Channel><Computer>win-host-mvelazco-02713-447.attackrange.local</Computer><Security/></System><EventData><Data Name='SubjectUserSid'>ATTACKRANGE\REED_LARSEN</Data><Data Name='SubjectUserName'>reed_larsen</Data><Data Name='SubjectDomainName'>ATTACKRANGE</Data><Data Name='SubjectLogonId'>0x1360f2</Data><Data Name='TargetUserSid'>NULL SID</Data><Data Name='TargetUserName'>VHBXUFKE</Data><Data Name='TargetDomainName'>attackrange.local</Data><Data Name='Status'>0xc000006d</Data><Data Name='FailureReason'>%%2313</Data><Data Name='SubStatus'>0xc0000064</Data><Data Name='LogonType'>2</Data><Data Name='LogonProcessName'>Advapi  </Data><Data Name='AuthenticationPackageName'>MICROSOFT_AUTHENTICATION_PACKAGE_V1_0</Data><Data Name='WorkstationName'>WIN-HOST-MVELAZ</Data><Data Name='TransmittedServices'>-</Data><Data Name='LmPackageName'>-</Data><Data Name='KeyLength'>0</Data><Data Name='ProcessId'>0x1370</Data><Data Name='ProcessName'>C:\Tools\PurpleSharp\PurpleSharp.exe</Data><Data Name='IpAddress'>-</Data><Data Name='IpPort'>-</Data></EventData></Event>
<Event xmlns='http://schemas.microsoft.com/win/2004/08/events/event'><System><Provider Name='Microsoft-Windows-Security-Auditing' Guid='{54849625-5478-4994-A5BA-3E3B0328C30D}'/><EventID>4625</EventID><Version>0</Version><Level>0</Level><Task>12544</Task><Opcode>0</Opcode><Keywords>0x8010000000000000</Keywords><TimeCreated SystemTime='2022-09-08T19:03:49.988057600Z'/><EventRecordID>335430</EventRecordID><Correlation ActivityID='{61CE8B0D-C305-0002-148B-CE6105C3D801}'/><Execution ProcessID='644' ThreadID='2476'/><Channel>Security</Channel><Computer>win-host-mvelazco-02713-447.attackrange.local</Computer><Security/></System><EventData><Data Name='SubjectUserSid'>ATTACKRANGE\REED_LARSEN</Data><Data Name='SubjectUserName'>reed_larsen</Data><Data Name='SubjectDomainName'>ATTACKRANGE</Data><Data Name='SubjectLogonId'>0x1360f2</Data><Data Name='TargetUserSid'>NULL SID</Data><Data Name='TargetUserName'>PAQTLQXW</Data><Data Name='TargetDomainName'>attackrange.local</Data><Data Name='Status'>0xc000006d</Data><Data Name='FailureReason'>%%2313</Data><Data Name='SubStatus'>0xc0000064</Data><Data Name='LogonType'>2</Data><Data Name='LogonProcessName'>Advapi  </Data><Data Name='AuthenticationPackageName'>MICROSOFT_AUTHENTICATION_PACKAGE_V1_0</Data><Data Name='WorkstationName'>WIN-HOST-MVELAZ</Data><Data Name='TransmittedServices'>-</Data><Data Name='LmPackageName'>-</Data><Data Name='KeyLength'>0</Data><Data Name='ProcessId'>0x1370</Data><Data Name='ProcessName'>C:\Tools\PurpleSharp\PurpleSharp.exe</Data><Data Name='IpAddress'>-</Data><Data Name='IpPort'>-</Data></EventData></Event>
<Event xmlns='http://schemas.microsoft.com/win/2004/08/events/event'><System><Provider Name='Microsoft-Windows-Security-Auditing' Guid='{54849625-5478-4994-A5BA-3E3B0328C30D}'/><EventID>4625</EventID><Version>0</Version><Level>0</Level><Task>12544</Task><Opcode>0</Opcode><Keywords>0x8010000000000000</Keywords><TimeCreated SystemTime='2022-09-08T19:03:49.982380900Z'/><EventRecordID>335429</EventRecordID><Correlation ActivityID='{61CE8B0D-C305-0002-148B-CE6105C3D801}'/><Execution ProcessID='644' ThreadID='2476'/><Channel>Security</Channel><Computer>win-host-mvelazco-02713-447.attackrange.local</Computer><Security/></System><EventData><Data Name='SubjectUserSid'>ATTACKRANGE\REED_LARSEN</Data><Data Name='SubjectUserName'>reed_larsen</Data><Data Name='SubjectDomainName'>ATTACKRANGE</Data><Data Name='SubjectLogonId'>0x1360f2</Data><Data Name='TargetUserSid'>NULL SID</Data><Data Name='TargetUserName'>NCNRJZTA</Data><Data Name='TargetDomainName'>attackrange.local</Data><Data Name='Status'>0xc000006d</Data><Data Name='FailureReason'>%%2313</Data><Data Name='SubStatus'>0xc0000064</Data><Data Name='LogonType'>2</Data><Data Name='LogonProcessName'>Advapi  </Data><Data Name='AuthenticationPackageName'>MICROSOFT_AUTHENTICATION_PACKAGE_V1_0</Data><Data Name='WorkstationName'>WIN-HOST-MVELAZ</Data><Data Name='TransmittedServices'>-</Data><Data Name='LmPackageName'>-</Data><Data Name='KeyLength'>0</Data><Data Name='ProcessId'>0x1370</Data><Data Name='ProcessName'>C:\Tools\PurpleSharp\PurpleSharp.exe</Data><Data Name='IpAddress'>-</Data><Data Name='IpPort'>-</Data></EventData></Event>
<Event xmlns='http://schemas.microsoft.com/win/2004/08/events/event'><System><Provider Name='Microsoft-Windows-Security-Auditing' Guid='{54849625-5478-4994-A5BA-3E3B0328C30D}'/><EventID>4625</EventID><Version>0</Version><Level>0</Level><Task>12544</Task><Opcode>0</Opcode><Keywords>0x8010000000000000</Keywords><TimeCreated SystemTime='2022-09-08T19:03:49.980531500Z'/><EventRecordID>335428</EventRecordID><Correlation ActivityID='{61CE8B0D-C305-0002-148B-CE6105C3D801}'/><Execution ProcessID='644' ThreadID='2476'/><Channel>Security</Channel><Computer>win-host-mvelazco-02713-447.attackrange.local</Computer><Security/></System><EventData><Data Name='SubjectUserSid'>ATTACKRANGE\REED_LARSEN</Data><Data Name='SubjectUserName'>reed_larsen</Data><Data Name='SubjectDomainName'>ATTACKRANGE</Data><Data Name='SubjectLogonId'>0x1360f2</Data><Data Name='TargetUserSid'>NULL SID</Data><Data Name='TargetUserName'>EORRAPCJ</Data><Data Name='TargetDomainName'>attackrange.local</Data><Data Name='Status'>0xc000006d</Data><Data Name='FailureReason'>%%2313</Data><Data Name='SubStatus'>0xc0000064</Data><Data Name='LogonType'>2</Data><Data Name='LogonProcessName'>Advapi  </Data><Data Name='AuthenticationPackageName'>MICROSOFT_AUTHENTICATION_PACKAGE_V1_0</Data><Data Name='WorkstationName'>WIN-HOST-MVELAZ</Data><Data Name='TransmittedServices'>-</Data><Data Name='LmPackageName'>-</Data><Data Name='KeyLength'>0</Data><Data Name='ProcessId'>0x1370</Data><Data Name='ProcessName'>C:\Tools\PurpleSharp\PurpleSharp.exe</Data><Data Name='IpAddress'>-</Data><Data Name='IpPort'>-</Data></EventData></Event>
<Event xmlns='http://schemas.microsoft.com/win/2004/08/events/event'><System><Provider Name='Microsoft-Windows-Security-Auditing' Guid='{54849625-5478-4994-A5BA-3E3B0328C30D}'/><EventID>4625</EventID><Version>0</Version><Level>0</Level><Task>12544</Task><Opcode>0</Opcode><Keywords>0x8010000000000000</Keywords><TimeCreated SystemTime='2022-09-08T19:03:49.978960200Z'/><EventRecordID>335427</EventRecordID><Correlation ActivityID='{61CE8B0D-C305-0002-148B-CE6105C3D801}'/><Execution ProcessID='644' ThreadID='2476'/><Channel>Security</Channel><Computer>win-host-mvelazco-02713-447.attackrange.local</Computer><Security/></System><EventData><Data Name='SubjectUserSid'>ATTACKRANGE\REED_LARSEN</Data><Data Name='SubjectUserName'>reed_larsen</Data><Data Name='SubjectDomainName'>ATTACKRANGE</Data><Data Name='SubjectLogonId'>0x1360f2</Data><Data Name='TargetUserSid'>NULL SID</Data><Data Name='TargetUserName'>HDABBPBT</Data><Data Name='TargetDomainName'>attackrange.local</Data><Data Name='Status'>0xc000006d</Data><Data Name='FailureReason'>%%2313</Data><Data Name='SubStatus'>0xc0000064</Data><Data Name='LogonType'>2</Data><Data Name='LogonProcessName'>Advapi  </Data><Data Name='AuthenticationPackageName'>MICROSOFT_AUTHENTICATION_PACKAGE_V1_0</Data><Data Name='WorkstationName'>WIN-HOST-MVELAZ</Data><Data Name='TransmittedServices'>-</Data><Data Name='LmPackageName'>-</Data><Data Name='KeyLength'>0</Data><Data Name='ProcessId'>0x1370</Data><Data Name='ProcessName'>C:\Tools\PurpleSharp\PurpleSharp.exe</Data><Data Name='IpAddress'>-</Data><Data Name='IpPort'>-</Data></EventData></Event>
<Event xmlns='http://schemas.microsoft.com/win/2004/08/events/event'><System><Provider Name='Microsoft-Windows-Security-Auditing' Guid='{54849625-5478-4994-A5BA-3E3B0328C30D}'/><EventID>4625</EventID><Version>0</Version><Level>0</Level><Task>12544</Task><Opcode>0</Opcode><Keywords>0x8010000000000000</Keywords><TimeCreated SystemTime='2022-09-08T19:03:49.976256900Z'/><EventRecordID>335426</EventRecordID><Correlation ActivityID='{61CE8B0D-C305-0002-148B-CE6105C3D801}'/><Execution ProcessID='644' ThreadID='2476'/><Channel>Security</Channel><Computer>win-host-mvelazco-02713-447.attackrange.local</Computer><Security/></System><EventData><Data Name='SubjectUserSid'>ATTACKRANGE\REED_LARSEN</Data><Data Name='SubjectUserName'>reed_larsen</Data><Data Name='SubjectDomainName'>ATTACKRANGE</Data><Data Name='SubjectLogonId'>0x1360f2</Data><Data Name='TargetUserSid'>NULL SID</Data><Data Name='TargetUserName'>HXJTVSDP</Data><Data Name='TargetDomainName'>attackrange.local</Data><Data Name='Status'>0xc000006d</Data><Data Name='FailureReason'>%%2313</Data><Data Name='SubStatus'>0xc0000064</Data><Data Name='LogonType'>2</Data><Data Name='LogonProcessName'>Advapi  </Data><Data Name='AuthenticationPackageName'>MICROSOFT_AUTHENTICATION_PACKAGE_V1_0</Data><Data Name='WorkstationName'>WIN-HOST-MVELAZ</Data><Data Name='TransmittedServices'>-</Data><Data Name='LmPackageName'>-</Data><Data Name='KeyLength'>0</Data><Data Name='ProcessId'>0x1370</Data><Data Name='ProcessName'>C:\Tools\PurpleSharp\PurpleSharp.exe</Data><Data Name='IpAddress'>-</Data><Data Name='IpPort'>-</Data></EventData></Event>
<Event xmlns='http://schemas.microsoft.com/win/2004/08/events/event'><System><Provider Name='Microsoft-Windows-Security-Auditing' Guid='{54849625-5478-4994-A5BA-3E3B0328C30D}'/><EventID>4625</EventID><Version>0</Version><Level>0</Level><Task>12544</Task><Opcode>0</Opcode><Keywords>0x8010000000000000</Keywords><TimeCreated SystemTime='2022-09-08T19:03:49.968992100Z'/><EventRecordID>335425</EventRecordID><Correlation ActivityID='{61CE8B0D-C305-0002-148B-CE6105C3D801}'/><Execution ProcessID='644' ThreadID='2476'/><Channel>Security</Channel><Computer>win-host-mvelazco-02713-447.attackrange.local</Computer><Security/></System><EventData><Data Name='SubjectUserSid'>ATTACKRANGE\REED_LARSEN</Data><Data Name='SubjectUserName'>reed_larsen</Data><Data Name='SubjectDomainName'>ATTACKRANGE</Data><Data Name='SubjectLogonId'>0x1360f2</Data><Data Name='TargetUserSid'>NULL SID</Data><Data Name='TargetUserName'>TOYEUOFE</Data><Data Name='TargetDomainName'>attackrange.local</Data><Data Name='Status'>0xc000006d</Data><Data Name='FailureReason'>%%2313</Data><Data Name='SubStatus'>0xc0000064</Data><Data Name='LogonType'>2</Data><Data Name='LogonProcessName'>Advapi  </Data><Data Name='AuthenticationPackageName'>MICROSOFT_AUTHENTICATION_PACKAGE_V1_0</Data><Data Name='WorkstationName'>WIN-HOST-MVELAZ</Data><Data Name='TransmittedServices'>-</Data><Data Name='LmPackageName'>-</Data><Data Name='KeyLength'>0</Data><Data Name='ProcessId'>0x1370</Data><Data Name='ProcessName'>C:\Tools\PurpleSharp\PurpleSharp.exe</Data><Data Name='IpAddress'>-</Data><Data Name='IpPort'>-</Data></EventData></Event>
