<Event xmlns='http://schemas.microsoft.com/win/2004/08/events/event'><System><Provider Name='Microsoft-Windows-Security-Auditing' Guid='{54849625-5478-4994-A5BA-3E3B0328C30D}'/><EventID>4688</EventID><Version>2</Version><Level>0</Level><Task>13312</Task><Opcode>0</Opcode><Keywords>0x8020000000000000</Keywords><TimeCreated SystemTime='2022-09-08T18:59:42.379857000Z'/><EventRecordID>335360</EventRecordID><Correlation/><Execution ProcessID='4' ThreadID='2116'/><Channel>Security</Channel><Computer>win-host-mvelazco-02713-447.attackrange.local</Computer><Security/></System><EventData><Data Name='SubjectUserSid'>NT AUTHORITY\SYSTEM</Data><Data Name='SubjectUserName'>WIN-HOST-MVELAZ$</Data><Data Name='SubjectDomainName'>ATTACKRANGE</Data><Data Name='SubjectLogonId'>0x3e7</Data><Data Name='NewProcessId'>0x1024</Data><Data Name='NewProcessName'>C:\Program Files\SplunkUniversalForwarder\bin\splunk-MonitorNoHandle.exe</Data><Data Name='TokenElevationType'>%%1936</Data><Data Name='ProcessId'>0x7d4</Data><Data Name='CommandLine'>"C:\Program Files\SplunkUniversalForwarder\bin\splunk-MonitorNoHandle.exe"</Data><Data Name='TargetUserSid'>NULL SID</Data><Data Name='TargetUserName'>-</Data><Data Name='TargetDomainName'>-</Data><Data Name='TargetLogonId'>0x0</Data><Data Name='ParentProcessName'>C:\Program Files\SplunkUniversalForwarder\bin\splunkd.exe</Data><Data Name='MandatoryLabel'>Mandatory Label\System Mandatory Level</Data></EventData></Event>
<Event xmlns='http://schemas.microsoft.com/win/2004/08/events/event'><System><Provider Name='Microsoft-Windows-Security-Auditing' Guid='{54849625-5478-4994-A5BA-3E3B0328C30D}'/><EventID>4688</EventID><Version>2</Version><Level>0</Level><Task>13312</Task><Opcode>0</Opcode><Keywords>0x8020000000000000</Keywords><TimeCreated SystemTime='2022-09-08T18:59:43.926674300Z'/><EventRecordID>335362</EventRecordID><Correlation/><Execution ProcessID='4' ThreadID='2592'/><Channel>Security</Channel><Computer>win-host-mvelazco-02713-447.attackrange.local</Computer><Security/></System><EventData><Data Name='SubjectUserSid'>NT AUTHORITY\SYSTEM</Data><Data Name='SubjectUserName'>WIN-HOST-MVELAZ$</Data><Data Name='SubjectDomainName'>ATTACKRANGE</Data><Data Name='SubjectLogonId'>0x3e7</Data><Data Name='NewProcessId'>0x165c</Data><Data Name='NewProcessName'>C:\Program Files\SplunkUniversalForwarder\bin\splunk-netmon.exe</Data><Data Name='TokenElevationType'>%%1936</Data><Data Name='ProcessId'>0x7d4</Data><Data Name='CommandLine'>"C:\Program Files\SplunkUniversalForwarder\bin\splunk-netmon.exe"</Data><Data Name='TargetUserSid'>NULL SID</Data><Data Name='TargetUserName'>-</Data><Data Name='TargetDomainName'>-</Data><Data Name='TargetLogonId'>0x0</Data><Data Name='ParentProcessName'>C:\Program Files\SplunkUniversalForwarder\bin\splunkd.exe</Data><Data Name='MandatoryLabel'>Mandatory Label\System Mandatory Level</Data></EventData></Event>
<Event xmlns='http://schemas.microsoft.com/win/2004/08/events/event'><System><Provider Name='Microsoft-Windows-Security-Auditing' Guid='{54849625-5478-4994-A5BA-3E3B0328C30D}'/><EventID>4688</EventID><Version>2</Version><Level>0</Level><Task>13312</Task><Opcode>0</Opcode><Keywords>0x8020000000000000</Keywords><TimeCreated SystemTime='2022-09-08T18:59:43.051579300Z'/><EventRecordID>335361</EventRecordID><Correlation/><Execution ProcessID='4' ThreadID='2116'/><Channel>Security</Channel><Computer>win-host-mvelazco-02713-447.attackrange.local</Computer><Security/></System><EventData><Data Name='SubjectUserSid'>NT AUTHORITY\SYSTEM</Data><Data Name='SubjectUserName'>WIN-HOST-MVELAZ$</Data><Data Name='SubjectDomainName'>ATTACKRANGE</Data><Data Name='SubjectLogonId'>0x3e7</Data><Data Name='NewProcessId'>0xac4</Data><Data Name='NewProcessName'>C:\Program Files\SplunkUniversalForwarder\bin\splunk-admon.exe</Data><Data Name='TokenElevationType'>%%1936</Data><Data Name='ProcessId'>0x7d4</Data><Data Name='CommandLine'>"C:\Program Files\SplunkUniversalForwarder\bin\splunk-admon.exe"</Data><Data Name='TargetUserSid'>NULL SID</Data><Data Name='TargetUserName'>-</Data><Data Name='TargetDomainName'>-</Data><Data Name='TargetLogonId'>0x0</Data><Data Name='ParentProcessName'>C:\Program Files\SplunkUniversalForwarder\bin\splunkd.exe</Data><Data Name='MandatoryLabel'>Mandatory Label\System Mandatory Level</Data></EventData></Event>
<Event xmlns='http://schemas.microsoft.com/win/2004/08/events/event'><System><Provider Name='Microsoft-Windows-Security-Auditing' Guid='{54849625-5478-4994-A5BA-3E3B0328C30D}'/><EventID>4688</EventID><Version>2</Version><Level>0</Level><Task>13312</Task><Opcode>0</Opcode><Keywords>0x8020000000000000</Keywords><TimeCreated SystemTime='2022-09-08T18:59:47.958055000Z'/><EventRecordID>335363</EventRecordID><Correlation/><Execution ProcessID='4' ThreadID='2116'/><Channel>Security</Channel><Computer>win-host-mvelazco-02713-447.attackrange.local</Computer><Security/></System><EventData><Data Name='SubjectUserSid'>NT AUTHORITY\SYSTEM</Data><Data Name='SubjectUserName'>WIN-HOST-MVELAZ$</Data><Data Name='SubjectDomainName'>ATTACKRANGE</Data><Data Name='SubjectLogonId'>0x3e7</Data><Data Name='NewProcessId'>0x1384</Data><Data Name='NewProcessName'>C:\Program Files\SplunkUniversalForwarder\bin\splunk-powershell.exe</Data><Data Name='TokenElevationType'>%%1936</Data><Data Name='ProcessId'>0x7d4</Data><Data Name='CommandLine'>"C:\Program Files\SplunkUniversalForwarder\bin\splunk-powershell.exe" --ps2</Data><Data Name='TargetUserSid'>NULL SID</Data><Data Name='TargetUserName'>-</Data><Data Name='TargetDomainName'>-</Data><Data Name='TargetLogonId'>0x0</Data><Data Name='ParentProcessName'>C:\Program Files\SplunkUniversalForwarder\bin\splunkd.exe</Data><Data Name='MandatoryLabel'>Mandatory Label\System Mandatory Level</Data></EventData></Event>
<Event xmlns='http://schemas.microsoft.com/win/2004/08/events/event'><System><Provider Name='Microsoft-Windows-Security-Auditing' Guid='{54849625-5478-4994-A5BA-3E3B0328C30D}'/><EventID>4688</EventID><Version>2</Version><Level>0</Level><Task>13312</Task><Opcode>0</Opcode><Keywords>0x8020000000000000</Keywords><TimeCreated SystemTime='2022-09-08T18:59:48.989295000Z'/><EventRecordID>335365</EventRecordID><Correlation/><Execution ProcessID='4' ThreadID='2116'/><Channel>Security</Channel><Computer>win-host-mvelazco-02713-447.attackrange.local</Computer><Security/></System><EventData><Data Name='SubjectUserSid'>NT AUTHORITY\SYSTEM</Data><Data Name='SubjectUserName'>WIN-HOST-MVELAZ$</Data><Data Name='SubjectDomainName'>ATTACKRANGE</Data><Data Name='SubjectLogonId'>0x3e7</Data><Data Name='NewProcessId'>0x12a4</Data><Data Name='NewProcessName'>C:\Program Files\SplunkUniversalForwarder\bin\splunk-regmon.exe</Data><Data Name='TokenElevationType'>%%1936</Data><Data Name='ProcessId'>0x7d4</Data><Data Name='CommandLine'>"C:\Program Files\SplunkUniversalForwarder\bin\splunk-regmon.exe"</Data><Data Name='TargetUserSid'>NULL SID</Data><Data Name='TargetUserName'>-</Data><Data Name='TargetDomainName'>-</Data><Data Name='TargetLogonId'>0x0</Data><Data Name='ParentProcessName'>C:\Program Files\SplunkUniversalForwarder\bin\splunkd.exe</Data><Data Name='MandatoryLabel'>Mandatory Label\System Mandatory Level</Data></EventData></Event>
<Event xmlns='http://schemas.microsoft.com/win/2004/08/events/event'><System><Provider Name='Microsoft-Windows-Security-Auditing' Guid='{54849625-5478-4994-A5BA-3E3B0328C30D}'/><EventID>4688</EventID><Version>2</Version><Level>0</Level><Task>13312</Task><Opcode>0</Opcode><Keywords>0x8020000000000000</Keywords><TimeCreated SystemTime='2022-09-08T18:59:48.474482300Z'/><EventRecordID>335364</EventRecordID><Correlation/><Execution ProcessID='4' ThreadID='5288'/><Channel>Security</Channel><Computer>win-host-mvelazco-02713-447.attackrange.local</Computer><Security/></System><EventData><Data Name='SubjectUserSid'>NT AUTHORITY\SYSTEM</Data><Data Name='SubjectUserName'>WIN-HOST-MVELAZ$</Data><Data Name='SubjectDomainName'>ATTACKRANGE</Data><Data Name='SubjectLogonId'>0x3e7</Data><Data Name='NewProcessId'>0xa80</Data><Data Name='NewProcessName'>C:\Program Files\SplunkUniversalForwarder\bin\splunk-powershell.exe</Data><Data Name='TokenElevationType'>%%1936</Data><Data Name='ProcessId'>0x7d4</Data><Data Name='CommandLine'>"C:\Program Files\SplunkUniversalForwarder\bin\splunk-powershell.exe"</Data><Data Name='TargetUserSid'>NULL SID</Data><Data Name='TargetUserName'>-</Data><Data Name='TargetDomainName'>-</Data><Data Name='TargetLogonId'>0x0</Data><Data Name='ParentProcessName'>C:\Program Files\SplunkUniversalForwarder\bin\splunkd.exe</Data><Data Name='MandatoryLabel'>Mandatory Label\System Mandatory Level</Data></EventData></Event>
<Event xmlns='http://schemas.microsoft.com/win/2004/08/events/event'><System><Provider Name='Microsoft-Windows-Security-Auditing' Guid='{54849625-5478-4994-A5BA-3E3B0328C30D}'/><EventID>4688</EventID><Version>2</Version><Level>0</Level><Task>13312</Task><Opcode>0</Opcode><Keywords>0x8020000000000000</Keywords><TimeCreated SystemTime='2022-09-08T18:59:55.892672800Z'/><EventRecordID>335366</EventRecordID><Correlation/><Execution ProcessID='4' ThreadID='3720'/><Channel>Security</Channel><Computer>win-host-mvelazco-02713-447.attackrange.local</Computer><Security/></System><EventData><Data Name='SubjectUserSid'>NT AUTHORITY\SYSTEM</Data><Data Name='SubjectUserName'>WIN-HOST-MVELAZ$</Data><Data Name='SubjectDomainName'>ATTACKRANGE</Data><Data Name='SubjectLogonId'>0x3e7</Data><Data Name='NewProcessId'>0xd8</Data><Data Name='NewProcessName'>C:\Program Files\SplunkUniversalForwarder\bin\splunk-winprintmon.exe</Data><Data Name='TokenElevationType'>%%1936</Data><Data Name='ProcessId'>0x7d4</Data><Data Name='CommandLine'>"C:\Program Files\SplunkUniversalForwarder\bin\splunk-winprintmon.exe"</Data><Data Name='TargetUserSid'>NULL SID</Data><Data Name='TargetUserName'>-</Data><Data Name='TargetDomainName'>-</Data><Data Name='TargetLogonId'>0x0</Data><Data Name='ParentProcessName'>C:\Program Files\SplunkUniversalForwarder\bin\splunkd.exe</Data><Data Name='MandatoryLabel'>Mandatory Label\System Mandatory Level</Data></EventData></Event>
<Event xmlns='http://schemas.microsoft.com/win/2004/08/events/event'><System><Provider Name='Microsoft-Windows-Security-Auditing' Guid='{54849625-5478-4994-A5BA-3E3B0328C30D}'/><EventID>4688</EventID><Version>2</Version><Level>0</Level><Task>13312</Task><Opcode>0</Opcode><Keywords>0x8020000000000000</Keywords><TimeCreated SystemTime='2022-09-08T19:00:42.893257900Z'/><EventRecordID>335368</EventRecordID><Correlation/><Execution ProcessID='4' ThreadID='5288'/><Channel>Security</Channel><Computer>win-host-mvelazco-02713-447.attackrange.local</Computer><Security/></System><EventData><Data Name='SubjectUserSid'>NT AUTHORITY\SYSTEM</Data><Data Name='SubjectUserName'>WIN-HOST-MVELAZ$</Data><Data Name='SubjectDomainName'>ATTACKRANGE</Data><Data Name='SubjectLogonId'>0x3e7</Data><Data Name='NewProcessId'>0x1b8</Data><Data Name='NewProcessName'>C:\Program Files\SplunkUniversalForwarder\bin\splunk-admon.exe</Data><Data Name='TokenElevationType'>%%1936</Data><Data Name='ProcessId'>0x7d4</Data><Data Name='CommandLine'>"C:\Program Files\SplunkUniversalForwarder\bin\splunk-admon.exe"</Data><Data Name='TargetUserSid'>NULL SID</Data><Data Name='TargetUserName'>-</Data><Data Name='TargetDomainName'>-</Data><Data Name='TargetLogonId'>0x0</Data><Data Name='ParentProcessName'>C:\Program Files\SplunkUniversalForwarder\bin\splunkd.exe</Data><Data Name='MandatoryLabel'>Mandatory Label\System Mandatory Level</Data></EventData></Event>
<Event xmlns='http://schemas.microsoft.com/win/2004/08/events/event'><System><Provider Name='Microsoft-Windows-Security-Auditing' Guid='{54849625-5478-4994-A5BA-3E3B0328C30D}'/><EventID>4688</EventID><Version>2</Version><Level>0</Level><Task>13312</Task><Opcode>0</Opcode><Keywords>0x8020000000000000</Keywords><TimeCreated SystemTime='2022-09-08T19:00:42.393120300Z'/><EventRecordID>335367</EventRecordID><Correlation/><Execution ProcessID='4' ThreadID='5288'/><Channel>Security</Channel><Computer>win-host-mvelazco-02713-447.attackrange.local</Computer><Security/></System><EventData><Data Name='SubjectUserSid'>NT AUTHORITY\SYSTEM</Data><Data Name='SubjectUserName'>WIN-HOST-MVELAZ$</Data><Data Name='SubjectDomainName'>ATTACKRANGE</Data><Data Name='SubjectLogonId'>0x3e7</Data><Data Name='NewProcessId'>0x814</Data><Data Name='NewProcessName'>C:\Program Files\SplunkUniversalForwarder\bin\splunk-netmon.exe</Data><Data Name='TokenElevationType'>%%1936</Data><Data Name='ProcessId'>0x7d4</Data><Data Name='CommandLine'>"C:\Program Files\SplunkUniversalForwarder\bin\splunk-netmon.exe"</Data><Data Name='TargetUserSid'>NULL SID</Data><Data Name='TargetUserName'>-</Data><Data Name='TargetDomainName'>-</Data><Data Name='TargetLogonId'>0x0</Data><Data Name='ParentProcessName'>C:\Program Files\SplunkUniversalForwarder\bin\splunkd.exe</Data><Data Name='MandatoryLabel'>Mandatory Label\System Mandatory Level</Data></EventData></Event>
<Event xmlns='http://schemas.microsoft.com/win/2004/08/events/event'><System><Provider Name='Microsoft-Windows-Security-Auditing' Guid='{54849625-5478-4994-A5BA-3E3B0328C30D}'/><EventID>4688</EventID><Version>2</Version><Level>0</Level><Task>13312</Task><Opcode>0</Opcode><Keywords>0x8020000000000000</Keywords><TimeCreated SystemTime='2022-09-08T19:00:43.424398100Z'/><EventRecordID>335369</EventRecordID><Correlation/><Execution ProcessID='4' ThreadID='5196'/><Channel>Security</Channel><Computer>win-host-mvelazco-02713-447.attackrange.local</Computer><Security/></System><EventData><Data Name='SubjectUserSid'>NT AUTHORITY\SYSTEM</Data><Data Name='SubjectUserName'>WIN-HOST-MVELAZ$</Data><Data Name='SubjectDomainName'>ATTACKRANGE</Data><Data Name='SubjectLogonId'>0x3e7</Data><Data Name='NewProcessId'>0x139c</Data><Data Name='NewProcessName'>C:\Program Files\SplunkUniversalForwarder\bin\splunk-MonitorNoHandle.exe</Data><Data Name='TokenElevationType'>%%1936</Data><Data Name='ProcessId'>0x7d4</Data><Data Name='CommandLine'>"C:\Program Files\SplunkUniversalForwarder\bin\splunk-MonitorNoHandle.exe"</Data><Data Name='TargetUserSid'>NULL SID</Data><Data Name='TargetUserName'>-</Data><Data Name='TargetDomainName'>-</Data><Data Name='TargetLogonId'>0x0</Data><Data Name='ParentProcessName'>C:\Program Files\SplunkUniversalForwarder\bin\splunkd.exe</Data><Data Name='MandatoryLabel'>Mandatory Label\System Mandatory Level</Data></EventData></Event>
<Event xmlns='http://schemas.microsoft.com/win/2004/08/events/event'><System><Provider Name='Microsoft-Windows-Security-Auditing' Guid='{54849625-5478-4994-A5BA-3E3B0328C30D}'/><EventID>4688</EventID><Version>2</Version><Level>0</Level><Task>13312</Task><Opcode>0</Opcode><Keywords>0x8020000000000000</Keywords><TimeCreated SystemTime='2022-09-08T19:00:47.971158300Z'/><EventRecordID>335370</EventRecordID><Correlation/><Execution ProcessID='4' ThreadID='5832'/><Channel>Security</Channel><Computer>win-host-mvelazco-02713-447.attackrange.local</Computer><Security/></System><EventData><Data Name='SubjectUserSid'>NT AUTHORITY\SYSTEM</Data><Data Name='SubjectUserName'>WIN-HOST-MVELAZ$</Data><Data Name='SubjectDomainName'>ATTACKRANGE</Data><Data Name='SubjectLogonId'>0x3e7</Data><Data Name='NewProcessId'>0x1680</Data><Data Name='NewProcessName'>C:\Program Files\SplunkUniversalForwarder\bin\splunk-powershell.exe</Data><Data Name='TokenElevationType'>%%1936</Data><Data Name='ProcessId'>0x7d4</Data><Data Name='CommandLine'>"C:\Program Files\SplunkUniversalForwarder\bin\splunk-powershell.exe"</Data><Data Name='TargetUserSid'>NULL SID</Data><Data Name='TargetUserName'>-</Data><Data Name='TargetDomainName'>-</Data><Data Name='TargetLogonId'>0x0</Data><Data Name='ParentProcessName'>C:\Program Files\SplunkUniversalForwarder\bin\splunkd.exe</Data><Data Name='MandatoryLabel'>Mandatory Label\System Mandatory Level</Data></EventData></Event>
<Event xmlns='http://schemas.microsoft.com/win/2004/08/events/event'><System><Provider Name='Microsoft-Windows-Security-Auditing' Guid='{54849625-5478-4994-A5BA-3E3B0328C30D}'/><EventID>4688</EventID><Version>2</Version><Level>0</Level><Task>13312</Task><Opcode>0</Opcode><Keywords>0x8020000000000000</Keywords><TimeCreated SystemTime='2022-09-08T19:00:48.489287000Z'/><EventRecordID>335371</EventRecordID><Correlation/><Execution ProcessID='4' ThreadID='5832'/><Channel>Security</Channel><Computer>win-host-mvelazco-02713-447.attackrange.local</Computer><Security/></System><EventData><Data Name='SubjectUserSid'>NT AUTHORITY\SYSTEM</Data><Data Name='SubjectUserName'>WIN-HOST-MVELAZ$</Data><Data Name='SubjectDomainName'>ATTACKRANGE</Data><Data Name='SubjectLogonId'>0x3e7</Data><Data Name='NewProcessId'>0x494</Data><Data Name='NewProcessName'>C:\Program Files\SplunkUniversalForwarder\bin\splunk-powershell.exe</Data><Data Name='TokenElevationType'>%%1936</Data><Data Name='ProcessId'>0x7d4</Data><Data Name='CommandLine'>"C:\Program Files\SplunkUniversalForwarder\bin\splunk-powershell.exe" --ps2</Data><Data Name='TargetUserSid'>NULL SID</Data><Data Name='TargetUserName'>-</Data><Data Name='TargetDomainName'>-</Data><Data Name='TargetLogonId'>0x0</Data><Data Name='ParentProcessName'>C:\Program Files\SplunkUniversalForwarder\bin\splunkd.exe</Data><Data Name='MandatoryLabel'>Mandatory Label\System Mandatory Level</Data></EventData></Event>
<Event xmlns='http://schemas.microsoft.com/win/2004/08/events/event'><System><Provider Name='Microsoft-Windows-Security-Auditing' Guid='{54849625-5478-4994-A5BA-3E3B0328C30D}'/><EventID>4688</EventID><Version>2</Version><Level>0</Level><Task>13312</Task><Opcode>0</Opcode><Keywords>0x8020000000000000</Keywords><TimeCreated SystemTime='2022-09-08T19:00:49.377490700Z'/><EventRecordID>335372</EventRecordID><Correlation/><Execution ProcessID='4' ThreadID='5288'/><Channel>Security</Channel><Computer>win-host-mvelazco-02713-447.attackrange.local</Computer><Security/></System><EventData><Data Name='SubjectUserSid'>NT AUTHORITY\SYSTEM</Data><Data Name='SubjectUserName'>WIN-HOST-MVELAZ$</Data><Data Name='SubjectDomainName'>ATTACKRANGE</Data><Data Name='SubjectLogonId'>0x3e7</Data><Data Name='NewProcessId'>0x11a4</Data><Data Name='NewProcessName'>C:\Program Files\SplunkUniversalForwarder\bin\splunk-regmon.exe</Data><Data Name='TokenElevationType'>%%1936</Data><Data Name='ProcessId'>0x7d4</Data><Data Name='CommandLine'>"C:\Program Files\SplunkUniversalForwarder\bin\splunk-regmon.exe"</Data><Data Name='TargetUserSid'>NULL SID</Data><Data Name='TargetUserName'>-</Data><Data Name='TargetDomainName'>-</Data><Data Name='TargetLogonId'>0x0</Data><Data Name='ParentProcessName'>C:\Program Files\SplunkUniversalForwarder\bin\splunkd.exe</Data><Data Name='MandatoryLabel'>Mandatory Label\System Mandatory Level</Data></EventData></Event>
<Event xmlns='http://schemas.microsoft.com/win/2004/08/events/event'><System><Provider Name='Microsoft-Windows-Security-Auditing' Guid='{54849625-5478-4994-A5BA-3E3B0328C30D}'/><EventID>4688</EventID><Version>2</Version><Level>0</Level><Task>13312</Task><Opcode>0</Opcode><Keywords>0x8020000000000000</Keywords><TimeCreated SystemTime='2022-09-08T19:00:55.890664700Z'/><EventRecordID>335373</EventRecordID><Correlation/><Execution ProcessID='4' ThreadID='3720'/><Channel>Security</Channel><Computer>win-host-mvelazco-02713-447.attackrange.local</Computer><Security/></System><EventData><Data Name='SubjectUserSid'>NT AUTHORITY\SYSTEM</Data><Data Name='SubjectUserName'>WIN-HOST-MVELAZ$</Data><Data Name='SubjectDomainName'>ATTACKRANGE</Data><Data Name='SubjectLogonId'>0x3e7</Data><Data Name='NewProcessId'>0x1580</Data><Data Name='NewProcessName'>C:\Program Files\SplunkUniversalForwarder\bin\splunk-winprintmon.exe</Data><Data Name='TokenElevationType'>%%1936</Data><Data Name='ProcessId'>0x7d4</Data><Data Name='CommandLine'>"C:\Program Files\SplunkUniversalForwarder\bin\splunk-winprintmon.exe"</Data><Data Name='TargetUserSid'>NULL SID</Data><Data Name='TargetUserName'>-</Data><Data Name='TargetDomainName'>-</Data><Data Name='TargetLogonId'>0x0</Data><Data Name='ParentProcessName'>C:\Program Files\SplunkUniversalForwarder\bin\splunkd.exe</Data><Data Name='MandatoryLabel'>Mandatory Label\System Mandatory Level</Data></EventData></Event>
<Event xmlns='http://schemas.microsoft.com/win/2004/08/events/event'><System><Provider Name='Microsoft-Windows-Security-Auditing' Guid='{54849625-5478-4994-A5BA-3E3B0328C30D}'/><EventID>4688</EventID><Version>2</Version><Level>0</Level><Task>13312</Task><Opcode>0</Opcode><Keywords>0x8020000000000000</Keywords><TimeCreated SystemTime='2022-09-08T19:01:42.910201200Z'/><EventRecordID>335375</EventRecordID><Correlation/><Execution ProcessID='4' ThreadID='5832'/><Channel>Security</Channel><Computer>win-host-mvelazco-02713-447.attackrange.local</Computer><Security/></System><EventData><Data Name='SubjectUserSid'>NT AUTHORITY\SYSTEM</Data><Data Name='SubjectUserName'>WIN-HOST-MVELAZ$</Data><Data Name='SubjectDomainName'>ATTACKRANGE</Data><Data Name='SubjectLogonId'>0x3e7</Data><Data Name='NewProcessId'>0x1340</Data><Data Name='NewProcessName'>C:\Program Files\SplunkUniversalForwarder\bin\splunk-MonitorNoHandle.exe</Data><Data Name='TokenElevationType'>%%1936</Data><Data Name='ProcessId'>0x7d4</Data><Data Name='CommandLine'>"C:\Program Files\SplunkUniversalForwarder\bin\splunk-MonitorNoHandle.exe"</Data><Data Name='TargetUserSid'>NULL SID</Data><Data Name='TargetUserName'>-</Data><Data Name='TargetDomainName'>-</Data><Data Name='TargetLogonId'>0x0</Data><Data Name='ParentProcessName'>C:\Program Files\SplunkUniversalForwarder\bin\splunkd.exe</Data><Data Name='MandatoryLabel'>Mandatory Label\System Mandatory Level</Data></EventData></Event>
<Event xmlns='http://schemas.microsoft.com/win/2004/08/events/event'><System><Provider Name='Microsoft-Windows-Security-Auditing' Guid='{54849625-5478-4994-A5BA-3E3B0328C30D}'/><EventID>4688</EventID><Version>2</Version><Level>0</Level><Task>13312</Task><Opcode>0</Opcode><Keywords>0x8020000000000000</Keywords><TimeCreated SystemTime='2022-09-08T19:01:42.394422900Z'/><EventRecordID>335374</EventRecordID><Correlation/><Execution ProcessID='4' ThreadID='5288'/><Channel>Security</Channel><Computer>win-host-mvelazco-02713-447.attackrange.local</Computer><Security/></System><EventData><Data Name='SubjectUserSid'>NT AUTHORITY\SYSTEM</Data><Data Name='SubjectUserName'>WIN-HOST-MVELAZ$</Data><Data Name='SubjectDomainName'>ATTACKRANGE</Data><Data Name='SubjectLogonId'>0x3e7</Data><Data Name='NewProcessId'>0x1294</Data><Data Name='NewProcessName'>C:\Program Files\SplunkUniversalForwarder\bin\splunk-admon.exe</Data><Data Name='TokenElevationType'>%%1936</Data><Data Name='ProcessId'>0x7d4</Data><Data Name='CommandLine'>"C:\Program Files\SplunkUniversalForwarder\bin\splunk-admon.exe"</Data><Data Name='TargetUserSid'>NULL SID</Data><Data Name='TargetUserName'>-</Data><Data Name='TargetDomainName'>-</Data><Data Name='TargetLogonId'>0x0</Data><Data Name='ParentProcessName'>C:\Program Files\SplunkUniversalForwarder\bin\splunkd.exe</Data><Data Name='MandatoryLabel'>Mandatory Label\System Mandatory Level</Data></EventData></Event>
<Event xmlns='http://schemas.microsoft.com/win/2004/08/events/event'><System><Provider Name='Microsoft-Windows-Security-Auditing' Guid='{54849625-5478-4994-A5BA-3E3B0328C30D}'/><EventID>4688</EventID><Version>2</Version><Level>0</Level><Task>13312</Task><Opcode>0</Opcode><Keywords>0x8020000000000000</Keywords><TimeCreated SystemTime='2022-09-08T19:01:43.425921400Z'/><EventRecordID>335376</EventRecordID><Correlation/><Execution ProcessID='4' ThreadID='5868'/><Channel>Security</Channel><Computer>win-host-mvelazco-02713-447.attackrange.local</Computer><Security/></System><EventData><Data Name='SubjectUserSid'>NT AUTHORITY\SYSTEM</Data><Data Name='SubjectUserName'>WIN-HOST-MVELAZ$</Data><Data Name='SubjectDomainName'>ATTACKRANGE</Data><Data Name='SubjectLogonId'>0x3e7</Data><Data Name='NewProcessId'>0xf54</Data><Data Name='NewProcessName'>C:\Program Files\SplunkUniversalForwarder\bin\splunk-netmon.exe</Data><Data Name='TokenElevationType'>%%1936</Data><Data Name='ProcessId'>0x7d4</Data><Data Name='CommandLine'>"C:\Program Files\SplunkUniversalForwarder\bin\splunk-netmon.exe"</Data><Data Name='TargetUserSid'>NULL SID</Data><Data Name='TargetUserName'>-</Data><Data Name='TargetDomainName'>-</Data><Data Name='TargetLogonId'>0x0</Data><Data Name='ParentProcessName'>C:\Program Files\SplunkUniversalForwarder\bin\splunkd.exe</Data><Data Name='MandatoryLabel'>Mandatory Label\System Mandatory Level</Data></EventData></Event>
<Event xmlns='http://schemas.microsoft.com/win/2004/08/events/event'><System><Provider Name='Microsoft-Windows-Security-Auditing' Guid='{54849625-5478-4994-A5BA-3E3B0328C30D}'/><EventID>4688</EventID><Version>2</Version><Level>0</Level><Task>13312</Task><Opcode>0</Opcode><Keywords>0x8020000000000000</Keywords><TimeCreated SystemTime='2022-09-08T19:01:47.972505400Z'/><EventRecordID>335377</EventRecordID><Correlation/><Execution ProcessID='4' ThreadID='5868'/><Channel>Security</Channel><Computer>win-host-mvelazco-02713-447.attackrange.local</Computer><Security/></System><EventData><Data Name='SubjectUserSid'>NT AUTHORITY\SYSTEM</Data><Data Name='SubjectUserName'>WIN-HOST-MVELAZ$</Data><Data Name='SubjectDomainName'>ATTACKRANGE</Data><Data Name='SubjectLogonId'>0x3e7</Data><Data Name='NewProcessId'>0x1250</Data><Data Name='NewProcessName'>C:\Program Files\SplunkUniversalForwarder\bin\splunk-powershell.exe</Data><Data Name='TokenElevationType'>%%1936</Data><Data Name='ProcessId'>0x7d4</Data><Data Name='CommandLine'>"C:\Program Files\SplunkUniversalForwarder\bin\splunk-powershell.exe"</Data><Data Name='TargetUserSid'>NULL SID</Data><Data Name='TargetUserName'>-</Data><Data Name='TargetDomainName'>-</Data><Data Name='TargetLogonId'>0x0</Data><Data Name='ParentProcessName'>C:\Program Files\SplunkUniversalForwarder\bin\splunkd.exe</Data><Data Name='MandatoryLabel'>Mandatory Label\System Mandatory Level</Data></EventData></Event>
<Event xmlns='http://schemas.microsoft.com/win/2004/08/events/event'><System><Provider Name='Microsoft-Windows-Security-Auditing' Guid='{54849625-5478-4994-A5BA-3E3B0328C30D}'/><EventID>4688</EventID><Version>2</Version><Level>0</Level><Task>13312</Task><Opcode>0</Opcode><Keywords>0x8020000000000000</Keywords><TimeCreated SystemTime='2022-09-08T19:01:48.863431600Z'/><EventRecordID>335378</EventRecordID><Correlation/><Execution ProcessID='4' ThreadID='5868'/><Channel>Security</Channel><Computer>win-host-mvelazco-02713-447.attackrange.local</Computer><Security/></System><EventData><Data Name='SubjectUserSid'>NT AUTHORITY\SYSTEM</Data><Data Name='SubjectUserName'>WIN-HOST-MVELAZ$</Data><Data Name='SubjectDomainName'>ATTACKRANGE</Data><Data Name='SubjectLogonId'>0x3e7</Data><Data Name='NewProcessId'>0x12b4</Data><Data Name='NewProcessName'>C:\Program Files\SplunkUniversalForwarder\bin\splunk-regmon.exe</Data><Data Name='TokenElevationType'>%%1936</Data><Data Name='ProcessId'>0x7d4</Data><Data Name='CommandLine'>"C:\Program Files\SplunkUniversalForwarder\bin\splunk-regmon.exe"</Data><Data Name='TargetUserSid'>NULL SID</Data><Data Name='TargetUserName'>-</Data><Data Name='TargetDomainName'>-</Data><Data Name='TargetLogonId'>0x0</Data><Data Name='ParentProcessName'>C:\Program Files\SplunkUniversalForwarder\bin\splunkd.exe</Data><Data Name='MandatoryLabel'>Mandatory Label\System Mandatory Level</Data></EventData></Event>
<Event xmlns='http://schemas.microsoft.com/win/2004/08/events/event'><System><Provider Name='Microsoft-Windows-Security-Auditing' Guid='{54849625-5478-4994-A5BA-3E3B0328C30D}'/><EventID>4688</EventID><Version>2</Version><Level>0</Level><Task>13312</Task><Opcode>0</Opcode><Keywords>0x8020000000000000</Keywords><TimeCreated SystemTime='2022-09-08T19:01:49.363750700Z'/><EventRecordID>335379</EventRecordID><Correlation/><Execution ProcessID='4' ThreadID='4256'/><Channel>Security</Channel><Computer>win-host-mvelazco-02713-447.attackrange.local</Computer><Security/></System><EventData><Data Name='SubjectUserSid'>NT AUTHORITY\SYSTEM</Data><Data Name='SubjectUserName'>WIN-HOST-MVELAZ$</Data><Data Name='SubjectDomainName'>ATTACKRANGE</Data><Data Name='SubjectLogonId'>0x3e7</Data><Data Name='NewProcessId'>0x176c</Data><Data Name='NewProcessName'>C:\Program Files\SplunkUniversalForwarder\bin\splunk-powershell.exe</Data><Data Name='TokenElevationType'>%%1936</Data><Data Name='ProcessId'>0x7d4</Data><Data Name='CommandLine'>"C:\Program Files\SplunkUniversalForwarder\bin\splunk-powershell.exe" --ps2</Data><Data Name='TargetUserSid'>NULL SID</Data><Data Name='TargetUserName'>-</Data><Data Name='TargetDomainName'>-</Data><Data Name='TargetLogonId'>0x0</Data><Data Name='ParentProcessName'>C:\Program Files\SplunkUniversalForwarder\bin\splunkd.exe</Data><Data Name='MandatoryLabel'>Mandatory Label\System Mandatory Level</Data></EventData></Event>
<Event xmlns='http://schemas.microsoft.com/win/2004/08/events/event'><System><Provider Name='Microsoft-Windows-Security-Auditing' Guid='{54849625-5478-4994-A5BA-3E3B0328C30D}'/><EventID>4688</EventID><Version>2</Version><Level>0</Level><Task>13312</Task><Opcode>0</Opcode><Keywords>0x8020000000000000</Keywords><TimeCreated SystemTime='2022-09-08T19:01:55.910149800Z'/><EventRecordID>335380</EventRecordID><Correlation/><Execution ProcessID='4' ThreadID='3720'/><Channel>Security</Channel><Computer>win-host-mvelazco-02713-447.attackrange.local</Computer><Security/></System><EventData><Data Name='SubjectUserSid'>NT AUTHORITY\SYSTEM</Data><Data Name='SubjectUserName'>WIN-HOST-MVELAZ$</Data><Data Name='SubjectDomainName'>ATTACKRANGE</Data><Data Name='SubjectLogonId'>0x3e7</Data><Data Name='NewProcessId'>0xb6c</Data><Data Name='NewProcessName'>C:\Program Files\SplunkUniversalForwarder\bin\splunk-winprintmon.exe</Data><Data Name='TokenElevationType'>%%1936</Data><Data Name='ProcessId'>0x7d4</Data><Data Name='CommandLine'>"C:\Program Files\SplunkUniversalForwarder\bin\splunk-winprintmon.exe"</Data><Data Name='TargetUserSid'>NULL SID</Data><Data Name='TargetUserName'>-</Data><Data Name='TargetDomainName'>-</Data><Data Name='TargetLogonId'>0x0</Data><Data Name='ParentProcessName'>C:\Program Files\SplunkUniversalForwarder\bin\splunkd.exe</Data><Data Name='MandatoryLabel'>Mandatory Label\System Mandatory Level</Data></EventData></Event>
<Event xmlns='http://schemas.microsoft.com/win/2004/08/events/event'><System><Provider Name='Microsoft-Windows-Security-Auditing' Guid='{54849625-5478-4994-A5BA-3E3B0328C30D}'/><EventID>4688</EventID><Version>2</Version><Level>0</Level><Task>13312</Task><Opcode>0</Opcode><Keywords>0x8020000000000000</Keywords><TimeCreated SystemTime='2022-09-08T19:02:42.909838600Z'/><EventRecordID>335382</EventRecordID><Correlation/><Execution ProcessID='4' ThreadID='4256'/><Channel>Security</Channel><Computer>win-host-mvelazco-02713-447.attackrange.local</Computer><Security/></System><EventData><Data Name='SubjectUserSid'>NT AUTHORITY\SYSTEM</Data><Data Name='SubjectUserName'>WIN-HOST-MVELAZ$</Data><Data Name='SubjectDomainName'>ATTACKRANGE</Data><Data Name='SubjectLogonId'>0x3e7</Data><Data Name='NewProcessId'>0x12a8</Data><Data Name='NewProcessName'>C:\Program Files\SplunkUniversalForwarder\bin\splunk-MonitorNoHandle.exe</Data><Data Name='TokenElevationType'>%%1936</Data><Data Name='ProcessId'>0x7d4</Data><Data Name='CommandLine'>"C:\Program Files\SplunkUniversalForwarder\bin\splunk-MonitorNoHandle.exe"</Data><Data Name='TargetUserSid'>NULL SID</Data><Data Name='TargetUserName'>-</Data><Data Name='TargetDomainName'>-</Data><Data Name='TargetLogonId'>0x0</Data><Data Name='ParentProcessName'>C:\Program Files\SplunkUniversalForwarder\bin\splunkd.exe</Data><Data Name='MandatoryLabel'>Mandatory Label\System Mandatory Level</Data></EventData></Event>
<Event xmlns='http://schemas.microsoft.com/win/2004/08/events/event'><System><Provider Name='Microsoft-Windows-Security-Auditing' Guid='{54849625-5478-4994-A5BA-3E3B0328C30D}'/><EventID>4688</EventID><Version>2</Version><Level>0</Level><Task>13312</Task><Opcode>0</Opcode><Keywords>0x8020000000000000</Keywords><TimeCreated SystemTime='2022-09-08T19:02:42.409451600Z'/><EventRecordID>335381</EventRecordID><Correlation/><Execution ProcessID='4' ThreadID='4864'/><Channel>Security</Channel><Computer>win-host-mvelazco-02713-447.attackrange.local</Computer><Security/></System><EventData><Data Name='SubjectUserSid'>NT AUTHORITY\SYSTEM</Data><Data Name='SubjectUserName'>WIN-HOST-MVELAZ$</Data><Data Name='SubjectDomainName'>ATTACKRANGE</Data><Data Name='SubjectLogonId'>0x3e7</Data><Data Name='NewProcessId'>0x11d4</Data><Data Name='NewProcessName'>C:\Program Files\SplunkUniversalForwarder\bin\splunk-admon.exe</Data><Data Name='TokenElevationType'>%%1936</Data><Data Name='ProcessId'>0x7d4</Data><Data Name='CommandLine'>"C:\Program Files\SplunkUniversalForwarder\bin\splunk-admon.exe"</Data><Data Name='TargetUserSid'>NULL SID</Data><Data Name='TargetUserName'>-</Data><Data Name='TargetDomainName'>-</Data><Data Name='TargetLogonId'>0x0</Data><Data Name='ParentProcessName'>C:\Program Files\SplunkUniversalForwarder\bin\splunkd.exe</Data><Data Name='MandatoryLabel'>Mandatory Label\System Mandatory Level</Data></EventData></Event>
<Event xmlns='http://schemas.microsoft.com/win/2004/08/events/event'><System><Provider Name='Microsoft-Windows-Security-Auditing' Guid='{54849625-5478-4994-A5BA-3E3B0328C30D}'/><EventID>4688</EventID><Version>2</Version><Level>0</Level><Task>13312</Task><Opcode>0</Opcode><Keywords>0x8020000000000000</Keywords><TimeCreated SystemTime='2022-09-08T19:02:43.409677800Z'/><EventRecordID>335383</EventRecordID><Correlation/><Execution ProcessID='4' ThreadID='5868'/><Channel>Security</Channel><Computer>win-host-mvelazco-02713-447.attackrange.local</Computer><Security/></System><EventData><Data Name='SubjectUserSid'>NT AUTHORITY\SYSTEM</Data><Data Name='SubjectUserName'>WIN-HOST-MVELAZ$</Data><Data Name='SubjectDomainName'>ATTACKRANGE</Data><Data Name='SubjectLogonId'>0x3e7</Data><Data Name='NewProcessId'>0xe28</Data><Data Name='NewProcessName'>C:\Program Files\SplunkUniversalForwarder\bin\splunk-netmon.exe</Data><Data Name='TokenElevationType'>%%1936</Data><Data Name='ProcessId'>0x7d4</Data><Data Name='CommandLine'>"C:\Program Files\SplunkUniversalForwarder\bin\splunk-netmon.exe"</Data><Data Name='TargetUserSid'>NULL SID</Data><Data Name='TargetUserName'>-</Data><Data Name='TargetDomainName'>-</Data><Data Name='TargetLogonId'>0x0</Data><Data Name='ParentProcessName'>C:\Program Files\SplunkUniversalForwarder\bin\splunkd.exe</Data><Data Name='MandatoryLabel'>Mandatory Label\System Mandatory Level</Data></EventData></Event>
<Event xmlns='http://schemas.microsoft.com/win/2004/08/events/event'><System><Provider Name='Microsoft-Windows-Security-Auditing' Guid='{54849625-5478-4994-A5BA-3E3B0328C30D}'/><EventID>4688</EventID><Version>2</Version><Level>0</Level><Task>13312</Task><Opcode>0</Opcode><Keywords>0x8020000000000000</Keywords><TimeCreated SystemTime='2022-09-08T19:02:47.987587700Z'/><EventRecordID>335384</EventRecordID><Correlation/><Execution ProcessID='4' ThreadID='3460'/><Channel>Security</Channel><Computer>win-host-mvelazco-02713-447.attackrange.local</Computer><Security/></System><EventData><Data Name='SubjectUserSid'>NT AUTHORITY\SYSTEM</Data><Data Name='SubjectUserName'>WIN-HOST-MVELAZ$</Data><Data Name='SubjectDomainName'>ATTACKRANGE</Data><Data Name='SubjectLogonId'>0x3e7</Data><Data Name='NewProcessId'>0x11e4</Data><Data Name='NewProcessName'>C:\Program Files\SplunkUniversalForwarder\bin\splunk-powershell.exe</Data><Data Name='TokenElevationType'>%%1936</Data><Data Name='ProcessId'>0x7d4</Data><Data Name='CommandLine'>"C:\Program Files\SplunkUniversalForwarder\bin\splunk-powershell.exe"</Data><Data Name='TargetUserSid'>NULL SID</Data><Data Name='TargetUserName'>-</Data><Data Name='TargetDomainName'>-</Data><Data Name='TargetLogonId'>0x0</Data><Data Name='ParentProcessName'>C:\Program Files\SplunkUniversalForwarder\bin\splunkd.exe</Data><Data Name='MandatoryLabel'>Mandatory Label\System Mandatory Level</Data></EventData></Event>
<Event xmlns='http://schemas.microsoft.com/win/2004/08/events/event'><System><Provider Name='Microsoft-Windows-Security-Auditing' Guid='{54849625-5478-4994-A5BA-3E3B0328C30D}'/><EventID>4688</EventID><Version>2</Version><Level>0</Level><Task>13312</Task><Opcode>0</Opcode><Keywords>0x8020000000000000</Keywords><TimeCreated SystemTime='2022-09-08T19:02:48.612560700Z'/><EventRecordID>335385</EventRecordID><Correlation/><Execution ProcessID='4' ThreadID='4864'/><Channel>Security</Channel><Computer>win-host-mvelazco-02713-447.attackrange.local</Computer><Security/></System><EventData><Data Name='SubjectUserSid'>NT AUTHORITY\SYSTEM</Data><Data Name='SubjectUserName'>WIN-HOST-MVELAZ$</Data><Data Name='SubjectDomainName'>ATTACKRANGE</Data><Data Name='SubjectLogonId'>0x3e7</Data><Data Name='NewProcessId'>0x1064</Data><Data Name='NewProcessName'>C:\Program Files\SplunkUniversalForwarder\bin\splunk-regmon.exe</Data><Data Name='TokenElevationType'>%%1936</Data><Data Name='ProcessId'>0x7d4</Data><Data Name='CommandLine'>"C:\Program Files\SplunkUniversalForwarder\bin\splunk-regmon.exe"</Data><Data Name='TargetUserSid'>NULL SID</Data><Data Name='TargetUserName'>-</Data><Data Name='TargetDomainName'>-</Data><Data Name='TargetLogonId'>0x0</Data><Data Name='ParentProcessName'>C:\Program Files\SplunkUniversalForwarder\bin\splunkd.exe</Data><Data Name='MandatoryLabel'>Mandatory Label\System Mandatory Level</Data></EventData></Event>
<Event xmlns='http://schemas.microsoft.com/win/2004/08/events/event'><System><Provider Name='Microsoft-Windows-Security-Auditing' Guid='{54849625-5478-4994-A5BA-3E3B0328C30D}'/><EventID>4688</EventID><Version>2</Version><Level>0</Level><Task>13312</Task><Opcode>0</Opcode><Keywords>0x8020000000000000</Keywords><TimeCreated SystemTime='2022-09-08T19:02:49.112927600Z'/><EventRecordID>335386</EventRecordID><Correlation/><Execution ProcessID='4' ThreadID='4864'/><Channel>Security</Channel><Computer>win-host-mvelazco-02713-447.attackrange.local</Computer><Security/></System><EventData><Data Name='SubjectUserSid'>NT AUTHORITY\SYSTEM</Data><Data Name='SubjectUserName'>WIN-HOST-MVELAZ$</Data><Data Name='SubjectDomainName'>ATTACKRANGE</Data><Data Name='SubjectLogonId'>0x3e7</Data><Data Name='NewProcessId'>0xae0</Data><Data Name='NewProcessName'>C:\Program Files\SplunkUniversalForwarder\bin\splunk-powershell.exe</Data><Data Name='TokenElevationType'>%%1936</Data><Data Name='ProcessId'>0x7d4</Data><Data Name='CommandLine'>"C:\Program Files\SplunkUniversalForwarder\bin\splunk-powershell.exe" --ps2</Data><Data Name='TargetUserSid'>NULL SID</Data><Data Name='TargetUserName'>-</Data><Data Name='TargetDomainName'>-</Data><Data Name='TargetLogonId'>0x0</Data><Data Name='ParentProcessName'>C:\Program Files\SplunkUniversalForwarder\bin\splunkd.exe</Data><Data Name='MandatoryLabel'>Mandatory Label\System Mandatory Level</Data></EventData></Event>
<Event xmlns='http://schemas.microsoft.com/win/2004/08/events/event'><System><Provider Name='Microsoft-Windows-Security-Auditing' Guid='{54849625-5478-4994-A5BA-3E3B0328C30D}'/><EventID>4688</EventID><Version>2</Version><Level>0</Level><Task>13312</Task><Opcode>0</Opcode><Keywords>0x8020000000000000</Keywords><TimeCreated SystemTime='2022-09-08T19:02:55.909381300Z'/><EventRecordID>335387</EventRecordID><Correlation/><Execution ProcessID='4' ThreadID='5288'/><Channel>Security</Channel><Computer>win-host-mvelazco-02713-447.attackrange.local</Computer><Security/></System><EventData><Data Name='SubjectUserSid'>NT AUTHORITY\SYSTEM</Data><Data Name='SubjectUserName'>WIN-HOST-MVELAZ$</Data><Data Name='SubjectDomainName'>ATTACKRANGE</Data><Data Name='SubjectLogonId'>0x3e7</Data><Data Name='NewProcessId'>0x17c0</Data><Data Name='NewProcessName'>C:\Program Files\SplunkUniversalForwarder\bin\splunk-winprintmon.exe</Data><Data Name='TokenElevationType'>%%1936</Data><Data Name='ProcessId'>0x7d4</Data><Data Name='CommandLine'>"C:\Program Files\SplunkUniversalForwarder\bin\splunk-winprintmon.exe"</Data><Data Name='TargetUserSid'>NULL SID</Data><Data Name='TargetUserName'>-</Data><Data Name='TargetDomainName'>-</Data><Data Name='TargetLogonId'>0x0</Data><Data Name='ParentProcessName'>C:\Program Files\SplunkUniversalForwarder\bin\splunkd.exe</Data><Data Name='MandatoryLabel'>Mandatory Label\System Mandatory Level</Data></EventData></Event>
<Event xmlns='http://schemas.microsoft.com/win/2004/08/events/event'><System><Provider Name='Microsoft-Windows-Security-Auditing' Guid='{54849625-5478-4994-A5BA-3E3B0328C30D}'/><EventID>4688</EventID><Version>2</Version><Level>0</Level><Task>13312</Task><Opcode>0</Opcode><Keywords>0x8020000000000000</Keywords><TimeCreated SystemTime='2022-09-08T19:03:24.547294900Z'/><EventRecordID>335388</EventRecordID><Correlation/><Execution ProcessID='4' ThreadID='5196'/><Channel>Security</Channel><Computer>win-host-mvelazco-02713-447.attackrange.local</Computer><Security/></System><EventData><Data Name='SubjectUserSid'>NT AUTHORITY\SYSTEM</Data><Data Name='SubjectUserName'>WIN-HOST-MVELAZ$</Data><Data Name='SubjectDomainName'>ATTACKRANGE</Data><Data Name='SubjectLogonId'>0x3e7</Data><Data Name='NewProcessId'>0x1424</Data><Data Name='NewProcessName'>C:\Windows\System32\backgroundTaskHost.exe</Data><Data Name='TokenElevationType'>%%1938</Data><Data Name='ProcessId'>0x2f0</Data><Data Name='CommandLine'>"C:\Windows\system32\backgroundTaskHost.exe" -ServerName:CortanaUI.AppXy7vb4pc2dr3kc93kfc509b1d0arkfb2x.mca</Data><Data Name='TargetUserSid'>ATTACKRANGE\REED_LARSEN</Data><Data Name='TargetUserName'>reed_larsen</Data><Data Name='TargetDomainName'>ATTACKRANGE</Data><Data Name='TargetLogonId'>0x1360f2</Data><Data Name='ParentProcessName'>C:\Windows\System32\svchost.exe</Data><Data Name='MandatoryLabel'>Mandatory Label\Low Mandatory Level</Data></EventData></Event>
<Event xmlns='http://schemas.microsoft.com/win/2004/08/events/event'><System><Provider Name='Microsoft-Windows-Security-Auditing' Guid='{54849625-5478-4994-A5BA-3E3B0328C30D}'/><EventID>4688</EventID><Version>2</Version><Level>0</Level><Task>13312</Task><Opcode>0</Opcode><Keywords>0x8020000000000000</Keywords><TimeCreated SystemTime='2022-09-08T19:03:42.419644200Z'/><EventRecordID>335389</EventRecordID><Correlation/><Execution ProcessID='4' ThreadID='4256'/><Channel>Security</Channel><Computer>win-host-mvelazco-02713-447.attackrange.local</Computer><Security/></System><EventData><Data Name='SubjectUserSid'>NT AUTHORITY\SYSTEM</Data><Data Name='SubjectUserName'>WIN-HOST-MVELAZ$</Data><Data Name='SubjectDomainName'>ATTACKRANGE</Data><Data Name='SubjectLogonId'>0x3e7</Data><Data Name='NewProcessId'>0x10c8</Data><Data Name='NewProcessName'>C:\Program Files\SplunkUniversalForwarder\bin\splunk-netmon.exe</Data><Data Name='TokenElevationType'>%%1936</Data><Data Name='ProcessId'>0x7d4</Data><Data Name='CommandLine'>"C:\Program Files\SplunkUniversalForwarder\bin\splunk-netmon.exe"</Data><Data Name='TargetUserSid'>NULL SID</Data><Data Name='TargetUserName'>-</Data><Data Name='TargetDomainName'>-</Data><Data Name='TargetLogonId'>0x0</Data><Data Name='ParentProcessName'>C:\Program Files\SplunkUniversalForwarder\bin\splunkd.exe</Data><Data Name='MandatoryLabel'>Mandatory Label\System Mandatory Level</Data></EventData></Event>
<Event xmlns='http://schemas.microsoft.com/win/2004/08/events/event'><System><Provider Name='Microsoft-Windows-Security-Auditing' Guid='{54849625-5478-4994-A5BA-3E3B0328C30D}'/><EventID>4688</EventID><Version>2</Version><Level>0</Level><Task>13312</Task><Opcode>0</Opcode><Keywords>0x8020000000000000</Keywords><TimeCreated SystemTime='2022-09-08T19:03:43.997709800Z'/><EventRecordID>335391</EventRecordID><Correlation/><Execution ProcessID='4' ThreadID='5868'/><Channel>Security</Channel><Computer>win-host-mvelazco-02713-447.attackrange.local</Computer><Security/></System><EventData><Data Name='SubjectUserSid'>NT AUTHORITY\SYSTEM</Data><Data Name='SubjectUserName'>WIN-HOST-MVELAZ$</Data><Data Name='SubjectDomainName'>ATTACKRANGE</Data><Data Name='SubjectLogonId'>0x3e7</Data><Data Name='NewProcessId'>0x9e8</Data><Data Name='NewProcessName'>C:\Program Files\SplunkUniversalForwarder\bin\splunk-admon.exe</Data><Data Name='TokenElevationType'>%%1936</Data><Data Name='ProcessId'>0x7d4</Data><Data Name='CommandLine'>"C:\Program Files\SplunkUniversalForwarder\bin\splunk-admon.exe"</Data><Data Name='TargetUserSid'>NULL SID</Data><Data Name='TargetUserName'>-</Data><Data Name='TargetDomainName'>-</Data><Data Name='TargetLogonId'>0x0</Data><Data Name='ParentProcessName'>C:\Program Files\SplunkUniversalForwarder\bin\splunkd.exe</Data><Data Name='MandatoryLabel'>Mandatory Label\System Mandatory Level</Data></EventData></Event>
<Event xmlns='http://schemas.microsoft.com/win/2004/08/events/event'><System><Provider Name='Microsoft-Windows-Security-Auditing' Guid='{54849625-5478-4994-A5BA-3E3B0328C30D}'/><EventID>4688</EventID><Version>2</Version><Level>0</Level><Task>13312</Task><Opcode>0</Opcode><Keywords>0x8020000000000000</Keywords><TimeCreated SystemTime='2022-09-08T19:03:43.310442300Z'/><EventRecordID>335390</EventRecordID><Correlation/><Execution ProcessID='4' ThreadID='3720'/><Channel>Security</Channel><Computer>win-host-mvelazco-02713-447.attackrange.local</Computer><Security/></System><EventData><Data Name='SubjectUserSid'>NT AUTHORITY\SYSTEM</Data><Data Name='SubjectUserName'>WIN-HOST-MVELAZ$</Data><Data Name='SubjectDomainName'>ATTACKRANGE</Data><Data Name='SubjectLogonId'>0x3e7</Data><Data Name='NewProcessId'>0x129c</Data><Data Name='NewProcessName'>C:\Program Files\SplunkUniversalForwarder\bin\splunk-MonitorNoHandle.exe</Data><Data Name='TokenElevationType'>%%1936</Data><Data Name='ProcessId'>0x7d4</Data><Data Name='CommandLine'>"C:\Program Files\SplunkUniversalForwarder\bin\splunk-MonitorNoHandle.exe"</Data><Data Name='TargetUserSid'>NULL SID</Data><Data Name='TargetUserName'>-</Data><Data Name='TargetDomainName'>-</Data><Data Name='TargetLogonId'>0x0</Data><Data Name='ParentProcessName'>C:\Program Files\SplunkUniversalForwarder\bin\splunkd.exe</Data><Data Name='MandatoryLabel'>Mandatory Label\System Mandatory Level</Data></EventData></Event>
<Event xmlns='http://schemas.microsoft.com/win/2004/08/events/event'><System><Provider Name='Microsoft-Windows-Security-Auditing' Guid='{54849625-5478-4994-A5BA-3E3B0328C30D}'/><EventID>4688</EventID><Version>2</Version><Level>0</Level><Task>13312</Task><Opcode>0</Opcode><Keywords>0x8020000000000000</Keywords><TimeCreated SystemTime='2022-09-08T19:03:47.997745000Z'/><EventRecordID>335392</EventRecordID><Correlation/><Execution ProcessID='4' ThreadID='4256'/><Channel>Security</Channel><Computer>win-host-mvelazco-02713-447.attackrange.local</Computer><Security/></System><EventData><Data Name='SubjectUserSid'>NT AUTHORITY\SYSTEM</Data><Data Name='SubjectUserName'>WIN-HOST-MVELAZ$</Data><Data Name='SubjectDomainName'>ATTACKRANGE</Data><Data Name='SubjectLogonId'>0x3e7</Data><Data Name='NewProcessId'>0x774</Data><Data Name='NewProcessName'>C:\Program Files\SplunkUniversalForwarder\bin\splunk-powershell.exe</Data><Data Name='TokenElevationType'>%%1936</Data><Data Name='ProcessId'>0x7d4</Data><Data Name='CommandLine'>"C:\Program Files\SplunkUniversalForwarder\bin\splunk-powershell.exe"</Data><Data Name='TargetUserSid'>NULL SID</Data><Data Name='TargetUserName'>-</Data><Data Name='TargetDomainName'>-</Data><Data Name='TargetLogonId'>0x0</Data><Data Name='ParentProcessName'>C:\Program Files\SplunkUniversalForwarder\bin\splunkd.exe</Data><Data Name='MandatoryLabel'>Mandatory Label\System Mandatory Level</Data></EventData></Event>
<Event xmlns='http://schemas.microsoft.com/win/2004/08/events/event'><System><Provider Name='Microsoft-Windows-Security-Auditing' Guid='{54849625-5478-4994-A5BA-3E3B0328C30D}'/><EventID>4688</EventID><Version>2</Version><Level>0</Level><Task>13312</Task><Opcode>0</Opcode><Keywords>0x8020000000000000</Keywords><TimeCreated SystemTime='2022-09-08T19:03:48.998016300Z'/><EventRecordID>335394</EventRecordID><Correlation/><Execution ProcessID='4' ThreadID='3720'/><Channel>Security</Channel><Computer>win-host-mvelazco-02713-447.attackrange.local</Computer><Security/></System><EventData><Data Name='SubjectUserSid'>NT AUTHORITY\SYSTEM</Data><Data Name='SubjectUserName'>WIN-HOST-MVELAZ$</Data><Data Name='SubjectDomainName'>ATTACKRANGE</Data><Data Name='SubjectLogonId'>0x3e7</Data><Data Name='NewProcessId'>0x138c</Data><Data Name='NewProcessName'>C:\Program Files\SplunkUniversalForwarder\bin\splunk-powershell.exe</Data><Data Name='TokenElevationType'>%%1936</Data><Data Name='ProcessId'>0x7d4</Data><Data Name='CommandLine'>"C:\Program Files\SplunkUniversalForwarder\bin\splunk-powershell.exe" --ps2</Data><Data Name='TargetUserSid'>NULL SID</Data><Data Name='TargetUserName'>-</Data><Data Name='TargetDomainName'>-</Data><Data Name='TargetLogonId'>0x0</Data><Data Name='ParentProcessName'>C:\Program Files\SplunkUniversalForwarder\bin\splunkd.exe</Data><Data Name='MandatoryLabel'>Mandatory Label\System Mandatory Level</Data></EventData></Event>
