<Event xmlns='http://schemas.microsoft.com/win/2004/08/events/event'><System><Provider Name='Microsoft-Windows-Security-Auditing' Guid='{54849625-5478-4994-A5BA-3E3B0328C30D}'/><EventID>4625</EventID><Version>0</Version><Level>0</Level><Task>12544</Task><Opcode>0</Opcode><Keywords>0x8010000000000000</Keywords><TimeCreated SystemTime='2022-09-08T19:03:49.965633900Z'/><EventRecordID>335424</EventRecordID><Correlation ActivityID='{61CE8B0D-C305-0002-148B-CE6105C3D801}'/><Execution ProcessID='644' ThreadID='2476'/><Channel>Security</Channel><Computer>win-host-mvelazco-02713-447.attackrange.local</Computer><Security/></System><EventData><Data Name='SubjectUserSid'>ATTACKRANGE\REED_LARSEN</Data><Data Name='SubjectUserName'>reed_larsen</Data><Data Name='SubjectDomainName'>ATTACKRANGE</Data><Data Name='SubjectLogonId'>0x1360f2</Data><Data Name='TargetUserSid'>NULL SID</Data><Data Name='TargetUserName'>PZXIAUHM</Data><Data Name='TargetDomainName'>attackrange.local</Data><Data Name='Status'>0xc000006d</Data><Data Name='FailureReason'>%%2313</Data><Data Name='SubStatus'>0xc0000064</Data><Data Name='LogonType'>2</Data><Data Name='LogonProcessName'>Advapi  </Data><Data Name='AuthenticationPackageName'>MICROSOFT_AUTHENTICATION_PACKAGE_V1_0</Data><Data Name='WorkstationName'>WIN-HOST-MVELAZ</Data><Data Name='TransmittedServices'>-</Data><Data Name='LmPackageName'>-</Data><Data Name='KeyLength'>0</Data><Data Name='ProcessId'>0x1370</Data><Data Name='ProcessName'>C:\Tools\PurpleSharp\PurpleSharp.exe</Data><Data Name='IpAddress'>-</Data><Data Name='IpPort'>-</Data></EventData></Event>
<Event xmlns='http://schemas.microsoft.com/win/2004/08/events/event'><System><Provider Name='Microsoft-Windows-Security-Auditing' Guid='{54849625-5478-4994-A5BA-3E3B0328C30D}'/><EventID>4625</EventID><Version>0</Version><Level>0</Level><Task>12544</Task><Opcode>0</Opcode><Keywords>0x8010000000000000</Keywords><TimeCreated SystemTime='2022-09-08T19:03:49.961324400Z'/><EventRecordID>335423</EventRecordID><Correlation ActivityID='{61CE8B0D-C305-0002-148B-CE6105C3D801}'/><Execution ProcessID='644' ThreadID='2476'/><Channel>Security</Channel><Computer>win-host-mvelazco-02713-447.attackrange.local</Computer><Security/></System><EventData><Data Name='SubjectUserSid'>ATTACKRANGE\REED_LARSEN</Data><Data Name='SubjectUserName'>reed_larsen</Data><Data Name='SubjectDomainName'>ATTACKRANGE</Data><Data Name='SubjectLogonId'>0x1360f2</Data><Data Name='TargetUserSid'>NULL SID</Data><Data Name='TargetUserName'>OVEXQUKS</Data><Data Name='TargetDomainName'>attackrange.local</Data><Data Name='Status'>0xc000006d</Data><Data Name='FailureReason'>%%2313</Data><Data Name='SubStatus'>0xc0000064</Data><Data Name='LogonType'>2</Data><Data Name='LogonProcessName'>Advapi  </Data><Data Name='AuthenticationPackageName'>MICROSOFT_AUTHENTICATION_PACKAGE_V1_0</Data><Data Name='WorkstationName'>WIN-HOST-MVELAZ</Data><Data Name='TransmittedServices'>-</Data><Data Name='LmPackageName'>-</Data><Data Name='KeyLength'>0</Data><Data Name='ProcessId'>0x1370</Data><Data Name='ProcessName'>C:\Tools\PurpleSharp\PurpleSharp.exe</Data><Data Name='IpAddress'>-</Data><Data Name='IpPort'>-</Data></EventData></Event>
<Event xmlns='http://schemas.microsoft.com/win/2004/08/events/event'><System><Provider Name='Microsoft-Windows-Security-Auditing' Guid='{54849625-5478-4994-A5BA-3E3B0328C30D}'/><EventID>4625</EventID><Version>0</Version><Level>0</Level><Task>12544</Task><Opcode>0</Opcode><Keywords>0x8010000000000000</Keywords><TimeCreated SystemTime='2022-09-08T19:03:49.959008100Z'/><EventRecordID>335422</EventRecordID><Correlation ActivityID='{61CE8B0D-C305-0002-148B-CE6105C3D801}'/><Execution ProcessID='644' ThreadID='2476'/><Channel>Security</Channel><Computer>win-host-mvelazco-02713-447.attackrange.local</Computer><Security/></System><EventData><Data Name='SubjectUserSid'>ATTACKRANGE\REED_LARSEN</Data><Data Name='SubjectUserName'>reed_larsen</Data><Data Name='SubjectDomainName'>ATTACKRANGE</Data><Data Name='SubjectLogonId'>0x1360f2</Data><Data Name='TargetUserSid'>NULL SID</Data><Data Name='TargetUserName'>EUOHFHDN</Data><Data Name='TargetDomainName'>attackrange.local</Data><Data Name='Status'>0xc000006d</Data><Data Name='FailureReason'>%%2313</Data><Data Name='SubStatus'>0xc0000064</Data><Data Name='LogonType'>2</Data><Data Name='LogonProcessName'>Advapi  </Data><Data Name='AuthenticationPackageName'>MICROSOFT_AUTHENTICATION_PACKAGE_V1_0</Data><Data Name='WorkstationName'>WIN-HOST-MVELAZ</Data><Data Name='TransmittedServices'>-</Data><Data Name='LmPackageName'>-</Data><Data Name='KeyLength'>0</Data><Data Name='ProcessId'>0x1370</Data><Data Name='ProcessName'>C:\Tools\PurpleSharp\PurpleSharp.exe</Data><Data Name='IpAddress'>-</Data><Data Name='IpPort'>-</Data></EventData></Event>
<Event xmlns='http://schemas.microsoft.com/win/2004/08/events/event'><System><Provider Name='Microsoft-Windows-Security-Auditing' Guid='{54849625-5478-4994-A5BA-3E3B0328C30D}'/><EventID>4625</EventID><Version>0</Version><Level>0</Level><Task>12544</Task><Opcode>0</Opcode><Keywords>0x8010000000000000</Keywords><TimeCreated SystemTime='2022-09-08T19:03:49.950459700Z'/><EventRecordID>335421</EventRecordID><Correlation ActivityID='{61CE8B0D-C305-0002-148B-CE6105C3D801}'/><Execution ProcessID='644' ThreadID='2476'/><Channel>Security</Channel><Computer>win-host-mvelazco-02713-447.attackrange.local</Computer><Security/></System><EventData><Data Name='SubjectUserSid'>ATTACKRANGE\REED_LARSEN</Data><Data Name='SubjectUserName'>reed_larsen</Data><Data Name='SubjectDomainName'>ATTACKRANGE</Data><Data Name='SubjectLogonId'>0x1360f2</Data><Data Name='TargetUserSid'>NULL SID</Data><Data Name='TargetUserName'>OOGGQXYD</Data><Data Name='TargetDomainName'>attackrange.local</Data><Data Name='Status'>0xc000006d</Data><Data Name='FailureReason'>%%2313</Data><Data Name='SubStatus'>0xc0000064</Data><Data Name='LogonType'>2</Data><Data Name='LogonProcessName'>Advapi  </Data><Data Name='AuthenticationPackageName'>MICROSOFT_AUTHENTICATION_PACKAGE_V1_0</Data><Data Name='WorkstationName'>WIN-HOST-MVELAZ</Data><Data Name='TransmittedServices'>-</Data><Data Name='LmPackageName'>-</Data><Data Name='KeyLength'>0</Data><Data Name='ProcessId'>0x1370</Data><Data Name='ProcessName'>C:\Tools\PurpleSharp\PurpleSharp.exe</Data><Data Name='IpAddress'>-</Data><Data Name='IpPort'>-</Data></EventData></Event>
<Event xmlns='http://schemas.microsoft.com/win/2004/08/events/event'><System><Provider Name='Microsoft-Windows-Security-Auditing' Guid='{54849625-5478-4994-A5BA-3E3B0328C30D}'/><EventID>4625</EventID><Version>0</Version><Level>0</Level><Task>12544</Task><Opcode>0</Opcode><Keywords>0x8010000000000000</Keywords><TimeCreated SystemTime='2022-09-08T19:03:49.948484100Z'/><EventRecordID>335420</EventRecordID><Correlation ActivityID='{61CE8B0D-C305-0002-148B-CE6105C3D801}'/><Execution ProcessID='644' ThreadID='2476'/><Channel>Security</Channel><Computer>win-host-mvelazco-02713-447.attackrange.local</Computer><Security/></System><EventData><Data Name='SubjectUserSid'>ATTACKRANGE\REED_LARSEN</Data><Data Name='SubjectUserName'>reed_larsen</Data><Data Name='SubjectDomainName'>ATTACKRANGE</Data><Data Name='SubjectLogonId'>0x1360f2</Data><Data Name='TargetUserSid'>NULL SID</Data><Data Name='TargetUserName'>XKROWGMR</Data><Data Name='TargetDomainName'>attackrange.local</Data><Data Name='Status'>0xc000006d</Data><Data Name='FailureReason'>%%2313</Data><Data Name='SubStatus'>0xc0000064</Data><Data Name='LogonType'>2</Data><Data Name='LogonProcessName'>Advapi  </Data><Data Name='AuthenticationPackageName'>MICROSOFT_AUTHENTICATION_PACKAGE_V1_0</Data><Data Name='WorkstationName'>WIN-HOST-MVELAZ</Data><Data Name='TransmittedServices'>-</Data><Data Name='LmPackageName'>-</Data><Data Name='KeyLength'>0</Data><Data Name='ProcessId'>0x1370</Data><Data Name='ProcessName'>C:\Tools\PurpleSharp\PurpleSharp.exe</Data><Data Name='IpAddress'>-</Data><Data Name='IpPort'>-</Data></EventData></Event>
<Event xmlns='http://schemas.microsoft.com/win/2004/08/events/event'><System><Provider Name='Microsoft-Windows-Security-Auditing' Guid='{54849625-5478-4994-A5BA-3E3B0328C30D}'/><EventID>4625</EventID><Version>0</Version><Level>0</Level><Task>12544</Task><Opcode>0</Opcode><Keywords>0x8010000000000000</Keywords><TimeCreated SystemTime='2022-09-08T19:03:49.944570000Z'/><EventRecordID>335419</EventRecordID><Correlation ActivityID='{61CE8B0D-C305-0002-148B-CE6105C3D801}'/><Execution ProcessID='644' ThreadID='2476'/><Channel>Security</Channel><Computer>win-host-mvelazco-02713-447.attackrange.local</Computer><Security/></System><EventData><Data Name='SubjectUserSid'>ATTACKRANGE\REED_LARSEN</Data><Data Name='SubjectUserName'>reed_larsen</Data><Data Name='SubjectDomainName'>ATTACKRANGE</Data><Data Name='SubjectLogonId'>0x1360f2</Data><Data Name='TargetUserSid'>NULL SID</Data><Data Name='TargetUserName'>BGANNKAJ</Data><Data Name='TargetDomainName'>attackrange.local</Data><Data Name='Status'>0xc000006d</Data><Data Name='FailureReason'>%%2313</Data><Data Name='SubStatus'>0xc0000064</Data><Data Name='LogonType'>2</Data><Data Name='LogonProcessName'>Advapi  </Data><Data Name='AuthenticationPackageName'>MICROSOFT_AUTHENTICATION_PACKAGE_V1_0</Data><Data Name='WorkstationName'>WIN-HOST-MVELAZ</Data><Data Name='TransmittedServices'>-</Data><Data Name='LmPackageName'>-</Data><Data Name='KeyLength'>0</Data><Data Name='ProcessId'>0x1370</Data><Data Name='ProcessName'>C:\Tools\PurpleSharp\PurpleSharp.exe</Data><Data Name='IpAddress'>-</Data><Data Name='IpPort'>-</Data></EventData></Event>
<Event xmlns='http://schemas.microsoft.com/win/2004/08/events/event'><System><Provider Name='Microsoft-Windows-Security-Auditing' Guid='{54849625-5478-4994-A5BA-3E3B0328C30D}'/><EventID>4625</EventID><Version>0</Version><Level>0</Level><Task>12544</Task><Opcode>0</Opcode><Keywords>0x8010000000000000</Keywords><TimeCreated SystemTime='2022-09-08T19:03:49.942956900Z'/><EventRecordID>335418</EventRecordID><Correlation ActivityID='{61CE8B0D-C305-0002-148B-CE6105C3D801}'/><Execution ProcessID='644' ThreadID='2476'/><Channel>Security</Channel><Computer>win-host-mvelazco-02713-447.attackrange.local</Computer><Security/></System><EventData><Data Name='SubjectUserSid'>ATTACKRANGE\REED_LARSEN</Data><Data Name='SubjectUserName'>reed_larsen</Data><Data Name='SubjectDomainName'>ATTACKRANGE</Data><Data Name='SubjectLogonId'>0x1360f2</Data><Data Name='TargetUserSid'>NULL SID</Data><Data Name='TargetUserName'>SGGNTBUW</Data><Data Name='TargetDomainName'>attackrange.local</Data><Data Name='Status'>0xc000006d</Data><Data Name='FailureReason'>%%2313</Data><Data Name='SubStatus'>0xc0000064</Data><Data Name='LogonType'>2</Data><Data Name='LogonProcessName'>Advapi  </Data><Data Name='AuthenticationPackageName'>MICROSOFT_AUTHENTICATION_PACKAGE_V1_0</Data><Data Name='WorkstationName'>WIN-HOST-MVELAZ</Data><Data Name='TransmittedServices'>-</Data><Data Name='LmPackageName'>-</Data><Data Name='KeyLength'>0</Data><Data Name='ProcessId'>0x1370</Data><Data Name='ProcessName'>C:\Tools\PurpleSharp\PurpleSharp.exe</Data><Data Name='IpAddress'>-</Data><Data Name='IpPort'>-</Data></EventData></Event>
<Event xmlns='http://schemas.microsoft.com/win/2004/08/events/event'><System><Provider Name='Microsoft-Windows-Security-Auditing' Guid='{54849625-5478-4994-A5BA-3E3B0328C30D}'/><EventID>4625</EventID><Version>0</Version><Level>0</Level><Task>12544</Task><Opcode>0</Opcode><Keywords>0x8010000000000000</Keywords><TimeCreated SystemTime='2022-09-08T19:03:49.939141100Z'/><EventRecordID>335417</EventRecordID><Correlation ActivityID='{61CE8B0D-C305-0002-148B-CE6105C3D801}'/><Execution ProcessID='644' ThreadID='2476'/><Channel>Security</Channel><Computer>win-host-mvelazco-02713-447.attackrange.local</Computer><Security/></System><EventData><Data Name='SubjectUserSid'>ATTACKRANGE\REED_LARSEN</Data><Data Name='SubjectUserName'>reed_larsen</Data><Data Name='SubjectDomainName'>ATTACKRANGE</Data><Data Name='SubjectLogonId'>0x1360f2</Data><Data Name='TargetUserSid'>NULL SID</Data><Data Name='TargetUserName'>CPIUTSJD</Data><Data Name='TargetDomainName'>attackrange.local</Data><Data Name='Status'>0xc000006d</Data><Data Name='FailureReason'>%%2313</Data><Data Name='SubStatus'>0xc0000064</Data><Data Name='LogonType'>2</Data><Data Name='LogonProcessName'>Advapi  </Data><Data Name='AuthenticationPackageName'>MICROSOFT_AUTHENTICATION_PACKAGE_V1_0</Data><Data Name='WorkstationName'>WIN-HOST-MVELAZ</Data><Data Name='TransmittedServices'>-</Data><Data Name='LmPackageName'>-</Data><Data Name='KeyLength'>0</Data><Data Name='ProcessId'>0x1370</Data><Data Name='ProcessName'>C:\Tools\PurpleSharp\PurpleSharp.exe</Data><Data Name='IpAddress'>-</Data><Data Name='IpPort'>-</Data></EventData></Event>
<Event xmlns='http://schemas.microsoft.com/win/2004/08/events/event'><System><Provider Name='Microsoft-Windows-Security-Auditing' Guid='{54849625-5478-4994-A5BA-3E3B0328C30D}'/><EventID>4625</EventID><Version>0</Version><Level>0</Level><Task>12544</Task><Opcode>0</Opcode><Keywords>0x8010000000000000</Keywords><TimeCreated SystemTime='2022-09-08T19:03:49.935747900Z'/><EventRecordID>335416</EventRecordID><Correlation ActivityID='{61CE8B0D-C305-0002-148B-CE6105C3D801}'/><Execution ProcessID='644' ThreadID='2476'/><Channel>Security</Channel><Computer>win-host-mvelazco-02713-447.attackrange.local</Computer><Security/></System><EventData><Data Name='SubjectUserSid'>ATTACKRANGE\REED_LARSEN</Data><Data Name='SubjectUserName'>reed_larsen</Data><Data Name='SubjectDomainName'>ATTACKRANGE</Data><Data Name='SubjectLogonId'>0x1360f2</Data><Data Name='TargetUserSid'>NULL SID</Data><Data Name='TargetUserName'>PJRGDQIY</Data><Data Name='TargetDomainName'>attackrange.local</Data><Data Name='Status'>0xc000006d</Data><Data Name='FailureReason'>%%2313</Data><Data Name='SubStatus'>0xc0000064</Data><Data Name='LogonType'>2</Data><Data Name='LogonProcessName'>Advapi  </Data><Data Name='AuthenticationPackageName'>MICROSOFT_AUTHENTICATION_PACKAGE_V1_0</Data><Data Name='WorkstationName'>WIN-HOST-MVELAZ</Data><Data Name='TransmittedServices'>-</Data><Data Name='LmPackageName'>-</Data><Data Name='KeyLength'>0</Data><Data Name='ProcessId'>0x1370</Data><Data Name='ProcessName'>C:\Tools\PurpleSharp\PurpleSharp.exe</Data><Data Name='IpAddress'>-</Data><Data Name='IpPort'>-</Data></EventData></Event>
<Event xmlns='http://schemas.microsoft.com/win/2004/08/events/event'><System><Provider Name='Microsoft-Windows-Security-Auditing' Guid='{54849625-5478-4994-A5BA-3E3B0328C30D}'/><EventID>4625</EventID><Version>0</Version><Level>0</Level><Task>12544</Task><Opcode>0</Opcode><Keywords>0x8010000000000000</Keywords><TimeCreated SystemTime='2022-09-08T19:03:49.932812700Z'/><EventRecordID>335415</EventRecordID><Correlation ActivityID='{61CE8B0D-C305-0002-148B-CE6105C3D801}'/><Execution ProcessID='644' ThreadID='2476'/><Channel>Security</Channel><Computer>win-host-mvelazco-02713-447.attackrange.local</Computer><Security/></System><EventData><Data Name='SubjectUserSid'>ATTACKRANGE\REED_LARSEN</Data><Data Name='SubjectUserName'>reed_larsen</Data><Data Name='SubjectDomainName'>ATTACKRANGE</Data><Data Name='SubjectLogonId'>0x1360f2</Data><Data Name='TargetUserSid'>NULL SID</Data><Data Name='TargetUserName'>VNXHOMVX</Data><Data Name='TargetDomainName'>attackrange.local</Data><Data Name='Status'>0xc000006d</Data><Data Name='FailureReason'>%%2313</Data><Data Name='SubStatus'>0xc0000064</Data><Data Name='LogonType'>2</Data><Data Name='LogonProcessName'>Advapi  </Data><Data Name='AuthenticationPackageName'>MICROSOFT_AUTHENTICATION_PACKAGE_V1_0</Data><Data Name='WorkstationName'>WIN-HOST-MVELAZ</Data><Data Name='TransmittedServices'>-</Data><Data Name='LmPackageName'>-</Data><Data Name='KeyLength'>0</Data><Data Name='ProcessId'>0x1370</Data><Data Name='ProcessName'>C:\Tools\PurpleSharp\PurpleSharp.exe</Data><Data Name='IpAddress'>-</Data><Data Name='IpPort'>-</Data></EventData></Event>
<Event xmlns='http://schemas.microsoft.com/win/2004/08/events/event'><System><Provider Name='Microsoft-Windows-Security-Auditing' Guid='{54849625-5478-4994-A5BA-3E3B0328C30D}'/><EventID>4625</EventID><Version>0</Version><Level>0</Level><Task>12544</Task><Opcode>0</Opcode><Keywords>0x8010000000000000</Keywords><TimeCreated SystemTime='2022-09-08T19:03:49.919686600Z'/><EventRecordID>335414</EventRecordID><Correlation ActivityID='{61CE8B0D-C305-0002-148B-CE6105C3D801}'/><Execution ProcessID='644' ThreadID='2476'/><Channel>Security</Channel><Computer>win-host-mvelazco-02713-447.attackrange.local</Computer><Security/></System><EventData><Data Name='SubjectUserSid'>ATTACKRANGE\REED_LARSEN</Data><Data Name='SubjectUserName'>reed_larsen</Data><Data Name='SubjectDomainName'>ATTACKRANGE</Data><Data Name='SubjectLogonId'>0x1360f2</Data><Data Name='TargetUserSid'>NULL SID</Data><Data Name='TargetUserName'>IWNJWZRS</Data><Data Name='TargetDomainName'>attackrange.local</Data><Data Name='Status'>0xc000006d</Data><Data Name='FailureReason'>%%2313</Data><Data Name='SubStatus'>0xc0000064</Data><Data Name='LogonType'>2</Data><Data Name='LogonProcessName'>Advapi  </Data><Data Name='AuthenticationPackageName'>MICROSOFT_AUTHENTICATION_PACKAGE_V1_0</Data><Data Name='WorkstationName'>WIN-HOST-MVELAZ</Data><Data Name='TransmittedServices'>-</Data><Data Name='LmPackageName'>-</Data><Data Name='KeyLength'>0</Data><Data Name='ProcessId'>0x1370</Data><Data Name='ProcessName'>C:\Tools\PurpleSharp\PurpleSharp.exe</Data><Data Name='IpAddress'>-</Data><Data Name='IpPort'>-</Data></EventData></Event>
<Event xmlns='http://schemas.microsoft.com/win/2004/08/events/event'><System><Provider Name='Microsoft-Windows-Security-Auditing' Guid='{54849625-5478-4994-A5BA-3E3B0328C30D}'/><EventID>4625</EventID><Version>0</Version><Level>0</Level><Task>12544</Task><Opcode>0</Opcode><Keywords>0x8010000000000000</Keywords><TimeCreated SystemTime='2022-09-08T19:03:49.917805300Z'/><EventRecordID>335413</EventRecordID><Correlation ActivityID='{61CE8B0D-C305-0002-148B-CE6105C3D801}'/><Execution ProcessID='644' ThreadID='2476'/><Channel>Security</Channel><Computer>win-host-mvelazco-02713-447.attackrange.local</Computer><Security/></System><EventData><Data Name='SubjectUserSid'>ATTACKRANGE\REED_LARSEN</Data><Data Name='SubjectUserName'>reed_larsen</Data><Data Name='SubjectDomainName'>ATTACKRANGE</Data><Data Name='SubjectLogonId'>0x1360f2</Data><Data Name='TargetUserSid'>NULL SID</Data><Data Name='TargetUserName'>VSHGYNNQ</Data><Data Name='TargetDomainName'>attackrange.local</Data><Data Name='Status'>0xc000006d</Data><Data Name='FailureReason'>%%2313</Data><Data Name='SubStatus'>0xc0000064</Data><Data Name='LogonType'>2</Data><Data Name='LogonProcessName'>Advapi  </Data><Data Name='AuthenticationPackageName'>MICROSOFT_AUTHENTICATION_PACKAGE_V1_0</Data><Data Name='WorkstationName'>WIN-HOST-MVELAZ</Data><Data Name='TransmittedServices'>-</Data><Data Name='LmPackageName'>-</Data><Data Name='KeyLength'>0</Data><Data Name='ProcessId'>0x1370</Data><Data Name='ProcessName'>C:\Tools\PurpleSharp\PurpleSharp.exe</Data><Data Name='IpAddress'>-</Data><Data Name='IpPort'>-</Data></EventData></Event>
<Event xmlns='http://schemas.microsoft.com/win/2004/08/events/event'><System><Provider Name='Microsoft-Windows-Security-Auditing' Guid='{54849625-5478-4994-A5BA-3E3B0328C30D}'/><EventID>4625</EventID><Version>0</Version><Level>0</Level><Task>12544</Task><Opcode>0</Opcode><Keywords>0x8010000000000000</Keywords><TimeCreated SystemTime='2022-09-08T19:03:49.916310600Z'/><EventRecordID>335412</EventRecordID><Correlation ActivityID='{61CE8B0D-C305-0002-148B-CE6105C3D801}'/><Execution ProcessID='644' ThreadID='2476'/><Channel>Security</Channel><Computer>win-host-mvelazco-02713-447.attackrange.local</Computer><Security/></System><EventData><Data Name='SubjectUserSid'>ATTACKRANGE\REED_LARSEN</Data><Data Name='SubjectUserName'>reed_larsen</Data><Data Name='SubjectDomainName'>ATTACKRANGE</Data><Data Name='SubjectLogonId'>0x1360f2</Data><Data Name='TargetUserSid'>NULL SID</Data><Data Name='TargetUserName'>VTYWBLRP</Data><Data Name='TargetDomainName'>attackrange.local</Data><Data Name='Status'>0xc000006d</Data><Data Name='FailureReason'>%%2313</Data><Data Name='SubStatus'>0xc0000064</Data><Data Name='LogonType'>2</Data><Data Name='LogonProcessName'>Advapi  </Data><Data Name='AuthenticationPackageName'>MICROSOFT_AUTHENTICATION_PACKAGE_V1_0</Data><Data Name='WorkstationName'>WIN-HOST-MVELAZ</Data><Data Name='TransmittedServices'>-</Data><Data Name='LmPackageName'>-</Data><Data Name='KeyLength'>0</Data><Data Name='ProcessId'>0x1370</Data><Data Name='ProcessName'>C:\Tools\PurpleSharp\PurpleSharp.exe</Data><Data Name='IpAddress'>-</Data><Data Name='IpPort'>-</Data></EventData></Event>
<Event xmlns='http://schemas.microsoft.com/win/2004/08/events/event'><System><Provider Name='Microsoft-Windows-Security-Auditing' Guid='{54849625-5478-4994-A5BA-3E3B0328C30D}'/><EventID>4625</EventID><Version>0</Version><Level>0</Level><Task>12544</Task><Opcode>0</Opcode><Keywords>0x8010000000000000</Keywords><TimeCreated SystemTime='2022-09-08T19:03:49.912352200Z'/><EventRecordID>335411</EventRecordID><Correlation ActivityID='{61CE8B0D-C305-0002-148B-CE6105C3D801}'/><Execution ProcessID='644' ThreadID='2476'/><Channel>Security</Channel><Computer>win-host-mvelazco-02713-447.attackrange.local</Computer><Security/></System><EventData><Data Name='SubjectUserSid'>ATTACKRANGE\REED_LARSEN</Data><Data Name='SubjectUserName'>reed_larsen</Data><Data Name='SubjectDomainName'>ATTACKRANGE</Data><Data Name='SubjectLogonId'>0x1360f2</Data><Data Name='TargetUserSid'>NULL SID</Data><Data Name='TargetUserName'>RFXPKGKR</Data><Data Name='TargetDomainName'>attackrange.local</Data><Data Name='Status'>0xc000006d</Data><Data Name='FailureReason'>%%2313</Data><Data Name='SubStatus'>0xc0000064</Data><Data Name='LogonType'>2</Data><Data Name='LogonProcessName'>Advapi  </Data><Data Name='AuthenticationPackageName'>MICROSOFT_AUTHENTICATION_PACKAGE_V1_0</Data><Data Name='WorkstationName'>WIN-HOST-MVELAZ</Data><Data Name='TransmittedServices'>-</Data><Data Name='LmPackageName'>-</Data><Data Name='KeyLength'>0</Data><Data Name='ProcessId'>0x1370</Data><Data Name='ProcessName'>C:\Tools\PurpleSharp\PurpleSharp.exe</Data><Data Name='IpAddress'>-</Data><Data Name='IpPort'>-</Data></EventData></Event>
<Event xmlns='http://schemas.microsoft.com/win/2004/08/events/event'><System><Provider Name='Microsoft-Windows-Security-Auditing' Guid='{54849625-5478-4994-A5BA-3E3B0328C30D}'/><EventID>4625</EventID><Version>0</Version><Level>0</Level><Task>12544</Task><Opcode>0</Opcode><Keywords>0x8010000000000000</Keywords><TimeCreated SystemTime='2022-09-08T19:03:49.910854700Z'/><EventRecordID>335410</EventRecordID><Correlation ActivityID='{61CE8B0D-C305-0002-148B-CE6105C3D801}'/><Execution ProcessID='644' ThreadID='1808'/><Channel>Security</Channel><Computer>win-host-mvelazco-02713-447.attackrange.local</Computer><Security/></System><EventData><Data Name='SubjectUserSid'>ATTACKRANGE\REED_LARSEN</Data><Data Name='SubjectUserName'>reed_larsen</Data><Data Name='SubjectDomainName'>ATTACKRANGE</Data><Data Name='SubjectLogonId'>0x1360f2</Data><Data Name='TargetUserSid'>NULL SID</Data><Data Name='TargetUserName'>KUFEMBYH</Data><Data Name='TargetDomainName'>attackrange.local</Data><Data Name='Status'>0xc000006d</Data><Data Name='FailureReason'>%%2313</Data><Data Name='SubStatus'>0xc0000064</Data><Data Name='LogonType'>2</Data><Data Name='LogonProcessName'>Advapi  </Data><Data Name='AuthenticationPackageName'>MICROSOFT_AUTHENTICATION_PACKAGE_V1_0</Data><Data Name='WorkstationName'>WIN-HOST-MVELAZ</Data><Data Name='TransmittedServices'>-</Data><Data Name='LmPackageName'>-</Data><Data Name='KeyLength'>0</Data><Data Name='ProcessId'>0x1370</Data><Data Name='ProcessName'>C:\Tools\PurpleSharp\PurpleSharp.exe</Data><Data Name='IpAddress'>-</Data><Data Name='IpPort'>-</Data></EventData></Event>
<Event xmlns='http://schemas.microsoft.com/win/2004/08/events/event'><System><Provider Name='Microsoft-Windows-Security-Auditing' Guid='{54849625-5478-4994-A5BA-3E3B0328C30D}'/><EventID>4625</EventID><Version>0</Version><Level>0</Level><Task>12544</Task><Opcode>0</Opcode><Keywords>0x8010000000000000</Keywords><TimeCreated SystemTime='2022-09-08T19:03:49.909349400Z'/><EventRecordID>335409</EventRecordID><Correlation ActivityID='{61CE8B0D-C305-0002-148B-CE6105C3D801}'/><Execution ProcessID='644' ThreadID='1808'/><Channel>Security</Channel><Computer>win-host-mvelazco-02713-447.attackrange.local</Computer><Security/></System><EventData><Data Name='SubjectUserSid'>ATTACKRANGE\REED_LARSEN</Data><Data Name='SubjectUserName'>reed_larsen</Data><Data Name='SubjectDomainName'>ATTACKRANGE</Data><Data Name='SubjectLogonId'>0x1360f2</Data><Data Name='TargetUserSid'>NULL SID</Data><Data Name='TargetUserName'>DZBMABNJ</Data><Data Name='TargetDomainName'>attackrange.local</Data><Data Name='Status'>0xc000006d</Data><Data Name='FailureReason'>%%2313</Data><Data Name='SubStatus'>0xc0000064</Data><Data Name='LogonType'>2</Data><Data Name='LogonProcessName'>Advapi  </Data><Data Name='AuthenticationPackageName'>MICROSOFT_AUTHENTICATION_PACKAGE_V1_0</Data><Data Name='WorkstationName'>WIN-HOST-MVELAZ</Data><Data Name='TransmittedServices'>-</Data><Data Name='LmPackageName'>-</Data><Data Name='KeyLength'>0</Data><Data Name='ProcessId'>0x1370</Data><Data Name='ProcessName'>C:\Tools\PurpleSharp\PurpleSharp.exe</Data><Data Name='IpAddress'>-</Data><Data Name='IpPort'>-</Data></EventData></Event>
<Event xmlns='http://schemas.microsoft.com/win/2004/08/events/event'><System><Provider Name='Microsoft-Windows-Security-Auditing' Guid='{54849625-5478-4994-A5BA-3E3B0328C30D}'/><EventID>4625</EventID><Version>0</Version><Level>0</Level><Task>12544</Task><Opcode>0</Opcode><Keywords>0x8010000000000000</Keywords><TimeCreated SystemTime='2022-09-08T19:03:49.907835900Z'/><EventRecordID>335408</EventRecordID><Correlation ActivityID='{61CE8B0D-C305-0002-148B-CE6105C3D801}'/><Execution ProcessID='644' ThreadID='1808'/><Channel>Security</Channel><Computer>win-host-mvelazco-02713-447.attackrange.local</Computer><Security/></System><EventData><Data Name='SubjectUserSid'>ATTACKRANGE\REED_LARSEN</Data><Data Name='SubjectUserName'>reed_larsen</Data><Data Name='SubjectDomainName'>ATTACKRANGE</Data><Data Name='SubjectLogonId'>0x1360f2</Data><Data Name='TargetUserSid'>NULL SID</Data><Data Name='TargetUserName'>TUVONMBF</Data><Data Name='TargetDomainName'>attackrange.local</Data><Data Name='Status'>0xc000006d</Data><Data Name='FailureReason'>%%2313</Data><Data Name='SubStatus'>0xc0000064</Data><Data Name='LogonType'>2</Data><Data Name='LogonProcessName'>Advapi  </Data><Data Name='AuthenticationPackageName'>MICROSOFT_AUTHENTICATION_PACKAGE_V1_0</Data><Data Name='WorkstationName'>WIN-HOST-MVELAZ</Data><Data Name='TransmittedServices'>-</Data><Data Name='LmPackageName'>-</Data><Data Name='KeyLength'>0</Data><Data Name='ProcessId'>0x1370</Data><Data Name='ProcessName'>C:\Tools\PurpleSharp\PurpleSharp.exe</Data><Data Name='IpAddress'>-</Data><Data Name='IpPort'>-</Data></EventData></Event>
<Event xmlns='http://schemas.microsoft.com/win/2004/08/events/event'><System><Provider Name='Microsoft-Windows-Security-Auditing' Guid='{54849625-5478-4994-A5BA-3E3B0328C30D}'/><EventID>4625</EventID><Version>0</Version><Level>0</Level><Task>12544</Task><Opcode>0</Opcode><Keywords>0x8010000000000000</Keywords><TimeCreated SystemTime='2022-09-08T19:03:49.903194300Z'/><EventRecordID>335407</EventRecordID><Correlation ActivityID='{61CE8B0D-C305-0002-148B-CE6105C3D801}'/><Execution ProcessID='644' ThreadID='1808'/><Channel>Security</Channel><Computer>win-host-mvelazco-02713-447.attackrange.local</Computer><Security/></System><EventData><Data Name='SubjectUserSid'>ATTACKRANGE\REED_LARSEN</Data><Data Name='SubjectUserName'>reed_larsen</Data><Data Name='SubjectDomainName'>ATTACKRANGE</Data><Data Name='SubjectLogonId'>0x1360f2</Data><Data Name='TargetUserSid'>NULL SID</Data><Data Name='TargetUserName'>SVGXDBDE</Data><Data Name='TargetDomainName'>attackrange.local</Data><Data Name='Status'>0xc000006d</Data><Data Name='FailureReason'>%%2313</Data><Data Name='SubStatus'>0xc0000064</Data><Data Name='LogonType'>2</Data><Data Name='LogonProcessName'>Advapi  </Data><Data Name='AuthenticationPackageName'>MICROSOFT_AUTHENTICATION_PACKAGE_V1_0</Data><Data Name='WorkstationName'>WIN-HOST-MVELAZ</Data><Data Name='TransmittedServices'>-</Data><Data Name='LmPackageName'>-</Data><Data Name='KeyLength'>0</Data><Data Name='ProcessId'>0x1370</Data><Data Name='ProcessName'>C:\Tools\PurpleSharp\PurpleSharp.exe</Data><Data Name='IpAddress'>-</Data><Data Name='IpPort'>-</Data></EventData></Event>
<Event xmlns='http://schemas.microsoft.com/win/2004/08/events/event'><System><Provider Name='Microsoft-Windows-Security-Auditing' Guid='{54849625-5478-4994-A5BA-3E3B0328C30D}'/><EventID>4625</EventID><Version>0</Version><Level>0</Level><Task>12544</Task><Opcode>0</Opcode><Keywords>0x8010000000000000</Keywords><TimeCreated SystemTime='2022-09-08T19:03:49.901131000Z'/><EventRecordID>335406</EventRecordID><Correlation ActivityID='{61CE8B0D-C305-0002-148B-CE6105C3D801}'/><Execution ProcessID='644' ThreadID='2476'/><Channel>Security</Channel><Computer>win-host-mvelazco-02713-447.attackrange.local</Computer><Security/></System><EventData><Data Name='SubjectUserSid'>ATTACKRANGE\REED_LARSEN</Data><Data Name='SubjectUserName'>reed_larsen</Data><Data Name='SubjectDomainName'>ATTACKRANGE</Data><Data Name='SubjectLogonId'>0x1360f2</Data><Data Name='TargetUserSid'>NULL SID</Data><Data Name='TargetUserName'>BXXLGZZN</Data><Data Name='TargetDomainName'>attackrange.local</Data><Data Name='Status'>0xc000006d</Data><Data Name='FailureReason'>%%2313</Data><Data Name='SubStatus'>0xc0000064</Data><Data Name='LogonType'>2</Data><Data Name='LogonProcessName'>Advapi  </Data><Data Name='AuthenticationPackageName'>MICROSOFT_AUTHENTICATION_PACKAGE_V1_0</Data><Data Name='WorkstationName'>WIN-HOST-MVELAZ</Data><Data Name='TransmittedServices'>-</Data><Data Name='LmPackageName'>-</Data><Data Name='KeyLength'>0</Data><Data Name='ProcessId'>0x1370</Data><Data Name='ProcessName'>C:\Tools\PurpleSharp\PurpleSharp.exe</Data><Data Name='IpAddress'>-</Data><Data Name='IpPort'>-</Data></EventData></Event>
<Event xmlns='http://schemas.microsoft.com/win/2004/08/events/event'><System><Provider Name='Microsoft-Windows-Security-Auditing' Guid='{54849625-5478-4994-A5BA-3E3B0328C30D}'/><EventID>4625</EventID><Version>0</Version><Level>0</Level><Task>12544</Task><Opcode>0</Opcode><Keywords>0x8010000000000000</Keywords><TimeCreated SystemTime='2022-09-08T19:03:49.899684700Z'/><EventRecordID>335405</EventRecordID><Correlation ActivityID='{61CE8B0D-C305-0002-148B-CE6105C3D801}'/><Execution ProcessID='644' ThreadID='1808'/><Channel>Security</Channel><Computer>win-host-mvelazco-02713-447.attackrange.local</Computer><Security/></System><EventData><Data Name='SubjectUserSid'>ATTACKRANGE\REED_LARSEN</Data><Data Name='SubjectUserName'>reed_larsen</Data><Data Name='SubjectDomainName'>ATTACKRANGE</Data><Data Name='SubjectLogonId'>0x1360f2</Data><Data Name='TargetUserSid'>NULL SID</Data><Data Name='TargetUserName'>SZYRQWAE</Data><Data Name='TargetDomainName'>attackrange.local</Data><Data Name='Status'>0xc000006d</Data><Data Name='FailureReason'>%%2313</Data><Data Name='SubStatus'>0xc0000064</Data><Data Name='LogonType'>2</Data><Data Name='LogonProcessName'>Advapi  </Data><Data Name='AuthenticationPackageName'>MICROSOFT_AUTHENTICATION_PACKAGE_V1_0</Data><Data Name='WorkstationName'>WIN-HOST-MVELAZ</Data><Data Name='TransmittedServices'>-</Data><Data Name='LmPackageName'>-</Data><Data Name='KeyLength'>0</Data><Data Name='ProcessId'>0x1370</Data><Data Name='ProcessName'>C:\Tools\PurpleSharp\PurpleSharp.exe</Data><Data Name='IpAddress'>-</Data><Data Name='IpPort'>-</Data></EventData></Event>
<Event xmlns='http://schemas.microsoft.com/win/2004/08/events/event'><System><Provider Name='Microsoft-Windows-Security-Auditing' Guid='{54849625-5478-4994-A5BA-3E3B0328C30D}'/><EventID>4625</EventID><Version>0</Version><Level>0</Level><Task>12544</Task><Opcode>0</Opcode><Keywords>0x8010000000000000</Keywords><TimeCreated SystemTime='2022-09-08T19:03:49.898388700Z'/><EventRecordID>335404</EventRecordID><Correlation ActivityID='{61CE8B0D-C305-0002-148B-CE6105C3D801}'/><Execution ProcessID='644' ThreadID='1808'/><Channel>Security</Channel><Computer>win-host-mvelazco-02713-447.attackrange.local</Computer><Security/></System><EventData><Data Name='SubjectUserSid'>ATTACKRANGE\REED_LARSEN</Data><Data Name='SubjectUserName'>reed_larsen</Data><Data Name='SubjectDomainName'>ATTACKRANGE</Data><Data Name='SubjectLogonId'>0x1360f2</Data><Data Name='TargetUserSid'>NULL SID</Data><Data Name='TargetUserName'>HRTQLQDO</Data><Data Name='TargetDomainName'>attackrange.local</Data><Data Name='Status'>0xc000006d</Data><Data Name='FailureReason'>%%2313</Data><Data Name='SubStatus'>0xc0000064</Data><Data Name='LogonType'>2</Data><Data Name='LogonProcessName'>Advapi  </Data><Data Name='AuthenticationPackageName'>MICROSOFT_AUTHENTICATION_PACKAGE_V1_0</Data><Data Name='WorkstationName'>WIN-HOST-MVELAZ</Data><Data Name='TransmittedServices'>-</Data><Data Name='LmPackageName'>-</Data><Data Name='KeyLength'>0</Data><Data Name='ProcessId'>0x1370</Data><Data Name='ProcessName'>C:\Tools\PurpleSharp\PurpleSharp.exe</Data><Data Name='IpAddress'>-</Data><Data Name='IpPort'>-</Data></EventData></Event>
<Event xmlns='http://schemas.microsoft.com/win/2004/08/events/event'><System><Provider Name='Microsoft-Windows-Security-Auditing' Guid='{54849625-5478-4994-A5BA-3E3B0328C30D}'/><EventID>4625</EventID><Version>0</Version><Level>0</Level><Task>12544</Task><Opcode>0</Opcode><Keywords>0x8010000000000000</Keywords><TimeCreated SystemTime='2022-09-08T19:03:49.896984200Z'/><EventRecordID>335403</EventRecordID><Correlation ActivityID='{61CE8B0D-C305-0002-148B-CE6105C3D801}'/><Execution ProcessID='644' ThreadID='1808'/><Channel>Security</Channel><Computer>win-host-mvelazco-02713-447.attackrange.local</Computer><Security/></System><EventData><Data Name='SubjectUserSid'>ATTACKRANGE\REED_LARSEN</Data><Data Name='SubjectUserName'>reed_larsen</Data><Data Name='SubjectDomainName'>ATTACKRANGE</Data><Data Name='SubjectLogonId'>0x1360f2</Data><Data Name='TargetUserSid'>NULL SID</Data><Data Name='TargetUserName'>FKZGCKNF</Data><Data Name='TargetDomainName'>attackrange.local</Data><Data Name='Status'>0xc000006d</Data><Data Name='FailureReason'>%%2313</Data><Data Name='SubStatus'>0xc0000064</Data><Data Name='LogonType'>2</Data><Data Name='LogonProcessName'>Advapi  </Data><Data Name='AuthenticationPackageName'>MICROSOFT_AUTHENTICATION_PACKAGE_V1_0</Data><Data Name='WorkstationName'>WIN-HOST-MVELAZ</Data><Data Name='TransmittedServices'>-</Data><Data Name='LmPackageName'>-</Data><Data Name='KeyLength'>0</Data><Data Name='ProcessId'>0x1370</Data><Data Name='ProcessName'>C:\Tools\PurpleSharp\PurpleSharp.exe</Data><Data Name='IpAddress'>-</Data><Data Name='IpPort'>-</Data></EventData></Event>
<Event xmlns='http://schemas.microsoft.com/win/2004/08/events/event'><System><Provider Name='Microsoft-Windows-Security-Auditing' Guid='{54849625-5478-4994-A5BA-3E3B0328C30D}'/><EventID>4625</EventID><Version>0</Version><Level>0</Level><Task>12544</Task><Opcode>0</Opcode><Keywords>0x8010000000000000</Keywords><TimeCreated SystemTime='2022-09-08T19:03:49.895395800Z'/><EventRecordID>335402</EventRecordID><Correlation ActivityID='{61CE8B0D-C305-0002-148B-CE6105C3D801}'/><Execution ProcessID='644' ThreadID='1808'/><Channel>Security</Channel><Computer>win-host-mvelazco-02713-447.attackrange.local</Computer><Security/></System><EventData><Data Name='SubjectUserSid'>ATTACKRANGE\REED_LARSEN</Data><Data Name='SubjectUserName'>reed_larsen</Data><Data Name='SubjectDomainName'>ATTACKRANGE</Data><Data Name='SubjectLogonId'>0x1360f2</Data><Data Name='TargetUserSid'>NULL SID</Data><Data Name='TargetUserName'>VHOTLYTE</Data><Data Name='TargetDomainName'>attackrange.local</Data><Data Name='Status'>0xc000006d</Data><Data Name='FailureReason'>%%2313</Data><Data Name='SubStatus'>0xc0000064</Data><Data Name='LogonType'>2</Data><Data Name='LogonProcessName'>Advapi  </Data><Data Name='AuthenticationPackageName'>MICROSOFT_AUTHENTICATION_PACKAGE_V1_0</Data><Data Name='WorkstationName'>WIN-HOST-MVELAZ</Data><Data Name='TransmittedServices'>-</Data><Data Name='LmPackageName'>-</Data><Data Name='KeyLength'>0</Data><Data Name='ProcessId'>0x1370</Data><Data Name='ProcessName'>C:\Tools\PurpleSharp\PurpleSharp.exe</Data><Data Name='IpAddress'>-</Data><Data Name='IpPort'>-</Data></EventData></Event>
<Event xmlns='http://schemas.microsoft.com/win/2004/08/events/event'><System><Provider Name='Microsoft-Windows-Security-Auditing' Guid='{54849625-5478-4994-A5BA-3E3B0328C30D}'/><EventID>4625</EventID><Version>0</Version><Level>0</Level><Task>12544</Task><Opcode>0</Opcode><Keywords>0x8010000000000000</Keywords><TimeCreated SystemTime='2022-09-08T19:03:49.888363300Z'/><EventRecordID>335401</EventRecordID><Correlation ActivityID='{61CE8B0D-C305-0002-148B-CE6105C3D801}'/><Execution ProcessID='644' ThreadID='1808'/><Channel>Security</Channel><Computer>win-host-mvelazco-02713-447.attackrange.local</Computer><Security/></System><EventData><Data Name='SubjectUserSid'>ATTACKRANGE\REED_LARSEN</Data><Data Name='SubjectUserName'>reed_larsen</Data><Data Name='SubjectDomainName'>ATTACKRANGE</Data><Data Name='SubjectLogonId'>0x1360f2</Data><Data Name='TargetUserSid'>NULL SID</Data><Data Name='TargetUserName'>OGACGGCM</Data><Data Name='TargetDomainName'>attackrange.local</Data><Data Name='Status'>0xc000006d</Data><Data Name='FailureReason'>%%2313</Data><Data Name='SubStatus'>0xc0000064</Data><Data Name='LogonType'>2</Data><Data Name='LogonProcessName'>Advapi  </Data><Data Name='AuthenticationPackageName'>MICROSOFT_AUTHENTICATION_PACKAGE_V1_0</Data><Data Name='WorkstationName'>WIN-HOST-MVELAZ</Data><Data Name='TransmittedServices'>-</Data><Data Name='LmPackageName'>-</Data><Data Name='KeyLength'>0</Data><Data Name='ProcessId'>0x1370</Data><Data Name='ProcessName'>C:\Tools\PurpleSharp\PurpleSharp.exe</Data><Data Name='IpAddress'>-</Data><Data Name='IpPort'>-</Data></EventData></Event>
<Event xmlns='http://schemas.microsoft.com/win/2004/08/events/event'><System><Provider Name='Microsoft-Windows-Security-Auditing' Guid='{54849625-5478-4994-A5BA-3E3B0328C30D}'/><EventID>4625</EventID><Version>0</Version><Level>0</Level><Task>12544</Task><Opcode>0</Opcode><Keywords>0x8010000000000000</Keywords><TimeCreated SystemTime='2022-09-08T19:03:49.885965100Z'/><EventRecordID>335400</EventRecordID><Correlation ActivityID='{61CE8B0D-C305-0002-148B-CE6105C3D801}'/><Execution ProcessID='644' ThreadID='1808'/><Channel>Security</Channel><Computer>win-host-mvelazco-02713-447.attackrange.local</Computer><Security/></System><EventData><Data Name='SubjectUserSid'>ATTACKRANGE\REED_LARSEN</Data><Data Name='SubjectUserName'>reed_larsen</Data><Data Name='SubjectDomainName'>ATTACKRANGE</Data><Data Name='SubjectLogonId'>0x1360f2</Data><Data Name='TargetUserSid'>NULL SID</Data><Data Name='TargetUserName'>LMAMHCHF</Data><Data Name='TargetDomainName'>attackrange.local</Data><Data Name='Status'>0xc000006d</Data><Data Name='FailureReason'>%%2313</Data><Data Name='SubStatus'>0xc0000064</Data><Data Name='LogonType'>2</Data><Data Name='LogonProcessName'>Advapi  </Data><Data Name='AuthenticationPackageName'>MICROSOFT_AUTHENTICATION_PACKAGE_V1_0</Data><Data Name='WorkstationName'>WIN-HOST-MVELAZ</Data><Data Name='TransmittedServices'>-</Data><Data Name='LmPackageName'>-</Data><Data Name='KeyLength'>0</Data><Data Name='ProcessId'>0x1370</Data><Data Name='ProcessName'>C:\Tools\PurpleSharp\PurpleSharp.exe</Data><Data Name='IpAddress'>-</Data><Data Name='IpPort'>-</Data></EventData></Event>
<Event xmlns='http://schemas.microsoft.com/win/2004/08/events/event'><System><Provider Name='Microsoft-Windows-Security-Auditing' Guid='{54849625-5478-4994-A5BA-3E3B0328C30D}'/><EventID>4625</EventID><Version>0</Version><Level>0</Level><Task>12544</Task><Opcode>0</Opcode><Keywords>0x8010000000000000</Keywords><TimeCreated SystemTime='2022-09-08T19:03:49.884504100Z'/><EventRecordID>335399</EventRecordID><Correlation ActivityID='{61CE8B0D-C305-0002-148B-CE6105C3D801}'/><Execution ProcessID='644' ThreadID='1808'/><Channel>Security</Channel><Computer>win-host-mvelazco-02713-447.attackrange.local</Computer><Security/></System><EventData><Data Name='SubjectUserSid'>ATTACKRANGE\REED_LARSEN</Data><Data Name='SubjectUserName'>reed_larsen</Data><Data Name='SubjectDomainName'>ATTACKRANGE</Data><Data Name='SubjectLogonId'>0x1360f2</Data><Data Name='TargetUserSid'>NULL SID</Data><Data Name='TargetUserName'>LDKTTUTL</Data><Data Name='TargetDomainName'>attackrange.local</Data><Data Name='Status'>0xc000006d</Data><Data Name='FailureReason'>%%2313</Data><Data Name='SubStatus'>0xc0000064</Data><Data Name='LogonType'>2</Data><Data Name='LogonProcessName'>Advapi  </Data><Data Name='AuthenticationPackageName'>MICROSOFT_AUTHENTICATION_PACKAGE_V1_0</Data><Data Name='WorkstationName'>WIN-HOST-MVELAZ</Data><Data Name='TransmittedServices'>-</Data><Data Name='LmPackageName'>-</Data><Data Name='KeyLength'>0</Data><Data Name='ProcessId'>0x1370</Data><Data Name='ProcessName'>C:\Tools\PurpleSharp\PurpleSharp.exe</Data><Data Name='IpAddress'>-</Data><Data Name='IpPort'>-</Data></EventData></Event>
<Event xmlns='http://schemas.microsoft.com/win/2004/08/events/event'><System><Provider Name='Microsoft-Windows-Security-Auditing' Guid='{54849625-5478-4994-A5BA-3E3B0328C30D}'/><EventID>4625</EventID><Version>0</Version><Level>0</Level><Task>12544</Task><Opcode>0</Opcode><Keywords>0x8010000000000000</Keywords><TimeCreated SystemTime='2022-09-08T19:03:49.882291000Z'/><EventRecordID>335398</EventRecordID><Correlation ActivityID='{61CE8B0D-C305-0002-148B-CE6105C3D801}'/><Execution ProcessID='644' ThreadID='1808'/><Channel>Security</Channel><Computer>win-host-mvelazco-02713-447.attackrange.local</Computer><Security/></System><EventData><Data Name='SubjectUserSid'>ATTACKRANGE\REED_LARSEN</Data><Data Name='SubjectUserName'>reed_larsen</Data><Data Name='SubjectDomainName'>ATTACKRANGE</Data><Data Name='SubjectLogonId'>0x1360f2</Data><Data Name='TargetUserSid'>NULL SID</Data><Data Name='TargetUserName'>RAFNYQZG</Data><Data Name='TargetDomainName'>attackrange.local</Data><Data Name='Status'>0xc000006d</Data><Data Name='FailureReason'>%%2313</Data><Data Name='SubStatus'>0xc0000064</Data><Data Name='LogonType'>2</Data><Data Name='LogonProcessName'>Advapi  </Data><Data Name='AuthenticationPackageName'>MICROSOFT_AUTHENTICATION_PACKAGE_V1_0</Data><Data Name='WorkstationName'>WIN-HOST-MVELAZ</Data><Data Name='TransmittedServices'>-</Data><Data Name='LmPackageName'>-</Data><Data Name='KeyLength'>0</Data><Data Name='ProcessId'>0x1370</Data><Data Name='ProcessName'>C:\Tools\PurpleSharp\PurpleSharp.exe</Data><Data Name='IpAddress'>-</Data><Data Name='IpPort'>-</Data></EventData></Event>
<Event xmlns='http://schemas.microsoft.com/win/2004/08/events/event'><System><Provider Name='Microsoft-Windows-Security-Auditing' Guid='{54849625-5478-4994-A5BA-3E3B0328C30D}'/><EventID>4625</EventID><Version>0</Version><Level>0</Level><Task>12544</Task><Opcode>0</Opcode><Keywords>0x8010000000000000</Keywords><TimeCreated SystemTime='2022-09-08T19:03:49.878271900Z'/><EventRecordID>335397</EventRecordID><Correlation ActivityID='{61CE8B0D-C305-0002-148B-CE6105C3D801}'/><Execution ProcessID='644' ThreadID='1808'/><Channel>Security</Channel><Computer>win-host-mvelazco-02713-447.attackrange.local</Computer><Security/></System><EventData><Data Name='SubjectUserSid'>ATTACKRANGE\REED_LARSEN</Data><Data Name='SubjectUserName'>reed_larsen</Data><Data Name='SubjectDomainName'>ATTACKRANGE</Data><Data Name='SubjectLogonId'>0x1360f2</Data><Data Name='TargetUserSid'>NULL SID</Data><Data Name='TargetUserName'>AACECLCL</Data><Data Name='TargetDomainName'>attackrange.local</Data><Data Name='Status'>0xc000006d</Data><Data Name='FailureReason'>%%2313</Data><Data Name='SubStatus'>0xc0000064</Data><Data Name='LogonType'>2</Data><Data Name='LogonProcessName'>Advapi  </Data><Data Name='AuthenticationPackageName'>MICROSOFT_AUTHENTICATION_PACKAGE_V1_0</Data><Data Name='WorkstationName'>WIN-HOST-MVELAZ</Data><Data Name='TransmittedServices'>-</Data><Data Name='LmPackageName'>-</Data><Data Name='KeyLength'>0</Data><Data Name='ProcessId'>0x1370</Data><Data Name='ProcessName'>C:\Tools\PurpleSharp\PurpleSharp.exe</Data><Data Name='IpAddress'>-</Data><Data Name='IpPort'>-</Data></EventData></Event>
<Event xmlns='http://schemas.microsoft.com/win/2004/08/events/event'><System><Provider Name='Microsoft-Windows-Security-Auditing' Guid='{54849625-5478-4994-A5BA-3E3B0328C30D}'/><EventID>4625</EventID><Version>0</Version><Level>0</Level><Task>12544</Task><Opcode>0</Opcode><Keywords>0x8010000000000000</Keywords><TimeCreated SystemTime='2022-09-08T19:03:49.876638000Z'/><EventRecordID>335396</EventRecordID><Correlation ActivityID='{61CE8B0D-C305-0002-148B-CE6105C3D801}'/><Execution ProcessID='644' ThreadID='1808'/><Channel>Security</Channel><Computer>win-host-mvelazco-02713-447.attackrange.local</Computer><Security/></System><EventData><Data Name='SubjectUserSid'>ATTACKRANGE\REED_LARSEN</Data><Data Name='SubjectUserName'>reed_larsen</Data><Data Name='SubjectDomainName'>ATTACKRANGE</Data><Data Name='SubjectLogonId'>0x1360f2</Data><Data Name='TargetUserSid'>NULL SID</Data><Data Name='TargetUserName'>VFRKKMDG</Data><Data Name='TargetDomainName'>attackrange.local</Data><Data Name='Status'>0xc000006d</Data><Data Name='FailureReason'>%%2313</Data><Data Name='SubStatus'>0xc0000064</Data><Data Name='LogonType'>2</Data><Data Name='LogonProcessName'>Advapi  </Data><Data Name='AuthenticationPackageName'>MICROSOFT_AUTHENTICATION_PACKAGE_V1_0</Data><Data Name='WorkstationName'>WIN-HOST-MVELAZ</Data><Data Name='TransmittedServices'>-</Data><Data Name='LmPackageName'>-</Data><Data Name='KeyLength'>0</Data><Data Name='ProcessId'>0x1370</Data><Data Name='ProcessName'>C:\Tools\PurpleSharp\PurpleSharp.exe</Data><Data Name='IpAddress'>-</Data><Data Name='IpPort'>-</Data></EventData></Event>
<Event xmlns='http://schemas.microsoft.com/win/2004/08/events/event'><System><Provider Name='Microsoft-Windows-Security-Auditing' Guid='{54849625-5478-4994-A5BA-3E3B0328C30D}'/><EventID>4688</EventID><Version>2</Version><Level>0</Level><Task>13312</Task><Opcode>0</Opcode><Keywords>0x8020000000000000</Keywords><TimeCreated SystemTime='2022-09-08T19:03:49.288388800Z'/><EventRecordID>335395</EventRecordID><Correlation/><Execution ProcessID='4' ThreadID='3720'/><Channel>Security</Channel><Computer>win-host-mvelazco-02713-447.attackrange.local</Computer><Security/></System><EventData><Data Name='SubjectUserSid'>ATTACKRANGE\REED_LARSEN</Data><Data Name='SubjectUserName'>reed_larsen</Data><Data Name='SubjectDomainName'>ATTACKRANGE</Data><Data Name='SubjectLogonId'>0x1360f2</Data><Data Name='NewProcessId'>0x1370</Data><Data Name='NewProcessName'>C:\Tools\PurpleSharp\PurpleSharp.exe</Data><Data Name='TokenElevationType'>%%1938</Data><Data Name='ProcessId'>0x314</Data><Data Name='CommandLine'>PurpleSharp.exe  /pb pb.json</Data><Data Name='TargetUserSid'>NULL SID</Data><Data Name='TargetUserName'>-</Data><Data Name='TargetDomainName'>-</Data><Data Name='TargetLogonId'>0x0</Data><Data Name='ParentProcessName'>C:\Windows\System32\cmd.exe</Data><Data Name='MandatoryLabel'>Mandatory Label\Medium Mandatory Level</Data></EventData></Event>
<Event xmlns='http://schemas.microsoft.com/win/2004/08/events/event'><System><Provider Name='Microsoft-Windows-Security-Auditing' Guid='{54849625-5478-4994-A5BA-3E3B0328C30D}'/><EventID>4776</EventID><Version>0</Version><Level>0</Level><Task>14336</Task><Opcode>0</Opcode><Keywords>0x8010000000000000</Keywords><TimeCreated SystemTime='2022-09-08T19:03:50.057600300Z'/><EventRecordID>391615</EventRecordID><Correlation/><Execution ProcessID='644' ThreadID='6100'/><Channel>Security</Channel><Computer>win-dc-mvelazco-02713-392.attackrange.local</Computer><Security/></System><EventData><Data Name='PackageName'>MICROSOFT_AUTHENTICATION_PACKAGE_V1_0</Data><Data Name='TargetUserName'>KSYLEFUA</Data><Data Name='Workstation'>WIN-HOST-MVELAZ</Data><Data Name='Status'>0xc0000064</Data></EventData></Event>
<Event xmlns='http://schemas.microsoft.com/win/2004/08/events/event'><System><Provider Name='Microsoft-Windows-Security-Auditing' Guid='{54849625-5478-4994-A5BA-3E3B0328C30D}'/><EventID>4776</EventID><Version>0</Version><Level>0</Level><Task>14336</Task><Opcode>0</Opcode><Keywords>0x8010000000000000</Keywords><TimeCreated SystemTime='2022-09-08T19:03:50.045861500Z'/><EventRecordID>391614</EventRecordID><Correlation/><Execution ProcessID='644' ThreadID='6100'/><Channel>Security</Channel><Computer>win-dc-mvelazco-02713-392.attackrange.local</Computer><Security/></System><EventData><Data Name='PackageName'>MICROSOFT_AUTHENTICATION_PACKAGE_V1_0</Data><Data Name='TargetUserName'>VJBLEVCZ</Data><Data Name='Workstation'>WIN-HOST-MVELAZ</Data><Data Name='Status'>0xc0000064</Data></EventData></Event>
<Event xmlns='http://schemas.microsoft.com/win/2004/08/events/event'><System><Provider Name='Microsoft-Windows-Security-Auditing' Guid='{54849625-5478-4994-A5BA-3E3B0328C30D}'/><EventID>4776</EventID><Version>0</Version><Level>0</Level><Task>14336</Task><Opcode>0</Opcode><Keywords>0x8010000000000000</Keywords><TimeCreated SystemTime='2022-09-08T19:03:50.038903600Z'/><EventRecordID>391613</EventRecordID><Correlation/><Execution ProcessID='644' ThreadID='6100'/><Channel>Security</Channel><Computer>win-dc-mvelazco-02713-392.attackrange.local</Computer><Security/></System><EventData><Data Name='PackageName'>MICROSOFT_AUTHENTICATION_PACKAGE_V1_0</Data><Data Name='TargetUserName'>DAHLZCLL</Data><Data Name='Workstation'>WIN-HOST-MVELAZ</Data><Data Name='Status'>0xc0000064</Data></EventData></Event>
