<Event xmlns='http://schemas.microsoft.com/win/2004/08/events/event'><System><Provider Name='Microsoft-Windows-Security-Auditing' Guid='{54849625-5478-4994-A5BA-3E3B0328C30D}'/><EventID>4776</EventID><Version>0</Version><Level>0</Level><Task>14336</Task><Opcode>0</Opcode><Keywords>0x8010000000000000</Keywords><TimeCreated SystemTime='2022-09-08T19:03:50.035790600Z'/><EventRecordID>391612</EventRecordID><Correlation/><Execution ProcessID='644' ThreadID='6100'/><Channel>Security</Channel><Computer>win-dc-mvelazco-02713-392.attackrange.local</Computer><Security/></System><EventData><Data Name='PackageName'>MICROSOFT_AUTHENTICATION_PACKAGE_V1_0</Data><Data Name='TargetUserName'>EMRURUMJ</Data><Data Name='Workstation'>WIN-HOST-MVELAZ</Data><Data Name='Status'>0xc0000064</Data></EventData></Event>
<Event xmlns='http://schemas.microsoft.com/win/2004/08/events/event'><System><Provider Name='Microsoft-Windows-Security-Auditing' Guid='{54849625-5478-4994-A5BA-3E3B0328C30D}'/><EventID>4776</EventID><Version>0</Version><Level>0</Level><Task>14336</Task><Opcode>0</Opcode><Keywords>0x8010000000000000</Keywords><TimeCreated SystemTime='2022-09-08T19:03:50.027549100Z'/><EventRecordID>391611</EventRecordID><Correlation/><Execution ProcessID='644' ThreadID='6100'/><Channel>Security</Channel><Computer>win-dc-mvelazco-02713-392.attackrange.local</Computer><Security/></System><EventData><Data Name='PackageName'>MICROSOFT_AUTHENTICATION_PACKAGE_V1_0</Data><Data Name='TargetUserName'>WIEAJWCM</Data><Data Name='Workstation'>WIN-HOST-MVELAZ</Data><Data Name='Status'>0xc0000064</Data></EventData></Event>
<Event xmlns='http://schemas.microsoft.com/win/2004/08/events/event'><System><Provider Name='Microsoft-Windows-Security-Auditing' Guid='{54849625-5478-4994-A5BA-3E3B0328C30D}'/><EventID>4776</EventID><Version>0</Version><Level>0</Level><Task>14336</Task><Opcode>0</Opcode><Keywords>0x8010000000000000</Keywords><TimeCreated SystemTime='2022-09-08T19:03:50.024290700Z'/><EventRecordID>391610</EventRecordID><Correlation/><Execution ProcessID='644' ThreadID='6100'/><Channel>Security</Channel><Computer>win-dc-mvelazco-02713-392.attackrange.local</Computer><Security/></System><EventData><Data Name='PackageName'>MICROSOFT_AUTHENTICATION_PACKAGE_V1_0</Data><Data Name='TargetUserName'>KZAVHCJV</Data><Data Name='Workstation'>WIN-HOST-MVELAZ</Data><Data Name='Status'>0xc0000064</Data></EventData></Event>
<Event xmlns='http://schemas.microsoft.com/win/2004/08/events/event'><System><Provider Name='Microsoft-Windows-Security-Auditing' Guid='{54849625-5478-4994-A5BA-3E3B0328C30D}'/><EventID>4776</EventID><Version>0</Version><Level>0</Level><Task>14336</Task><Opcode>0</Opcode><Keywords>0x8010000000000000</Keywords><TimeCreated SystemTime='2022-09-08T19:03:50.019662600Z'/><EventRecordID>391609</EventRecordID><Correlation/><Execution ProcessID='644' ThreadID='6100'/><Channel>Security</Channel><Computer>win-dc-mvelazco-02713-392.attackrange.local</Computer><Security/></System><EventData><Data Name='PackageName'>MICROSOFT_AUTHENTICATION_PACKAGE_V1_0</Data><Data Name='TargetUserName'>WMOBRKDP</Data><Data Name='Workstation'>WIN-HOST-MVELAZ</Data><Data Name='Status'>0xc0000064</Data></EventData></Event>
<Event xmlns='http://schemas.microsoft.com/win/2004/08/events/event'><System><Provider Name='Microsoft-Windows-Security-Auditing' Guid='{54849625-5478-4994-A5BA-3E3B0328C30D}'/><EventID>4776</EventID><Version>0</Version><Level>0</Level><Task>14336</Task><Opcode>0</Opcode><Keywords>0x8010000000000000</Keywords><TimeCreated SystemTime='2022-09-08T19:03:50.012537100Z'/><EventRecordID>391608</EventRecordID><Correlation/><Execution ProcessID='644' ThreadID='6100'/><Channel>Security</Channel><Computer>win-dc-mvelazco-02713-392.attackrange.local</Computer><Security/></System><EventData><Data Name='PackageName'>MICROSOFT_AUTHENTICATION_PACKAGE_V1_0</Data><Data Name='TargetUserName'>BTNUUJFE</Data><Data Name='Workstation'>WIN-HOST-MVELAZ</Data><Data Name='Status'>0xc0000064</Data></EventData></Event>
<Event xmlns='http://schemas.microsoft.com/win/2004/08/events/event'><System><Provider Name='Microsoft-Windows-Security-Auditing' Guid='{54849625-5478-4994-A5BA-3E3B0328C30D}'/><EventID>4776</EventID><Version>0</Version><Level>0</Level><Task>14336</Task><Opcode>0</Opcode><Keywords>0x8010000000000000</Keywords><TimeCreated SystemTime='2022-09-08T19:03:50.009549400Z'/><EventRecordID>391607</EventRecordID><Correlation/><Execution ProcessID='644' ThreadID='6100'/><Channel>Security</Channel><Computer>win-dc-mvelazco-02713-392.attackrange.local</Computer><Security/></System><EventData><Data Name='PackageName'>MICROSOFT_AUTHENTICATION_PACKAGE_V1_0</Data><Data Name='TargetUserName'>WYYLKERJ</Data><Data Name='Workstation'>WIN-HOST-MVELAZ</Data><Data Name='Status'>0xc0000064</Data></EventData></Event>
<Event xmlns='http://schemas.microsoft.com/win/2004/08/events/event'><System><Provider Name='Microsoft-Windows-Security-Auditing' Guid='{54849625-5478-4994-A5BA-3E3B0328C30D}'/><EventID>4776</EventID><Version>0</Version><Level>0</Level><Task>14336</Task><Opcode>0</Opcode><Keywords>0x8010000000000000</Keywords><TimeCreated SystemTime='2022-09-08T19:03:50.007594000Z'/><EventRecordID>391606</EventRecordID><Correlation/><Execution ProcessID='644' ThreadID='6100'/><Channel>Security</Channel><Computer>win-dc-mvelazco-02713-392.attackrange.local</Computer><Security/></System><EventData><Data Name='PackageName'>MICROSOFT_AUTHENTICATION_PACKAGE_V1_0</Data><Data Name='TargetUserName'>SJEEYNDC</Data><Data Name='Workstation'>WIN-HOST-MVELAZ</Data><Data Name='Status'>0xc0000064</Data></EventData></Event>
<Event xmlns='http://schemas.microsoft.com/win/2004/08/events/event'><System><Provider Name='Microsoft-Windows-Security-Auditing' Guid='{54849625-5478-4994-A5BA-3E3B0328C30D}'/><EventID>4776</EventID><Version>0</Version><Level>0</Level><Task>14336</Task><Opcode>0</Opcode><Keywords>0x8010000000000000</Keywords><TimeCreated SystemTime='2022-09-08T19:03:50.005081500Z'/><EventRecordID>391605</EventRecordID><Correlation/><Execution ProcessID='644' ThreadID='6100'/><Channel>Security</Channel><Computer>win-dc-mvelazco-02713-392.attackrange.local</Computer><Security/></System><EventData><Data Name='PackageName'>MICROSOFT_AUTHENTICATION_PACKAGE_V1_0</Data><Data Name='TargetUserName'>RVWSOEPH</Data><Data Name='Workstation'>WIN-HOST-MVELAZ</Data><Data Name='Status'>0xc0000064</Data></EventData></Event>
<Event xmlns='http://schemas.microsoft.com/win/2004/08/events/event'><System><Provider Name='Microsoft-Windows-Security-Auditing' Guid='{54849625-5478-4994-A5BA-3E3B0328C30D}'/><EventID>4625</EventID><Version>0</Version><Level>0</Level><Task>12544</Task><Opcode>0</Opcode><Keywords>0x8010000000000000</Keywords><TimeCreated SystemTime='2022-09-08T19:03:50.057872900Z'/><EventRecordID>335445</EventRecordID><Correlation ActivityID='{61CE8B0D-C305-0002-148B-CE6105C3D801}'/><Execution ProcessID='644' ThreadID='2476'/><Channel>Security</Channel><Computer>win-host-mvelazco-02713-447.attackrange.local</Computer><Security/></System><EventData><Data Name='SubjectUserSid'>ATTACKRANGE\REED_LARSEN</Data><Data Name='SubjectUserName'>reed_larsen</Data><Data Name='SubjectDomainName'>ATTACKRANGE</Data><Data Name='SubjectLogonId'>0x1360f2</Data><Data Name='TargetUserSid'>NULL SID</Data><Data Name='TargetUserName'>KSYLEFUA</Data><Data Name='TargetDomainName'>attackrange.local</Data><Data Name='Status'>0xc000006d</Data><Data Name='FailureReason'>%%2313</Data><Data Name='SubStatus'>0xc0000064</Data><Data Name='LogonType'>2</Data><Data Name='LogonProcessName'>Advapi  </Data><Data Name='AuthenticationPackageName'>MICROSOFT_AUTHENTICATION_PACKAGE_V1_0</Data><Data Name='WorkstationName'>WIN-HOST-MVELAZ</Data><Data Name='TransmittedServices'>-</Data><Data Name='LmPackageName'>-</Data><Data Name='KeyLength'>0</Data><Data Name='ProcessId'>0x1370</Data><Data Name='ProcessName'>C:\Tools\PurpleSharp\PurpleSharp.exe</Data><Data Name='IpAddress'>-</Data><Data Name='IpPort'>-</Data></EventData></Event>
<Event xmlns='http://schemas.microsoft.com/win/2004/08/events/event'><System><Provider Name='Microsoft-Windows-Security-Auditing' Guid='{54849625-5478-4994-A5BA-3E3B0328C30D}'/><EventID>4625</EventID><Version>0</Version><Level>0</Level><Task>12544</Task><Opcode>0</Opcode><Keywords>0x8010000000000000</Keywords><TimeCreated SystemTime='2022-09-08T19:03:50.046189400Z'/><EventRecordID>335444</EventRecordID><Correlation ActivityID='{61CE8B0D-C305-0002-148B-CE6105C3D801}'/><Execution ProcessID='644' ThreadID='2476'/><Channel>Security</Channel><Computer>win-host-mvelazco-02713-447.attackrange.local</Computer><Security/></System><EventData><Data Name='SubjectUserSid'>ATTACKRANGE\REED_LARSEN</Data><Data Name='SubjectUserName'>reed_larsen</Data><Data Name='SubjectDomainName'>ATTACKRANGE</Data><Data Name='SubjectLogonId'>0x1360f2</Data><Data Name='TargetUserSid'>NULL SID</Data><Data Name='TargetUserName'>VJBLEVCZ</Data><Data Name='TargetDomainName'>attackrange.local</Data><Data Name='Status'>0xc000006d</Data><Data Name='FailureReason'>%%2313</Data><Data Name='SubStatus'>0xc0000064</Data><Data Name='LogonType'>2</Data><Data Name='LogonProcessName'>Advapi  </Data><Data Name='AuthenticationPackageName'>MICROSOFT_AUTHENTICATION_PACKAGE_V1_0</Data><Data Name='WorkstationName'>WIN-HOST-MVELAZ</Data><Data Name='TransmittedServices'>-</Data><Data Name='LmPackageName'>-</Data><Data Name='KeyLength'>0</Data><Data Name='ProcessId'>0x1370</Data><Data Name='ProcessName'>C:\Tools\PurpleSharp\PurpleSharp.exe</Data><Data Name='IpAddress'>-</Data><Data Name='IpPort'>-</Data></EventData></Event>
<Event xmlns='http://schemas.microsoft.com/win/2004/08/events/event'><System><Provider Name='Microsoft-Windows-Security-Auditing' Guid='{54849625-5478-4994-A5BA-3E3B0328C30D}'/><EventID>4625</EventID><Version>0</Version><Level>0</Level><Task>12544</Task><Opcode>0</Opcode><Keywords>0x8010000000000000</Keywords><TimeCreated SystemTime='2022-09-08T19:03:50.042953900Z'/><EventRecordID>335443</EventRecordID><Correlation ActivityID='{61CE8B0D-C305-0002-148B-CE6105C3D801}'/><Execution ProcessID='644' ThreadID='2476'/><Channel>Security</Channel><Computer>win-host-mvelazco-02713-447.attackrange.local</Computer><Security/></System><EventData><Data Name='SubjectUserSid'>ATTACKRANGE\REED_LARSEN</Data><Data Name='SubjectUserName'>reed_larsen</Data><Data Name='SubjectDomainName'>ATTACKRANGE</Data><Data Name='SubjectLogonId'>0x1360f2</Data><Data Name='TargetUserSid'>NULL SID</Data><Data Name='TargetUserName'>DAHLZCLL</Data><Data Name='TargetDomainName'>attackrange.local</Data><Data Name='Status'>0xc000006d</Data><Data Name='FailureReason'>%%2313</Data><Data Name='SubStatus'>0xc0000064</Data><Data Name='LogonType'>2</Data><Data Name='LogonProcessName'>Advapi  </Data><Data Name='AuthenticationPackageName'>MICROSOFT_AUTHENTICATION_PACKAGE_V1_0</Data><Data Name='WorkstationName'>WIN-HOST-MVELAZ</Data><Data Name='TransmittedServices'>-</Data><Data Name='LmPackageName'>-</Data><Data Name='KeyLength'>0</Data><Data Name='ProcessId'>0x1370</Data><Data Name='ProcessName'>C:\Tools\PurpleSharp\PurpleSharp.exe</Data><Data Name='IpAddress'>-</Data><Data Name='IpPort'>-</Data></EventData></Event>
<Event xmlns='http://schemas.microsoft.com/win/2004/08/events/event'><System><Provider Name='Microsoft-Windows-Security-Auditing' Guid='{54849625-5478-4994-A5BA-3E3B0328C30D}'/><EventID>4625</EventID><Version>0</Version><Level>0</Level><Task>12544</Task><Opcode>0</Opcode><Keywords>0x8010000000000000</Keywords><TimeCreated SystemTime='2022-09-08T19:03:50.035077300Z'/><EventRecordID>335442</EventRecordID><Correlation ActivityID='{61CE8B0D-C305-0002-148B-CE6105C3D801}'/><Execution ProcessID='644' ThreadID='1808'/><Channel>Security</Channel><Computer>win-host-mvelazco-02713-447.attackrange.local</Computer><Security/></System><EventData><Data Name='SubjectUserSid'>ATTACKRANGE\REED_LARSEN</Data><Data Name='SubjectUserName'>reed_larsen</Data><Data Name='SubjectDomainName'>ATTACKRANGE</Data><Data Name='SubjectLogonId'>0x1360f2</Data><Data Name='TargetUserSid'>NULL SID</Data><Data Name='TargetUserName'>EMRURUMJ</Data><Data Name='TargetDomainName'>attackrange.local</Data><Data Name='Status'>0xc000006d</Data><Data Name='FailureReason'>%%2313</Data><Data Name='SubStatus'>0xc0000064</Data><Data Name='LogonType'>2</Data><Data Name='LogonProcessName'>Advapi  </Data><Data Name='AuthenticationPackageName'>MICROSOFT_AUTHENTICATION_PACKAGE_V1_0</Data><Data Name='WorkstationName'>WIN-HOST-MVELAZ</Data><Data Name='TransmittedServices'>-</Data><Data Name='LmPackageName'>-</Data><Data Name='KeyLength'>0</Data><Data Name='ProcessId'>0x1370</Data><Data Name='ProcessName'>C:\Tools\PurpleSharp\PurpleSharp.exe</Data><Data Name='IpAddress'>-</Data><Data Name='IpPort'>-</Data></EventData></Event>
<Event xmlns='http://schemas.microsoft.com/win/2004/08/events/event'><System><Provider Name='Microsoft-Windows-Security-Auditing' Guid='{54849625-5478-4994-A5BA-3E3B0328C30D}'/><EventID>4625</EventID><Version>0</Version><Level>0</Level><Task>12544</Task><Opcode>0</Opcode><Keywords>0x8010000000000000</Keywords><TimeCreated SystemTime='2022-09-08T19:03:50.028181600Z'/><EventRecordID>335441</EventRecordID><Correlation ActivityID='{61CE8B0D-C305-0002-148B-CE6105C3D801}'/><Execution ProcessID='644' ThreadID='1808'/><Channel>Security</Channel><Computer>win-host-mvelazco-02713-447.attackrange.local</Computer><Security/></System><EventData><Data Name='SubjectUserSid'>ATTACKRANGE\REED_LARSEN</Data><Data Name='SubjectUserName'>reed_larsen</Data><Data Name='SubjectDomainName'>ATTACKRANGE</Data><Data Name='SubjectLogonId'>0x1360f2</Data><Data Name='TargetUserSid'>NULL SID</Data><Data Name='TargetUserName'>WIEAJWCM</Data><Data Name='TargetDomainName'>attackrange.local</Data><Data Name='Status'>0xc000006d</Data><Data Name='FailureReason'>%%2313</Data><Data Name='SubStatus'>0xc0000064</Data><Data Name='LogonType'>2</Data><Data Name='LogonProcessName'>Advapi  </Data><Data Name='AuthenticationPackageName'>MICROSOFT_AUTHENTICATION_PACKAGE_V1_0</Data><Data Name='WorkstationName'>WIN-HOST-MVELAZ</Data><Data Name='TransmittedServices'>-</Data><Data Name='LmPackageName'>-</Data><Data Name='KeyLength'>0</Data><Data Name='ProcessId'>0x1370</Data><Data Name='ProcessName'>C:\Tools\PurpleSharp\PurpleSharp.exe</Data><Data Name='IpAddress'>-</Data><Data Name='IpPort'>-</Data></EventData></Event>
<Event xmlns='http://schemas.microsoft.com/win/2004/08/events/event'><System><Provider Name='Microsoft-Windows-Security-Auditing' Guid='{54849625-5478-4994-A5BA-3E3B0328C30D}'/><EventID>4625</EventID><Version>0</Version><Level>0</Level><Task>12544</Task><Opcode>0</Opcode><Keywords>0x8010000000000000</Keywords><TimeCreated SystemTime='2022-09-08T19:03:50.023369100Z'/><EventRecordID>335440</EventRecordID><Correlation ActivityID='{61CE8B0D-C305-0002-148B-CE6105C3D801}'/><Execution ProcessID='644' ThreadID='1808'/><Channel>Security</Channel><Computer>win-host-mvelazco-02713-447.attackrange.local</Computer><Security/></System><EventData><Data Name='SubjectUserSid'>ATTACKRANGE\REED_LARSEN</Data><Data Name='SubjectUserName'>reed_larsen</Data><Data Name='SubjectDomainName'>ATTACKRANGE</Data><Data Name='SubjectLogonId'>0x1360f2</Data><Data Name='TargetUserSid'>NULL SID</Data><Data Name='TargetUserName'>KZAVHCJV</Data><Data Name='TargetDomainName'>attackrange.local</Data><Data Name='Status'>0xc000006d</Data><Data Name='FailureReason'>%%2313</Data><Data Name='SubStatus'>0xc0000064</Data><Data Name='LogonType'>2</Data><Data Name='LogonProcessName'>Advapi  </Data><Data Name='AuthenticationPackageName'>MICROSOFT_AUTHENTICATION_PACKAGE_V1_0</Data><Data Name='WorkstationName'>WIN-HOST-MVELAZ</Data><Data Name='TransmittedServices'>-</Data><Data Name='LmPackageName'>-</Data><Data Name='KeyLength'>0</Data><Data Name='ProcessId'>0x1370</Data><Data Name='ProcessName'>C:\Tools\PurpleSharp\PurpleSharp.exe</Data><Data Name='IpAddress'>-</Data><Data Name='IpPort'>-</Data></EventData></Event>
<Event xmlns='http://schemas.microsoft.com/win/2004/08/events/event'><System><Provider Name='Microsoft-Windows-Security-Auditing' Guid='{54849625-5478-4994-A5BA-3E3B0328C30D}'/><EventID>4625</EventID><Version>0</Version><Level>0</Level><Task>12544</Task><Opcode>0</Opcode><Keywords>0x8010000000000000</Keywords><TimeCreated SystemTime='2022-09-08T19:03:50.019877300Z'/><EventRecordID>335439</EventRecordID><Correlation ActivityID='{61CE8B0D-C305-0002-148B-CE6105C3D801}'/><Execution ProcessID='644' ThreadID='1808'/><Channel>Security</Channel><Computer>win-host-mvelazco-02713-447.attackrange.local</Computer><Security/></System><EventData><Data Name='SubjectUserSid'>ATTACKRANGE\REED_LARSEN</Data><Data Name='SubjectUserName'>reed_larsen</Data><Data Name='SubjectDomainName'>ATTACKRANGE</Data><Data Name='SubjectLogonId'>0x1360f2</Data><Data Name='TargetUserSid'>NULL SID</Data><Data Name='TargetUserName'>WMOBRKDP</Data><Data Name='TargetDomainName'>attackrange.local</Data><Data Name='Status'>0xc000006d</Data><Data Name='FailureReason'>%%2313</Data><Data Name='SubStatus'>0xc0000064</Data><Data Name='LogonType'>2</Data><Data Name='LogonProcessName'>Advapi  </Data><Data Name='AuthenticationPackageName'>MICROSOFT_AUTHENTICATION_PACKAGE_V1_0</Data><Data Name='WorkstationName'>WIN-HOST-MVELAZ</Data><Data Name='TransmittedServices'>-</Data><Data Name='LmPackageName'>-</Data><Data Name='KeyLength'>0</Data><Data Name='ProcessId'>0x1370</Data><Data Name='ProcessName'>C:\Tools\PurpleSharp\PurpleSharp.exe</Data><Data Name='IpAddress'>-</Data><Data Name='IpPort'>-</Data></EventData></Event>
<Event xmlns='http://schemas.microsoft.com/win/2004/08/events/event'><System><Provider Name='Microsoft-Windows-Security-Auditing' Guid='{54849625-5478-4994-A5BA-3E3B0328C30D}'/><EventID>4625</EventID><Version>0</Version><Level>0</Level><Task>12544</Task><Opcode>0</Opcode><Keywords>0x8010000000000000</Keywords><TimeCreated SystemTime='2022-09-08T19:03:50.014405800Z'/><EventRecordID>335438</EventRecordID><Correlation ActivityID='{61CE8B0D-C305-0002-148B-CE6105C3D801}'/><Execution ProcessID='644' ThreadID='2476'/><Channel>Security</Channel><Computer>win-host-mvelazco-02713-447.attackrange.local</Computer><Security/></System><EventData><Data Name='SubjectUserSid'>ATTACKRANGE\REED_LARSEN</Data><Data Name='SubjectUserName'>reed_larsen</Data><Data Name='SubjectDomainName'>ATTACKRANGE</Data><Data Name='SubjectLogonId'>0x1360f2</Data><Data Name='TargetUserSid'>NULL SID</Data><Data Name='TargetUserName'>BTNUUJFE</Data><Data Name='TargetDomainName'>attackrange.local</Data><Data Name='Status'>0xc000006d</Data><Data Name='FailureReason'>%%2313</Data><Data Name='SubStatus'>0xc0000064</Data><Data Name='LogonType'>2</Data><Data Name='LogonProcessName'>Advapi  </Data><Data Name='AuthenticationPackageName'>MICROSOFT_AUTHENTICATION_PACKAGE_V1_0</Data><Data Name='WorkstationName'>WIN-HOST-MVELAZ</Data><Data Name='TransmittedServices'>-</Data><Data Name='LmPackageName'>-</Data><Data Name='KeyLength'>0</Data><Data Name='ProcessId'>0x1370</Data><Data Name='ProcessName'>C:\Tools\PurpleSharp\PurpleSharp.exe</Data><Data Name='IpAddress'>-</Data><Data Name='IpPort'>-</Data></EventData></Event>
<Event xmlns='http://schemas.microsoft.com/win/2004/08/events/event'><System><Provider Name='Microsoft-Windows-Security-Auditing' Guid='{54849625-5478-4994-A5BA-3E3B0328C30D}'/><EventID>4625</EventID><Version>0</Version><Level>0</Level><Task>12544</Task><Opcode>0</Opcode><Keywords>0x8010000000000000</Keywords><TimeCreated SystemTime='2022-09-08T19:03:50.008967500Z'/><EventRecordID>335437</EventRecordID><Correlation ActivityID='{61CE8B0D-C305-0002-148B-CE6105C3D801}'/><Execution ProcessID='644' ThreadID='2476'/><Channel>Security</Channel><Computer>win-host-mvelazco-02713-447.attackrange.local</Computer><Security/></System><EventData><Data Name='SubjectUserSid'>ATTACKRANGE\REED_LARSEN</Data><Data Name='SubjectUserName'>reed_larsen</Data><Data Name='SubjectDomainName'>ATTACKRANGE</Data><Data Name='SubjectLogonId'>0x1360f2</Data><Data Name='TargetUserSid'>NULL SID</Data><Data Name='TargetUserName'>WYYLKERJ</Data><Data Name='TargetDomainName'>attackrange.local</Data><Data Name='Status'>0xc000006d</Data><Data Name='FailureReason'>%%2313</Data><Data Name='SubStatus'>0xc0000064</Data><Data Name='LogonType'>2</Data><Data Name='LogonProcessName'>Advapi  </Data><Data Name='AuthenticationPackageName'>MICROSOFT_AUTHENTICATION_PACKAGE_V1_0</Data><Data Name='WorkstationName'>WIN-HOST-MVELAZ</Data><Data Name='TransmittedServices'>-</Data><Data Name='LmPackageName'>-</Data><Data Name='KeyLength'>0</Data><Data Name='ProcessId'>0x1370</Data><Data Name='ProcessName'>C:\Tools\PurpleSharp\PurpleSharp.exe</Data><Data Name='IpAddress'>-</Data><Data Name='IpPort'>-</Data></EventData></Event>
<Event xmlns='http://schemas.microsoft.com/win/2004/08/events/event'><System><Provider Name='Microsoft-Windows-Security-Auditing' Guid='{54849625-5478-4994-A5BA-3E3B0328C30D}'/><EventID>4625</EventID><Version>0</Version><Level>0</Level><Task>12544</Task><Opcode>0</Opcode><Keywords>0x8010000000000000</Keywords><TimeCreated SystemTime='2022-09-08T19:03:50.006742500Z'/><EventRecordID>335436</EventRecordID><Correlation ActivityID='{61CE8B0D-C305-0002-148B-CE6105C3D801}'/><Execution ProcessID='644' ThreadID='2476'/><Channel>Security</Channel><Computer>win-host-mvelazco-02713-447.attackrange.local</Computer><Security/></System><EventData><Data Name='SubjectUserSid'>ATTACKRANGE\REED_LARSEN</Data><Data Name='SubjectUserName'>reed_larsen</Data><Data Name='SubjectDomainName'>ATTACKRANGE</Data><Data Name='SubjectLogonId'>0x1360f2</Data><Data Name='TargetUserSid'>NULL SID</Data><Data Name='TargetUserName'>SJEEYNDC</Data><Data Name='TargetDomainName'>attackrange.local</Data><Data Name='Status'>0xc000006d</Data><Data Name='FailureReason'>%%2313</Data><Data Name='SubStatus'>0xc0000064</Data><Data Name='LogonType'>2</Data><Data Name='LogonProcessName'>Advapi  </Data><Data Name='AuthenticationPackageName'>MICROSOFT_AUTHENTICATION_PACKAGE_V1_0</Data><Data Name='WorkstationName'>WIN-HOST-MVELAZ</Data><Data Name='TransmittedServices'>-</Data><Data Name='LmPackageName'>-</Data><Data Name='KeyLength'>0</Data><Data Name='ProcessId'>0x1370</Data><Data Name='ProcessName'>C:\Tools\PurpleSharp\PurpleSharp.exe</Data><Data Name='IpAddress'>-</Data><Data Name='IpPort'>-</Data></EventData></Event>
<Event xmlns='http://schemas.microsoft.com/win/2004/08/events/event'><System><Provider Name='Microsoft-Windows-Security-Auditing' Guid='{54849625-5478-4994-A5BA-3E3B0328C30D}'/><EventID>4625</EventID><Version>0</Version><Level>0</Level><Task>12544</Task><Opcode>0</Opcode><Keywords>0x8010000000000000</Keywords><TimeCreated SystemTime='2022-09-08T19:03:50.004089500Z'/><EventRecordID>335435</EventRecordID><Correlation ActivityID='{61CE8B0D-C305-0002-148B-CE6105C3D801}'/><Execution ProcessID='644' ThreadID='2476'/><Channel>Security</Channel><Computer>win-host-mvelazco-02713-447.attackrange.local</Computer><Security/></System><EventData><Data Name='SubjectUserSid'>ATTACKRANGE\REED_LARSEN</Data><Data Name='SubjectUserName'>reed_larsen</Data><Data Name='SubjectDomainName'>ATTACKRANGE</Data><Data Name='SubjectLogonId'>0x1360f2</Data><Data Name='TargetUserSid'>NULL SID</Data><Data Name='TargetUserName'>RVWSOEPH</Data><Data Name='TargetDomainName'>attackrange.local</Data><Data Name='Status'>0xc000006d</Data><Data Name='FailureReason'>%%2313</Data><Data Name='SubStatus'>0xc0000064</Data><Data Name='LogonType'>2</Data><Data Name='LogonProcessName'>Advapi  </Data><Data Name='AuthenticationPackageName'>MICROSOFT_AUTHENTICATION_PACKAGE_V1_0</Data><Data Name='WorkstationName'>WIN-HOST-MVELAZ</Data><Data Name='TransmittedServices'>-</Data><Data Name='LmPackageName'>-</Data><Data Name='KeyLength'>0</Data><Data Name='ProcessId'>0x1370</Data><Data Name='ProcessName'>C:\Tools\PurpleSharp\PurpleSharp.exe</Data><Data Name='IpAddress'>-</Data><Data Name='IpPort'>-</Data></EventData></Event>
<Event xmlns='http://schemas.microsoft.com/win/2004/08/events/event'><System><Provider Name='Microsoft-Windows-Security-Auditing' Guid='{54849625-5478-4994-A5BA-3E3B0328C30D}'/><EventID>4688</EventID><Version>2</Version><Level>0</Level><Task>13312</Task><Opcode>0</Opcode><Keywords>0x8020000000000000</Keywords><TimeCreated SystemTime='2022-09-08T19:03:55.904932300Z'/><EventRecordID>335446</EventRecordID><Correlation/><Execution ProcessID='4' ThreadID='4256'/><Channel>Security</Channel><Computer>win-host-mvelazco-02713-447.attackrange.local</Computer><Security/></System><EventData><Data Name='SubjectUserSid'>NT AUTHORITY\SYSTEM</Data><Data Name='SubjectUserName'>WIN-HOST-MVELAZ$</Data><Data Name='SubjectDomainName'>ATTACKRANGE</Data><Data Name='SubjectLogonId'>0x3e7</Data><Data Name='NewProcessId'>0x165c</Data><Data Name='NewProcessName'>C:\Program Files\SplunkUniversalForwarder\bin\splunk-winprintmon.exe</Data><Data Name='TokenElevationType'>%%1936</Data><Data Name='ProcessId'>0x7d4</Data><Data Name='CommandLine'>"C:\Program Files\SplunkUniversalForwarder\bin\splunk-winprintmon.exe"</Data><Data Name='TargetUserSid'>NULL SID</Data><Data Name='TargetUserName'>-</Data><Data Name='TargetDomainName'>-</Data><Data Name='TargetLogonId'>0x0</Data><Data Name='ParentProcessName'>C:\Program Files\SplunkUniversalForwarder\bin\splunkd.exe</Data><Data Name='MandatoryLabel'>Mandatory Label\System Mandatory Level</Data></EventData></Event>
